{
    "time": "2025-07-20 19:22:43",
    "recipients": "0383884844",
    "message": "Dear Test  Test, your payment of \u20b5100.00 for Online Test has been received by Freeman Methodist Church - KM. Thank you.",
    "processed_message": "Dear Test  Test, your payment of \u20b5100.00 for Online Test has been received by Freeman Methodist Church - KM. Thank you.",
    "template_data": {
        "member_name": "Test  Test",
        "amount": 100,
        "description": "Online Test",
        "date": "2025-07-20"
    },
    "sender": null,
    "provider": "arkesel",
    "status": "fail",
    "result": {
        "status": "error",
        "message": "HTTP Error: 422",
        "http_code": 422,
        "debug": {
            "time": "2025-07-20 19:22:43",
            "url": "https:\/\/sms.arkesel.com\/api\/v2\/sms\/send",
            "payload": {
                "sender": "MyFreeman",
                "message": "Dear Test  Test, your payment of \u20b5100.00 for Online Test has been received by Freeman Methodist Church - KM. Thank you.",
                "recipients": [
                    "233383884844"
                ]
            },
            "request_headers": [
                "api-key: cHZtY1B3SW5sZ05iUEJOVmZ1QXA",
                "Content-Type: application\/json",
                "Accept: application\/json"
            ],
            "http_status": 422,
            "response_headers": "HTTP\/1.1 422 Unprocessable Content\r\nServer: nginx\r\nContent-Type: application\/json\r\nTransfer-Encoding: chunked\r\nConnection: keep-alive\r\nCache-Control: no-cache, private\r\nDate: Sun, 20 Jul 2025 19:22:43 GMT\r\nX-RateLimit-Limit: 1500\r\nX-RateLimit-Remaining: 1498\r\nAccess-Control-Allow-Origin: *\r\nSet-Cookie: arkesel_sms_messenger_session=9p4ZQwZ9OxhA6AdXkHqMIyL8KPRWMKR0jVQh0qGL; expires=Sun, 20-Jul-2025 21:22:43 GMT; Max-Age=7200; path=\/; secure; httponly; samesite=lax\r\nX-Frame-Options: SAMEORIGIN\r\n\r\n",
            "response_body": "{\"message\":\"No valid number in recipients!\",\"status\":\"error\"}",
            "curl_error": "",
            "curl_info": {
                "total_time": 0.2713010000000000143671741170692257583141326904296875,
                "connect_time": 0.04219699999999999839861430928067420609295368194580078125,
                "namelookup_time": 2.099999999999999883795211153003634763081208802759647369384765625e-5,
                "pretransfer_time": 0.10977699999999999957989160748184076510369777679443359375,
                "starttransfer_time": 0.271278999999999992365218304257723502814769744873046875,
                "redirect_time": 0,
                "redirect_count": 0,
                "size_upload": 189,
                "size_download": 61,
                "speed_download": 225,
                "speed_upload": 697,
                "download_content_length": -1,
                "upload_content_length": 189,
                "content_type": "application\/json"
            },
            "verbose_log": "* Hostname sms.arkesel.com was found in DNS cache\n*   Trying 66.175.211.30...\n* TCP_NODELAY set\n* Connected to sms.arkesel.com (66.175.211.30) port 443 (#0)\n* ALPN, offering http\/1.1\n* successfully set certificate verify locations:\n*   CAfile: \/etc\/pki\/tls\/certs\/ca-bundle.crt\n  CApath: none\n* SSL connection using TLSv1.3 \/ TLS_AES_256_GCM_SHA384\n* ALPN, server accepted to use http\/1.1\n* Server certificate:\n*  subject: CN=sms.arkesel.com\n*  start date: Jun  4 06:14:43 2025 GMT\n*  expire date: Sep  2 06:14:42 2025 GMT\n*  subjectAltName: host \"sms.arkesel.com\" matched cert's \"sms.arkesel.com\"\n*  issuer: C=US; O=Let's Encrypt; CN=E6\n*  SSL certificate verify ok.\n> POST \/api\/v2\/sms\/send HTTP\/1.1\r\nHost: sms.arkesel.com\r\napi-key: cHZtY1B3SW5sZ05iUEJOVmZ1QXA\r\nContent-Type: application\/json\r\nAccept: application\/json\r\nContent-Length: 189\r\n\r\n* upload completely sent off: 189 out of 189 bytes\n< HTTP\/1.1 422 Unprocessable Content\r\n< Server: nginx\r\n< Content-Type: application\/json\r\n< Transfer-Encoding: chunked\r\n< Connection: keep-alive\r\n< Cache-Control: no-cache, private\r\n< Date: Sun, 20 Jul 2025 19:22:43 GMT\r\n< X-RateLimit-Limit: 1500\r\n< X-RateLimit-Remaining: 1498\r\n< Access-Control-Allow-Origin: *\r\n< Set-Cookie: arkesel_sms_messenger_session=9p4ZQwZ9OxhA6AdXkHqMIyL8KPRWMKR0jVQh0qGL; expires=Sun, 20-Jul-2025 21:22:43 GMT; Max-Age=7200; path=\/; secure; httponly; samesite=lax\r\n< X-Frame-Options: SAMEORIGIN\r\n< \r\n* Connection #0 to host sms.arkesel.com left intact\n"
        }
    }
}
{
    "time": "2025-07-20 19:35:08",
    "recipients": "0242363905",
    "message": "Dear BARNABAS  QUAYSON-OTOO, your payment of \u20b580.00 has been received by Freeman Methodist Church - KM. Thank you.",
    "processed_message": "Dear BARNABAS  QUAYSON-OTOO, your payment of \u20b580.00 has been received by Freeman Methodist Church - KM. Thank you.",
    "template_data": {
        "member_name": "BARNABAS  QUAYSON-OTOO",
        "amount": 80,
        "description": "",
        "date": "2025-07-20"
    },
    "sender": null,
    "provider": "arkesel",
    "status": "success",
    "result": {
        "data": [
            {
                "id": "70310517-f790-460f-9573-9d008a2dd756",
                "recipient": "233242363905"
            }
        ],
        "status": "success"
    }
}
{
    "time": "2025-07-20 19:42:26",
    "recipients": "0242363905",
    "message": "Dear ROSEZALIN ama duntu, your payment of \u20b520.00 for JUNE has been received by Freeman Methodist Church - KM. Thank you.",
    "processed_message": "Dear ROSEZALIN ama duntu, your payment of \u20b520.00 for JUNE has been received by Freeman Methodist Church - KM. Thank you.",
    "template_data": {
        "member_name": "ROSEZALIN ama duntu",
        "amount": 20,
        "description": "JUNE",
        "date": "2025-07-20"
    },
    "sender": null,
    "provider": "arkesel",
    "status": "success",
    "result": {
        "data": [
            {
                "id": "5733c0bb-0a8e-4575-910a-03d4f799b814",
                "recipient": "233242363905"
            }
        ],
        "status": "success"
    }
}
{
    "time": "2025-07-21 09:39:12",
    "recipients": "0242363905",
    "message": "Dear ROSEZALIN ama duntu, your payment of \u20b520.00 has been received by Freeman Methodist Church - KM. Thank you.",
    "processed_message": "Dear ROSEZALIN ama duntu, your payment of \u20b520.00 has been received by Freeman Methodist Church - KM. Thank you.",
    "template_data": {
        "member_name": "ROSEZALIN ama duntu",
        "amount": 20,
        "description": "",
        "date": "2025-07-21"
    },
    "sender": null,
    "provider": "arkesel",
    "status": "success",
    "result": {
        "data": [
            {
                "id": "46e2aa7d-10eb-4222-a9ad-13c84d7312a7",
                "recipient": "233242363905"
            }
        ],
        "status": "success"
    }
}
{
    "time": "2025-07-21 12:20:11",
    "recipients": "0242363905",
    "message": "Dear BARNABAS  QUAYSON-OTOO, your payment of \u20b51.00 has been received by Freeman Methodist Church - KM. Thank you.",
    "processed_message": "Dear BARNABAS  QUAYSON-OTOO, your payment of \u20b51.00 has been received by Freeman Methodist Church - KM. Thank you.",
    "template_data": {
        "member_name": "BARNABAS  QUAYSON-OTOO",
        "amount": 1,
        "description": "",
        "date": "2025-07-21"
    },
    "sender": null,
    "provider": "arkesel",
    "status": "success",
    "result": {
        "data": [
            {
                "id": "cc721240-4584-462a-b78a-a10e1acdc150",
                "recipient": "233242363905"
            }
        ],
        "status": "success"
    }
}
{
    "time": "2025-07-23 19:32:29",
    "recipients": "0245740544",
    "message": "Hello freeman Network",
    "processed_message": "Hello freeman Network",
    "template_data": {
        "member_id": 94,
        "sent_by": 3
    },
    "sender": 3,
    "provider": "arkesel",
    "status": "success",
    "result": {
        "data": [
            {
                "id": "b24d735a-0388-4831-9e48-a9ce06fc88a8",
                "recipient": "233245740544"
            }
        ],
        "status": "success"
    }
}
{
    "time": "2025-07-23 19:37:41",
    "recipients": "0553143607",
    "message": "Hi DANIEL, click on the link to complete your registration: https:\/\/myfreeman.mensweb.xyz\/views\/complete_registration.php?token=a73a5bf0378e0796ac7b2977f6e7a0db",
    "processed_message": "Hi DANIEL, click on the link to complete your registration: https:\/\/myfreeman.mensweb.xyz\/views\/complete_registration.php?token=a73a5bf0378e0796ac7b2977f6e7a0db",
    "template_data": {
        "member_name": "DANIEL",
        "link": "https:\/\/myfreeman.mensweb.xyz\/views\/complete_registration.php?token=a73a5bf0378e0796ac7b2977f6e7a0db",
        "phone": "0553143607",
        "template": "registration_link (hardcoded)"
    },
    "sender": null,
    "provider": "arkesel",
    "status": "success",
    "result": {
        "data": [
            {
                "id": "975763a3-edb5-4c14-b760-0dec35eecd33",
                "recipient": "233553143607"
            }
        ],
        "status": "success"
    }
}
{
    "time": "2025-07-24 15:51:56",
    "recipients": "7162381865",
    "message": "Hi James, click on the link to complete your registration: http:\/\/localhost\/myfreemanchurchgit\/church\/views\/complete_registration.php?token=40baa3aacb4197153aa9d40b859090aa",
    "processed_message": "Hi James, click on the link to complete your registration: http:\/\/localhost\/myfreemanchurchgit\/church\/views\/complete_registration.php?token=40baa3aacb4197153aa9d40b859090aa",
    "template_data": {
        "member_name": "James",
        "link": "http:\/\/localhost\/myfreemanchurchgit\/church\/views\/complete_registration.php?token=40baa3aacb4197153aa9d40b859090aa",
        "phone": "7162381865",
        "template": "registration_link (hardcoded)"
    },
    "sender": null,
    "provider": "arkesel",
    "status": "fail",
    "result": {
        "status": "error",
        "message": "HTTP Error: 422",
        "http_code": 422,
        "debug": {
            "time": "2025-07-24 15:51:56",
            "url": "https:\/\/sms.arkesel.com\/api\/v2\/sms\/send",
            "payload": {
                "sender": "MyFreeman",
                "message": "Hi James, click on the link to complete your registration: http:\/\/localhost\/myfreemanchurchgit\/church\/views\/complete_registration.php?token=40baa3aacb4197153aa9d40b859090aa",
                "recipients": [
                    "7162381865"
                ]
            },
            "request_headers": [
                "api-key: cHZtY1B3SW5sZ05iUEJOVmZ1QXA",
                "Content-Type: application\/json",
                "Accept: application\/json"
            ],
            "http_status": 422,
            "response_headers": "HTTP\/1.1 422 Unprocessable Content\r\nServer: nginx\r\nContent-Type: application\/json\r\nTransfer-Encoding: chunked\r\nConnection: keep-alive\r\nCache-Control: no-cache, private\r\nDate: Thu, 24 Jul 2025 13:51:57 GMT\r\nX-RateLimit-Limit: 1500\r\nX-RateLimit-Remaining: 1498\r\nAccess-Control-Allow-Origin: *\r\nSet-Cookie: arkesel_sms_messenger_session=nBnMNsKEkdpQZTz26Zd7sBE0BR8PCgnQoKKoQuvX; expires=Thu, 24-Jul-2025 15:51:57 GMT; Max-Age=7200; path=\/; secure; httponly; samesite=lax\r\nX-Frame-Options: SAMEORIGIN\r\n\r\n",
            "response_body": "{\"message\":\"No valid number in recipients!\",\"status\":\"error\"}",
            "curl_error": "",
            "curl_info": {
                "total_time": 1.057187,
                "connect_time": 0.229367,
                "namelookup_time": 0.005255,
                "pretransfer_time": 0.554055,
                "starttransfer_time": 1.05716,
                "redirect_time": 0,
                "redirect_count": 0,
                "size_upload": 241,
                "size_download": 61,
                "speed_download": 57,
                "speed_upload": 227,
                "download_content_length": -1,
                "upload_content_length": 241,
                "content_type": "application\/json"
            },
            "verbose_log": "*   Trying 66.175.211.30:443...\n* Connected to sms.arkesel.com (66.175.211.30) port 443\n* ALPN: curl offers h2,http\/1.1\n*  CAfile: C:\\xampp\\apache\\bin\\curl-ca-bundle.crt\n*  CApath: none\n* SSL connection using TLSv1.3 \/ TLS_AES_256_GCM_SHA384\n* ALPN: server accepted http\/1.1\n* Server certificate:\n*  subject: CN=sms.arkesel.com\n*  start date: Jun  4 06:14:43 2025 GMT\n*  expire date: Sep  2 06:14:42 2025 GMT\n*  subjectAltName: host \"sms.arkesel.com\" matched cert's \"sms.arkesel.com\"\n*  issuer: C=US; O=Let's Encrypt; CN=E6\n*  SSL certificate verify ok.\n* using HTTP\/1.1\n> POST \/api\/v2\/sms\/send HTTP\/1.1\r\nHost: sms.arkesel.com\r\napi-key: cHZtY1B3SW5sZ05iUEJOVmZ1QXA\r\nContent-Type: application\/json\r\nAccept: application\/json\r\nContent-Length: 241\r\n\r\n< HTTP\/1.1 422 Unprocessable Content\r\n< Server: nginx\r\n< Content-Type: application\/json\r\n< Transfer-Encoding: chunked\r\n< Connection: keep-alive\r\n< Cache-Control: no-cache, private\r\n< Date: Thu, 24 Jul 2025 13:51:57 GMT\r\n< X-RateLimit-Limit: 1500\r\n< X-RateLimit-Remaining: 1498\r\n< Access-Control-Allow-Origin: *\r\n< Set-Cookie: arkesel_sms_messenger_session=nBnMNsKEkdpQZTz26Zd7sBE0BR8PCgnQoKKoQuvX; expires=Thu, 24-Jul-2025 15:51:57 GMT; Max-Age=7200; path=\/; secure; httponly; samesite=lax\r\n< X-Frame-Options: SAMEORIGIN\r\n< \r\n* Connection #0 to host sms.arkesel.com left intact\n"
        }
    }
}
