
====
2025-07-18T13:07:20+02:00
{
    "member_ids": [
        8
    ],
    "sundayschool_ids": [],
    "amounts": {
        "8": {
            "3": "100",
            "4": "50"
        }
    },
    "church_id": 7,
    "payment_date": "2025-07-18"
}

====
2025-07-18T13:13:26+02:00
{
    "member_ids": [
        8
    ],
    "sundayschool_ids": [],
    "amounts": {
        "8": {
            "3": "200",
            "4": "100"
        }
    },
    "church_id": 7,
    "payment_date": "2025-07-18"
}

====
2025-07-18T13:20:59+02:00
{
    "member_ids": [
        8
    ],
    "sundayschool_ids": [],
    "amounts": {
        "8": {
            "4": "300",
            "6": "100"
        }
    },
    "church_id": 7,
    "payment_date": "2025-07-18"
}

====
2025-07-18T13:22:00+02:00
{
    "member_ids": [
        8
    ],
    "sundayschool_ids": [],
    "amounts": {
        "8": {
            "3": "70",
            "6": "50"
        }
    },
    "church_id": 7,
    "payment_date": "2025-07-18"
}

====
2025-07-18T13:26:05+02:00
{
    "member_ids": [
        8
    ],
    "sundayschool_ids": [],
    "amounts": {
        "8": {
            "3": "50",
            "6": "100"
        }
    },
    "church_id": 7,
    "payment_date": "2025-07-18"
}

====
2025-07-18T13:26:46+02:00
{
    "member_ids": [
        8
    ],
    "sundayschool_ids": [],
    "amounts": {
        "8": {
            "3": "50",
            "6": "50"
        }
    },
    "church_id": 7,
    "payment_date": "2025-07-18"
}

====
2025-07-18T13:34:19+02:00
{
    "member_ids": [
        72
    ],
    "sundayschool_ids": [],
    "amounts": {
        "72": {
            "4": "200",
            "6": "100"
        }
    },
    "church_id": 7,
    "payment_date": "2025-07-18"
}

====
2025-07-18T13:34:26+02:00
{
    "member_ids": [
        72
    ],
    "sundayschool_ids": [],
    "amounts": {
        "72": {
            "4": "200",
            "6": "100"
        }
    },
    "church_id": 7,
    "payment_date": "2025-07-18"
}

====
2025-07-18T13:42:22+02:00
{
    "member_ids": [
        8
    ],
    "sundayschool_ids": [],
    "amounts": {
        "8": {
            "6": "100"
        }
    },
    "church_id": 7,
    "payment_date": "2025-07-18"
}

====
2025-07-18T14:09:12+02:00
{
    "member_ids": [
        8
    ],
    "sundayschool_ids": [],
    "amounts": {
        "8": {
            "4": "200",
            "6": "100"
        }
    },
    "church_id": 7,
    "payment_date": "2025-07-18"
}

====
2025-07-18T14:12:56+02:00
{
    "member_ids": [
        8
    ],
    "sundayschool_ids": [],
    "amounts": {
        "8": {
            "4": "200",
            "6": "100"
        }
    },
    "church_id": 7,
    "payment_date": "2025-07-18"
}

====
2025-07-18T14:16:59+02:00
{
    "member_ids": [
        8
    ],
    "sundayschool_ids": [],
    "amounts": {
        "8": {
            "6": "10"
        }
    },
    "church_id": 7,
    "payment_date": "2025-07-18"
}

====
2025-07-18T14:20:44+02:00
{
    "member_ids": [
        8
    ],
    "sundayschool_ids": [],
    "amounts": {
        "8": {
            "6": "50"
        }
    },
    "church_id": 7,
    "payment_date": "2025-07-18"
}

====
2025-07-18T14:24:11+02:00
{
    "member_ids": [
        8
    ],
    "sundayschool_ids": [],
    "amounts": {
        "8": {
            "6": "50"
        }
    },
    "church_id": 7,
    "payment_date": "2025-07-18"
}

====
2025-07-18T14:27:23+02:00
{
    "member_ids": [
        8
    ],
    "sundayschool_ids": [],
    "amounts": {
        "8": {
            "6": "1"
        }
    },
    "church_id": 7,
    "payment_date": "2025-07-18"
}

====
2025-07-18T14:30:48+02:00
{
    "member_ids": [
        8
    ],
    "sundayschool_ids": [],
    "amounts": {
        "8": {
            "4": "10"
        }
    },
    "church_id": 7,
    "payment_date": "2025-07-18"
}

====
2025-07-18T14:56:51+02:00
{
    "member_ids": [
        8
    ],
    "sundayschool_ids": [],
    "amounts": {
        "8": {
            "4": "10"
        }
    },
    "church_id": 7,
    "payment_date": "2025-07-18"
}
Processing as CRN only. member_ids=[8]

====
2025-07-18T14:57:47+02:00
{
    "member_ids": [
        8
    ],
    "sundayschool_ids": [],
    "amounts": {
        "8": {
            "6": "10"
        }
    },
    "church_id": 7,
    "payment_date": "2025-07-18"
}
Processing as CRN only. member_ids=[8]

====
2025-07-18T17:42:36+02:00
{
    "member_ids": [
        8
    ],
    "sundayschool_ids": [],
    "amounts": {
        "8": {
            "6": "1"
        }
    },
    "church_id": 7,
    "payment_date": "2025-07-18"
}
Processing as CRN only. member_ids=[8]

====
2025-07-18T19:25:43+02:00
{
    "church_id": "7",
    "payment_date": "2025-07-18",
    "member_ids": [
        79
    ],
    "sundayschool_ids": [],
    "amounts": {
        "79": {
            "6": 10
        }
    }
}
Processing as CRN only. member_ids=[79]

====
2025-07-18T19:58:01+02:00
{
    "church_id": "7",
    "payment_date": "",
    "member_ids": [],
    "sundayschool_ids": [
        8
    ],
    "amounts": {
        "ss_8": {
            "3": 67,
            "4": 98
        }
    },
    "descriptions": {
        "ss_8": {
            "3": "",
            "4": "harvest"
        }
    }
}

====
2025-07-18T19:58:30+02:00
{
    "church_id": "7",
    "payment_date": "2025-07-18",
    "member_ids": [],
    "sundayschool_ids": [
        8
    ],
    "amounts": {
        "ss_8": {
            "3": 67,
            "4": 98
        }
    },
    "descriptions": {
        "ss_8": {
            "3": "offertory",
            "4": "harvest"
        }
    }
}
Processing as SRN only. sundayschool_ids=[8]

====
2025-07-18T19:59:28+02:00
{
    "member_ids": [
        8
    ],
    "sundayschool_ids": [],
    "amounts": {
        "8": {
            "3": "60"
        }
    },
    "church_id": 7,
    "payment_date": "2025-07-18"
}
Processing as CRN only. member_ids=[8]

====
2025-07-18T20:00:16+02:00
{
    "member_ids": [
        72
    ],
    "sundayschool_ids": [],
    "amounts": {
        "72": {
            "6": "10"
        }
    },
    "church_id": 7,
    "payment_date": "2025-07-18"
}
Processing as CRN only. member_ids=[72]

====
2025-07-19T00:07:39+02:00
{
    "church_id": "7",
    "payment_date": "2025-07-18",
    "member_ids": [
        79
    ],
    "sundayschool_ids": [],
    "amounts": {
        "79": {
            "4": 10
        }
    },
    "descriptions": {
        "79": {
            "4": ""
        }
    }
}
Processing as CRN only. member_ids=[79]

====
2025-07-20T20:07:12+02:00
{
    "church_id": "7",
    "payment_date": "",
    "member_ids": [
        79
    ],
    "sundayschool_ids": [],
    "amounts": {
        "79": {
            "3": 38,
            "4": 30
        }
    },
    "descriptions": {
        "79": {
            "3": "sample bulk 2",
            "4": "sample bulk 1"
        }
    }
}

====
2025-07-20T20:07:20+02:00
{
    "church_id": "7",
    "payment_date": "",
    "member_ids": [
        79
    ],
    "sundayschool_ids": [],
    "amounts": {
        "79": {
            "3": 38,
            "4": 30
        }
    },
    "descriptions": {
        "79": {
            "3": "sample bulk 2",
            "4": "sample bulk 1"
        }
    }
}

====
2025-07-20T20:07:58+02:00
{
    "church_id": "7",
    "payment_date": "",
    "member_ids": [
        79
    ],
    "sundayschool_ids": [],
    "amounts": {
        "79": {
            "3": 38,
            "4": 30
        }
    },
    "descriptions": {
        "79": {
            "3": "sample bulk 2",
            "4": "sample bulk 1"
        }
    }
}

====
2025-07-20T20:08:49+02:00
{
    "church_id": "7",
    "payment_date": "",
    "member_ids": [
        79
    ],
    "sundayschool_ids": [],
    "amounts": {
        "79": {
            "4": 10
        }
    },
    "descriptions": {
        "79": {
            "4": ""
        }
    }
}

====
2025-07-20T20:09:08+02:00
{
    "church_id": "7",
    "payment_date": "2025-07-20",
    "member_ids": [
        79
    ],
    "sundayschool_ids": [],
    "amounts": {
        "79": {
            "1": 290,
            "4": 10
        }
    },
    "descriptions": {
        "79": {
            "1": "sample bulk 2",
            "4": "sample bulk 1"
        }
    }
}
Processing as CRN only. member_ids=[79]

====
2025-07-20T20:17:48+02:00
{
    "church_id": "7",
    "payment_date": "",
    "member_ids": [
        80,
        85
    ],
    "sundayschool_ids": [],
    "amounts": {
        "80": {
            "4": 29
        },
        "85": {
            "3": 20,
            "4": 29
        }
    },
    "descriptions": {
        "80": {
            "4": ""
        },
        "85": {
            "3": "bulk payment by class leader",
            "4": "bulk payment by class leader"
        }
    }
}

====
2025-07-20T20:17:55+02:00
{
    "church_id": "7",
    "payment_date": "2025-07-20",
    "member_ids": [
        80,
        85
    ],
    "sundayschool_ids": [],
    "amounts": {
        "80": {
            "4": 29
        },
        "85": {
            "3": 20,
            "4": 29
        }
    },
    "descriptions": {
        "80": {
            "4": ""
        },
        "85": {
            "3": "bulk payment by class leader",
            "4": "bulk payment by class leader"
        }
    }
}
Processing as CRN only. member_ids=[80,85]

====
2025-07-21T10:23:43+00:00
{
    "church_id": "7",
    "payment_date": "2025-07-21",
    "member_ids": [
        80,
        85
    ],
    "sundayschool_ids": [],
    "amounts": {
        "80": {
            "1": 30,
            "4": 10,
            "6": 20
        },
        "85": {
            "1": 42,
            "3": 20,
            "4": 20
        }
    },
    "descriptions": {
        "80": {
            "1": "june tithe",
            "4": "june tithe",
            "6": "june tithe"
        },
        "85": {
            "1": "june tithe",
            "3": "june tithe",
            "4": "june tithe"
        }
    }
}
Processing as CRN only. member_ids=[80,85]

====
2025-07-21T12:22:25+00:00
{
    "church_id": "7",
    "payment_date": "2025-07-20",
    "member_ids": [
        79,
        81
    ],
    "sundayschool_ids": [],
    "amounts": {
        "79": {
            "5": 1
        },
        "81": {
            "1": 1,
            "5": 1
        }
    },
    "descriptions": {
        "79": {
            "5": ""
        },
        "81": {
            "1": "",
            "5": ""
        }
    }
}
Processing as CRN only. member_ids=[79,81]

====
2025-07-21T14:59:49+00:00
{
    "church_id": "7",
    "payment_date": "2025-07-21",
    "member_ids": [
        84
    ],
    "sundayschool_ids": [],
    "amounts": {
        "84": {
            "1": 10,
            "4": 20
        }
    },
    "descriptions": {
        "84": {
            "1": "",
            "4": ""
        }
    }
}
Processing as CRN only. member_ids=[84]
