{
    "time": "2025-07-27 11:53:09",
    "url": "https:\/\/sms.arkesel.com\/api\/v2\/sms\/send",
    "payload": {
        "sender": "MyFreeman",
        "message": "Dear BARNABAS  QUAYSON-OTOO, your payment of \u20b590.00 for July Offertory has been received by Freeman Methodist Church - KM. Thank You!",
        "recipients": [
            "233242363905"
        ]
    },
    "request_headers": [
        "api-key: cHZtY1B3SW5sZ05iUEJOVmZ1QXA",
        "Content-Type: application\/json",
        "Accept: application\/json"
    ],
    "http_status": 0,
    "response_headers": "",
    "response_body": false,
    "curl_error": "Could not resolve host: sms.arkesel.com",
    "curl_info": {
        "total_time": 0.001471,
        "connect_time": 0,
        "namelookup_time": 0,
        "pretransfer_time": 0,
        "starttransfer_time": 0,
        "redirect_time": 0,
        "redirect_count": 0,
        "size_upload": 0,
        "size_download": 0,
        "speed_download": 0,
        "speed_upload": 0,
        "download_content_length": -1,
        "upload_content_length": -1,
        "content_type": false
    },
    "verbose_log": "* Could not resolve host: sms.arkesel.com\n* Closing connection\n"
}
{
    "time": "2025-07-27 11:53:09",
    "url": "https:\/\/sms.arkesel.com\/api\/v2\/sms\/send",
    "payload": {
        "sender": "MyFreeman",
        "message": "Dear BARNABAS  QUAYSON-OTOO, your payment of \u20b590.00 for July Offertory has been received by Freeman Methodist Church - KM. Thank You!",
        "recipients": [
            "233242363905"
        ]
    },
    "request_headers": [
        "api-key: cHZtY1B3SW5sZ05iUEJOVmZ1QXA",
        "Content-Type: application\/json",
        "Accept: application\/json"
    ],
    "http_status": 0,
    "response_headers": "",
    "response_body": false,
    "curl_error": "Could not resolve host: sms.arkesel.com",
    "curl_info": {
        "total_time": 0.001704,
        "connect_time": 0,
        "namelookup_time": 0,
        "pretransfer_time": 0,
        "starttransfer_time": 0,
        "redirect_time": 0,
        "redirect_count": 0,
        "size_upload": 0,
        "size_download": 0,
        "speed_download": 0,
        "speed_upload": 0,
        "download_content_length": -1,
        "upload_content_length": -1,
        "content_type": false
    },
    "verbose_log": "* Could not resolve host: sms.arkesel.com\n* Closing connection\n"
}
{
    "time": "2025-07-27 13:15:34",
    "url": "https:\/\/sms.arkesel.com\/api\/v2\/sms\/send",
    "payload": {
        "sender": "MyFreeman",
        "message": "Dear Ekow Paa Mensah, your payment of \u20b550.00 for July Offertory has been received by Freeman Methodist Church - KM. Thank You!",
        "recipients": [
            "233545644749"
        ]
    },
    "request_headers": [
        "api-key: cHZtY1B3SW5sZ05iUEJOVmZ1QXA",
        "Content-Type: application\/json",
        "Accept: application\/json"
    ],
    "http_status": 0,
    "response_headers": "",
    "response_body": false,
    "curl_error": "Failed to connect to sms.arkesel.com port 443 after 21342 ms: Couldn't connect to server",
    "curl_info": {
        "total_time": 21.342714,
        "connect_time": 0,
        "namelookup_time": 0.3033,
        "pretransfer_time": 0,
        "starttransfer_time": 0,
        "redirect_time": 0,
        "redirect_count": 0,
        "size_upload": 0,
        "size_download": 0,
        "speed_download": 0,
        "speed_upload": 0,
        "download_content_length": -1,
        "upload_content_length": -1,
        "content_type": false
    },
    "verbose_log": "*   Trying 66.175.211.30:443...\n* connect to 66.175.211.30 port 443 failed: Timed out\n* Failed to connect to sms.arkesel.com port 443 after 21342 ms: Couldn't connect to server\n* Closing connection\n"
}
{
    "time": "2025-07-27 13:15:55",
    "url": "https:\/\/sms.arkesel.com\/api\/v2\/sms\/send",
    "payload": {
        "sender": "MyFreeman",
        "message": "Dear Ekow Paa Mensah, your payment of \u20b550.00 for July Offertory has been received by Freeman Methodist Church - KM. Thank You!",
        "recipients": [
            "233545644749"
        ]
    },
    "request_headers": [
        "api-key: cHZtY1B3SW5sZ05iUEJOVmZ1QXA",
        "Content-Type: application\/json",
        "Accept: application\/json"
    ],
    "http_status": 0,
    "response_headers": "",
    "response_body": false,
    "curl_error": "Failed to connect to sms.arkesel.com port 443 after 21038 ms: Couldn't connect to server",
    "curl_info": {
        "total_time": 21.038308,
        "connect_time": 0,
        "namelookup_time": 0.003099,
        "pretransfer_time": 0,
        "starttransfer_time": 0,
        "redirect_time": 0,
        "redirect_count": 0,
        "size_upload": 0,
        "size_download": 0,
        "speed_download": 0,
        "speed_upload": 0,
        "download_content_length": -1,
        "upload_content_length": -1,
        "content_type": false
    },
    "verbose_log": "*   Trying 66.175.211.30:443...\n* connect to 66.175.211.30 port 443 failed: Timed out\n* Failed to connect to sms.arkesel.com port 443 after 21038 ms: Couldn't connect to server\n* Closing connection\n"
}
{
    "time": "2025-07-27 13:16:35",
    "url": "https:\/\/sms.arkesel.com\/api\/v2\/sms\/send",
    "payload": {
        "sender": "MyFreeman",
        "message": "Dear Ekow Paa Mensah, your payment of \u20b550.00 for July education fund has been received by Freeman Methodist Church - KM. Thank You!",
        "recipients": [
            "233545644749"
        ]
    },
    "request_headers": [
        "api-key: cHZtY1B3SW5sZ05iUEJOVmZ1QXA",
        "Content-Type: application\/json",
        "Accept: application\/json"
    ],
    "http_status": 0,
    "response_headers": "",
    "response_body": false,
    "curl_error": "Failed to connect to sms.arkesel.com port 443 after 21048 ms: Couldn't connect to server",
    "curl_info": {
        "total_time": 21.047527,
        "connect_time": 0,
        "namelookup_time": 0.020881,
        "pretransfer_time": 0,
        "starttransfer_time": 0,
        "redirect_time": 0,
        "redirect_count": 0,
        "size_upload": 0,
        "size_download": 0,
        "speed_download": 0,
        "speed_upload": 0,
        "download_content_length": -1,
        "upload_content_length": -1,
        "content_type": false
    },
    "verbose_log": "*   Trying 66.175.211.30:443...\n* connect to 66.175.211.30 port 443 failed: Timed out\n* Failed to connect to sms.arkesel.com port 443 after 21048 ms: Couldn't connect to server\n* Closing connection\n"
}
{
    "time": "2025-07-27 13:16:56",
    "url": "https:\/\/sms.arkesel.com\/api\/v2\/sms\/send",
    "payload": {
        "sender": "MyFreeman",
        "message": "Dear Ekow Paa Mensah, your payment of \u20b550.00 for July education fund has been received by Freeman Methodist Church - KM. Thank You!",
        "recipients": [
            "233545644749"
        ]
    },
    "request_headers": [
        "api-key: cHZtY1B3SW5sZ05iUEJOVmZ1QXA",
        "Content-Type: application\/json",
        "Accept: application\/json"
    ],
    "http_status": 0,
    "response_headers": "",
    "response_body": false,
    "curl_error": "Failed to connect to sms.arkesel.com port 443 after 21057 ms: Couldn't connect to server",
    "curl_info": {
        "total_time": 21.057544,
        "connect_time": 0,
        "namelookup_time": 0.01352,
        "pretransfer_time": 0,
        "starttransfer_time": 0,
        "redirect_time": 0,
        "redirect_count": 0,
        "size_upload": 0,
        "size_download": 0,
        "speed_download": 0,
        "speed_upload": 0,
        "download_content_length": -1,
        "upload_content_length": -1,
        "content_type": false
    },
    "verbose_log": "*   Trying 66.175.211.30:443...\n* connect to 66.175.211.30 port 443 failed: Timed out\n* Failed to connect to sms.arkesel.com port 443 after 21057 ms: Couldn't connect to server\n* Closing connection\n"
}
{
    "time": "2025-07-27 13:21:51",
    "url": "https:\/\/sms.arkesel.com\/api\/v2\/sms\/send",
    "payload": {
        "sender": "MyFreeman",
        "message": "Dear Ekow Paa Mensah, your payment of \u20b540.00 for July education fund has been received by Freeman Methodist Church - KM. Thank You!",
        "recipients": [
            "233545644749"
        ]
    },
    "request_headers": [
        "api-key: cHZtY1B3SW5sZ05iUEJOVmZ1QXA",
        "Content-Type: application\/json",
        "Accept: application\/json"
    ],
    "http_status": 0,
    "response_headers": "",
    "response_body": false,
    "curl_error": "Failed to connect to sms.arkesel.com port 443 after 21258 ms: Couldn't connect to server",
    "curl_info": {
        "total_time": 21.259197,
        "connect_time": 0,
        "namelookup_time": 0.211726,
        "pretransfer_time": 0,
        "starttransfer_time": 0,
        "redirect_time": 0,
        "redirect_count": 0,
        "size_upload": 0,
        "size_download": 0,
        "speed_download": 0,
        "speed_upload": 0,
        "download_content_length": -1,
        "upload_content_length": -1,
        "content_type": false
    },
    "verbose_log": "*   Trying 66.175.211.30:443...\n* connect to 66.175.211.30 port 443 failed: Timed out\n* Failed to connect to sms.arkesel.com port 443 after 21258 ms: Couldn't connect to server\n* Closing connection\n"
}
{
    "time": "2025-07-27 13:22:12",
    "url": "https:\/\/sms.arkesel.com\/api\/v2\/sms\/send",
    "payload": {
        "sender": "MyFreeman",
        "message": "Dear Ekow Paa Mensah, your payment of \u20b540.00 for July education fund has been received by Freeman Methodist Church - KM. Thank You!",
        "recipients": [
            "233545644749"
        ]
    },
    "request_headers": [
        "api-key: cHZtY1B3SW5sZ05iUEJOVmZ1QXA",
        "Content-Type: application\/json",
        "Accept: application\/json"
    ],
    "http_status": 0,
    "response_headers": "",
    "response_body": false,
    "curl_error": "Failed to connect to sms.arkesel.com port 443 after 21071 ms: Couldn't connect to server",
    "curl_info": {
        "total_time": 21.071446,
        "connect_time": 0,
        "namelookup_time": 0.040969,
        "pretransfer_time": 0,
        "starttransfer_time": 0,
        "redirect_time": 0,
        "redirect_count": 0,
        "size_upload": 0,
        "size_download": 0,
        "speed_download": 0,
        "speed_upload": 0,
        "download_content_length": -1,
        "upload_content_length": -1,
        "content_type": false
    },
    "verbose_log": "*   Trying 66.175.211.30:443...\n* connect to 66.175.211.30 port 443 failed: Timed out\n* Failed to connect to sms.arkesel.com port 443 after 21071 ms: Couldn't connect to server\n* Closing connection\n"
}
{
    "time": "2025-07-27 13:26:50",
    "url": "https:\/\/sms.arkesel.com\/api\/v2\/sms\/send",
    "payload": {
        "sender": "MyFreeman",
        "message": "Dear COMFORT  AIDOO, your payment of \u20b550.00 for July harvest has been received by Freeman Methodist Church - KM. Thank You!",
        "recipients": [
            "233550318628"
        ]
    },
    "request_headers": [
        "api-key: cHZtY1B3SW5sZ05iUEJOVmZ1QXA",
        "Content-Type: application\/json",
        "Accept: application\/json"
    ],
    "http_status": 0,
    "response_headers": "",
    "response_body": false,
    "curl_error": "Failed to connect to sms.arkesel.com port 443 after 21516 ms: Couldn't connect to server",
    "curl_info": {
        "total_time": 21.51581,
        "connect_time": 0,
        "namelookup_time": 0.038779,
        "pretransfer_time": 0,
        "starttransfer_time": 0,
        "redirect_time": 0,
        "redirect_count": 0,
        "size_upload": 0,
        "size_download": 0,
        "speed_download": 0,
        "speed_upload": 0,
        "download_content_length": -1,
        "upload_content_length": -1,
        "content_type": false
    },
    "verbose_log": "*   Trying 66.175.211.30:443...\n* connect to 66.175.211.30 port 443 failed: Timed out\n* Failed to connect to sms.arkesel.com port 443 after 21516 ms: Couldn't connect to server\n* Closing connection\n"
}
{
    "time": "2025-07-27 13:27:11",
    "url": "https:\/\/sms.arkesel.com\/api\/v2\/sms\/send",
    "payload": {
        "sender": "MyFreeman",
        "message": "Dear COMFORT  AIDOO, your payment of \u20b550.00 for July harvest has been received by Freeman Methodist Church - KM. Thank You!",
        "recipients": [
            "233550318628"
        ]
    },
    "request_headers": [
        "api-key: cHZtY1B3SW5sZ05iUEJOVmZ1QXA",
        "Content-Type: application\/json",
        "Accept: application\/json"
    ],
    "http_status": 0,
    "response_headers": "",
    "response_body": false,
    "curl_error": "Failed to connect to sms.arkesel.com port 443 after 21491 ms: Couldn't connect to server",
    "curl_info": {
        "total_time": 21.50593,
        "connect_time": 0,
        "namelookup_time": 0.286827,
        "pretransfer_time": 0,
        "starttransfer_time": 0,
        "redirect_time": 0,
        "redirect_count": 0,
        "size_upload": 0,
        "size_download": 0,
        "speed_download": 0,
        "speed_upload": 0,
        "download_content_length": -1,
        "upload_content_length": -1,
        "content_type": false
    },
    "verbose_log": "*   Trying 66.175.211.30:443...\n* connect to 66.175.211.30 port 443 failed: Timed out\n* Failed to connect to sms.arkesel.com port 443 after 21491 ms: Couldn't connect to server\n* Closing connection\n"
}
{
    "time": "2025-07-27 13:30:35",
    "url": "https:\/\/sms.arkesel.com\/api\/v2\/sms\/send",
    "payload": {
        "sender": "MyFreeman",
        "message": "Dear JACOB F AYIEI, your payment of \u20b550.00 for July Offertory has been received by Freeman Methodist Church - KM. Thank You!",
        "recipients": [
            "233551756789"
        ]
    },
    "request_headers": [
        "api-key: cHZtY1B3SW5sZ05iUEJOVmZ1QXA",
        "Content-Type: application\/json",
        "Accept: application\/json"
    ],
    "http_status": 0,
    "response_headers": "",
    "response_body": false,
    "curl_error": "Failed to connect to sms.arkesel.com port 443 after 21052 ms: Couldn't connect to server",
    "curl_info": {
        "total_time": 21.052781,
        "connect_time": 0,
        "namelookup_time": 0.001902,
        "pretransfer_time": 0,
        "starttransfer_time": 0,
        "redirect_time": 0,
        "redirect_count": 0,
        "size_upload": 0,
        "size_download": 0,
        "speed_download": 0,
        "speed_upload": 0,
        "download_content_length": -1,
        "upload_content_length": -1,
        "content_type": false
    },
    "verbose_log": "*   Trying 66.175.211.30:443...\n* connect to 66.175.211.30 port 443 failed: Timed out\n* Failed to connect to sms.arkesel.com port 443 after 21052 ms: Couldn't connect to server\n* Closing connection\n"
}
{
    "time": "2025-07-27 13:30:56",
    "url": "https:\/\/sms.arkesel.com\/api\/v2\/sms\/send",
    "payload": {
        "sender": "MyFreeman",
        "message": "Dear JACOB F AYIEI, your payment of \u20b550.00 for July Offertory has been received by Freeman Methodist Church - KM. Thank You!",
        "recipients": [
            "233551756789"
        ]
    },
    "request_headers": [
        "api-key: cHZtY1B3SW5sZ05iUEJOVmZ1QXA",
        "Content-Type: application\/json",
        "Accept: application\/json"
    ],
    "http_status": 0,
    "response_headers": "",
    "response_body": false,
    "curl_error": "Failed to connect to sms.arkesel.com port 443 after 21068 ms: Couldn't connect to server",
    "curl_info": {
        "total_time": 21.068656,
        "connect_time": 0,
        "namelookup_time": 0.011014,
        "pretransfer_time": 0,
        "starttransfer_time": 0,
        "redirect_time": 0,
        "redirect_count": 0,
        "size_upload": 0,
        "size_download": 0,
        "speed_download": 0,
        "speed_upload": 0,
        "download_content_length": -1,
        "upload_content_length": -1,
        "content_type": false
    },
    "verbose_log": "*   Trying 66.175.211.30:443...\n* connect to 66.175.211.30 port 443 failed: Timed out\n* Failed to connect to sms.arkesel.com port 443 after 21068 ms: Couldn't connect to server\n* Closing connection\n"
}
{
    "time": "2025-07-27 13:32:22",
    "url": "https:\/\/sms.arkesel.com\/api\/v2\/sms\/send",
    "payload": {
        "sender": "MyFreeman",
        "message": "Dear JACOB F AYIEI, your payment of \u20b510.00 for July Tithe has been received by Freeman Methodist Church - KM. Thank You!",
        "recipients": [
            "233551756789"
        ]
    },
    "request_headers": [
        "api-key: cHZtY1B3SW5sZ05iUEJOVmZ1QXA",
        "Content-Type: application\/json",
        "Accept: application\/json"
    ],
    "http_status": 0,
    "response_headers": "",
    "response_body": false,
    "curl_error": "Failed to connect to sms.arkesel.com port 443 after 21366 ms: Couldn't connect to server",
    "curl_info": {
        "total_time": 21.366313,
        "connect_time": 0,
        "namelookup_time": 0.337758,
        "pretransfer_time": 0,
        "starttransfer_time": 0,
        "redirect_time": 0,
        "redirect_count": 0,
        "size_upload": 0,
        "size_download": 0,
        "speed_download": 0,
        "speed_upload": 0,
        "download_content_length": -1,
        "upload_content_length": -1,
        "content_type": false
    },
    "verbose_log": "*   Trying 66.175.211.30:443...\n* connect to 66.175.211.30 port 443 failed: Timed out\n* Failed to connect to sms.arkesel.com port 443 after 21366 ms: Couldn't connect to server\n* Closing connection\n"
}
{
    "time": "2025-07-27 13:32:43",
    "url": "https:\/\/sms.arkesel.com\/api\/v2\/sms\/send",
    "payload": {
        "sender": "MyFreeman",
        "message": "Dear JACOB F AYIEI, your payment of \u20b510.00 for July Tithe has been received by Freeman Methodist Church - KM. Thank You!",
        "recipients": [
            "233551756789"
        ]
    },
    "request_headers": [
        "api-key: cHZtY1B3SW5sZ05iUEJOVmZ1QXA",
        "Content-Type: application\/json",
        "Accept: application\/json"
    ],
    "http_status": 0,
    "response_headers": "",
    "response_body": false,
    "curl_error": "Failed to connect to sms.arkesel.com port 443 after 21135 ms: Couldn't connect to server",
    "curl_info": {
        "total_time": 21.134278,
        "connect_time": 0,
        "namelookup_time": 0.122872,
        "pretransfer_time": 0,
        "starttransfer_time": 0,
        "redirect_time": 0,
        "redirect_count": 0,
        "size_upload": 0,
        "size_download": 0,
        "speed_download": 0,
        "speed_upload": 0,
        "download_content_length": -1,
        "upload_content_length": -1,
        "content_type": false
    },
    "verbose_log": "*   Trying 66.175.211.30:443...\n* connect to 66.175.211.30 port 443 failed: Timed out\n* Failed to connect to sms.arkesel.com port 443 after 21135 ms: Couldn't connect to server\n* Closing connection\n"
}
{
    "time": "2025-07-27 13:38:54",
    "url": "https:\/\/sms.arkesel.com\/api\/v2\/sms\/send",
    "payload": {
        "sender": "MyFreeman",
        "message": "Dear Ekow Paa Mensah, your payment of \u20b570.00 for July Sample Payment has been received by Freeman Methodist Church - KM. Thank You!",
        "recipients": [
            "233545644749"
        ]
    },
    "request_headers": [
        "api-key: cHZtY1B3SW5sZ05iUEJOVmZ1QXA",
        "Content-Type: application\/json",
        "Accept: application\/json"
    ],
    "http_status": 0,
    "response_headers": "",
    "response_body": false,
    "curl_error": "Failed to connect to sms.arkesel.com port 443 after 21296 ms: Couldn't connect to server",
    "curl_info": {
        "total_time": 21.295424,
        "connect_time": 0,
        "namelookup_time": 0.266587,
        "pretransfer_time": 0,
        "starttransfer_time": 0,
        "redirect_time": 0,
        "redirect_count": 0,
        "size_upload": 0,
        "size_download": 0,
        "speed_download": 0,
        "speed_upload": 0,
        "download_content_length": -1,
        "upload_content_length": -1,
        "content_type": false
    },
    "verbose_log": "*   Trying 66.175.211.30:443...\n* connect to 66.175.211.30 port 443 failed: Timed out\n* Failed to connect to sms.arkesel.com port 443 after 21296 ms: Couldn't connect to server\n* Closing connection\n"
}
{
    "time": "2025-07-27 13:39:15",
    "url": "https:\/\/sms.arkesel.com\/api\/v2\/sms\/send",
    "payload": {
        "sender": "MyFreeman",
        "message": "Dear Ekow Paa Mensah, your payment of \u20b570.00 for July Sample Payment has been received by Freeman Methodist Church - KM. Thank You!",
        "recipients": [
            "233545644749"
        ]
    },
    "request_headers": [
        "api-key: cHZtY1B3SW5sZ05iUEJOVmZ1QXA",
        "Content-Type: application\/json",
        "Accept: application\/json"
    ],
    "http_status": 0,
    "response_headers": "",
    "response_body": false,
    "curl_error": "Failed to connect to sms.arkesel.com port 443 after 21039 ms: Couldn't connect to server",
    "curl_info": {
        "total_time": 21.039502,
        "connect_time": 0,
        "namelookup_time": 0.001466,
        "pretransfer_time": 0,
        "starttransfer_time": 0,
        "redirect_time": 0,
        "redirect_count": 0,
        "size_upload": 0,
        "size_download": 0,
        "speed_download": 0,
        "speed_upload": 0,
        "download_content_length": -1,
        "upload_content_length": -1,
        "content_type": false
    },
    "verbose_log": "*   Trying 66.175.211.30:443...\n* connect to 66.175.211.30 port 443 failed: Timed out\n* Failed to connect to sms.arkesel.com port 443 after 21039 ms: Couldn't connect to server\n* Closing connection\n"
}
{
    "time": "2025-07-27 13:48:11",
    "url": "https:\/\/sms.arkesel.com\/api\/v2\/sms\/send",
    "payload": {
        "sender": "MyFreeman",
        "message": "Dear Ekow Paa Mensah, your payment of \u20b5100.00 for July harvest has been received by Freeman Methodist Church - KM. Thank You!",
        "recipients": [
            "233545644749"
        ]
    },
    "request_headers": [
        "api-key: cHZtY1B3SW5sZ05iUEJOVmZ1QXA",
        "Content-Type: application\/json",
        "Accept: application\/json"
    ],
    "http_status": 0,
    "response_headers": "",
    "response_body": false,
    "curl_error": "Failed to connect to sms.arkesel.com port 443 after 21254 ms: Couldn't connect to server",
    "curl_info": {
        "total_time": 21.254869,
        "connect_time": 0,
        "namelookup_time": 0.200824,
        "pretransfer_time": 0,
        "starttransfer_time": 0,
        "redirect_time": 0,
        "redirect_count": 0,
        "size_upload": 0,
        "size_download": 0,
        "speed_download": 0,
        "speed_upload": 0,
        "download_content_length": -1,
        "upload_content_length": -1,
        "content_type": false
    },
    "verbose_log": "*   Trying 66.175.211.30:443...\n* connect to 66.175.211.30 port 443 failed: Timed out\n* Failed to connect to sms.arkesel.com port 443 after 21254 ms: Couldn't connect to server\n* Closing connection\n"
}
{
    "time": "2025-07-27 13:48:32",
    "url": "https:\/\/sms.arkesel.com\/api\/v2\/sms\/send",
    "payload": {
        "sender": "MyFreeman",
        "message": "Dear Ekow Paa Mensah, your payment of \u20b5100.00 for July harvest has been received by Freeman Methodist Church - KM. Thank You!",
        "recipients": [
            "233545644749"
        ]
    },
    "request_headers": [
        "api-key: cHZtY1B3SW5sZ05iUEJOVmZ1QXA",
        "Content-Type: application\/json",
        "Accept: application\/json"
    ],
    "http_status": 0,
    "response_headers": "",
    "response_body": false,
    "curl_error": "Failed to connect to sms.arkesel.com port 443 after 21042 ms: Couldn't connect to server",
    "curl_info": {
        "total_time": 21.043,
        "connect_time": 0,
        "namelookup_time": 0.020208,
        "pretransfer_time": 0,
        "starttransfer_time": 0,
        "redirect_time": 0,
        "redirect_count": 0,
        "size_upload": 0,
        "size_download": 0,
        "speed_download": 0,
        "speed_upload": 0,
        "download_content_length": -1,
        "upload_content_length": -1,
        "content_type": false
    },
    "verbose_log": "*   Trying 66.175.211.30:443...\n* connect to 66.175.211.30 port 443 failed: Timed out\n* Failed to connect to sms.arkesel.com port 443 after 21042 ms: Couldn't connect to server\n* Closing connection\n"
}
{
    "time": "2025-07-27 13:50:43",
    "url": "https:\/\/sms.arkesel.com\/api\/v2\/sms\/send",
    "payload": {
        "sender": "MyFreeman",
        "message": "Dear Ekow Paa Mensah, your payment of \u20b580.00 for July Offertory has been received by Freeman Methodist Church - KM. Thank You!",
        "recipients": [
            "233545644749"
        ]
    },
    "request_headers": [
        "api-key: cHZtY1B3SW5sZ05iUEJOVmZ1QXA",
        "Content-Type: application\/json",
        "Accept: application\/json"
    ],
    "http_status": 0,
    "response_headers": "",
    "response_body": false,
    "curl_error": "Failed to connect to sms.arkesel.com port 443 after 21030 ms: Couldn't connect to server",
    "curl_info": {
        "total_time": 21.031015,
        "connect_time": 0,
        "namelookup_time": 0.014883,
        "pretransfer_time": 0,
        "starttransfer_time": 0,
        "redirect_time": 0,
        "redirect_count": 0,
        "size_upload": 0,
        "size_download": 0,
        "speed_download": 0,
        "speed_upload": 0,
        "download_content_length": -1,
        "upload_content_length": -1,
        "content_type": false
    },
    "verbose_log": "*   Trying 66.175.211.30:443...\n* connect to 66.175.211.30 port 443 failed: Timed out\n* Failed to connect to sms.arkesel.com port 443 after 21030 ms: Couldn't connect to server\n* Closing connection\n"
}
{
    "time": "2025-07-27 13:51:04",
    "url": "https:\/\/sms.arkesel.com\/api\/v2\/sms\/send",
    "payload": {
        "sender": "MyFreeman",
        "message": "Dear Ekow Paa Mensah, your payment of \u20b580.00 for July Offertory has been received by Freeman Methodist Church - KM. Thank You!",
        "recipients": [
            "233545644749"
        ]
    },
    "request_headers": [
        "api-key: cHZtY1B3SW5sZ05iUEJOVmZ1QXA",
        "Content-Type: application\/json",
        "Accept: application\/json"
    ],
    "http_status": 0,
    "response_headers": "",
    "response_body": false,
    "curl_error": "Failed to connect to sms.arkesel.com port 443 after 21050 ms: Couldn't connect to server",
    "curl_info": {
        "total_time": 21.050879,
        "connect_time": 0,
        "namelookup_time": 0.019418,
        "pretransfer_time": 0,
        "starttransfer_time": 0,
        "redirect_time": 0,
        "redirect_count": 0,
        "size_upload": 0,
        "size_download": 0,
        "speed_download": 0,
        "speed_upload": 0,
        "download_content_length": -1,
        "upload_content_length": -1,
        "content_type": false
    },
    "verbose_log": "*   Trying 66.175.211.30:443...\n* connect to 66.175.211.30 port 443 failed: Timed out\n* Failed to connect to sms.arkesel.com port 443 after 21050 ms: Couldn't connect to server\n* Closing connection\n"
}
{
    "time": "2025-07-27 13:53:46",
    "url": "https:\/\/sms.arkesel.com\/api\/v2\/sms\/send",
    "payload": {
        "sender": "MyFreeman",
        "message": "Dear Ekow Paa Mensah, your payment of \u20b510.00 for July Sample Payment has been received by Freeman Methodist Church - KM. Thank You!",
        "recipients": [
            "233545644749"
        ]
    },
    "request_headers": [
        "api-key: cHZtY1B3SW5sZ05iUEJOVmZ1QXA",
        "Content-Type: application\/json",
        "Accept: application\/json"
    ],
    "http_status": 0,
    "response_headers": "",
    "response_body": false,
    "curl_error": "Failed to connect to sms.arkesel.com port 443 after 21227 ms: Couldn't connect to server",
    "curl_info": {
        "total_time": 21.22716,
        "connect_time": 0,
        "namelookup_time": 0.194809,
        "pretransfer_time": 0,
        "starttransfer_time": 0,
        "redirect_time": 0,
        "redirect_count": 0,
        "size_upload": 0,
        "size_download": 0,
        "speed_download": 0,
        "speed_upload": 0,
        "download_content_length": -1,
        "upload_content_length": -1,
        "content_type": false
    },
    "verbose_log": "*   Trying 66.175.211.30:443...\n* connect to 66.175.211.30 port 443 failed: Timed out\n* Failed to connect to sms.arkesel.com port 443 after 21227 ms: Couldn't connect to server\n* Closing connection\n"
}
{
    "time": "2025-07-27 13:54:07",
    "url": "https:\/\/sms.arkesel.com\/api\/v2\/sms\/send",
    "payload": {
        "sender": "MyFreeman",
        "message": "Dear Ekow Paa Mensah, your payment of \u20b510.00 for July Sample Payment has been received by Freeman Methodist Church - KM. Thank You!",
        "recipients": [
            "233545644749"
        ]
    },
    "request_headers": [
        "api-key: cHZtY1B3SW5sZ05iUEJOVmZ1QXA",
        "Content-Type: application\/json",
        "Accept: application\/json"
    ],
    "http_status": 0,
    "response_headers": "",
    "response_body": false,
    "curl_error": "Failed to connect to sms.arkesel.com port 443 after 21040 ms: Couldn't connect to server",
    "curl_info": {
        "total_time": 21.040344,
        "connect_time": 0,
        "namelookup_time": 0.011865,
        "pretransfer_time": 0,
        "starttransfer_time": 0,
        "redirect_time": 0,
        "redirect_count": 0,
        "size_upload": 0,
        "size_download": 0,
        "speed_download": 0,
        "speed_upload": 0,
        "download_content_length": -1,
        "upload_content_length": -1,
        "content_type": false
    },
    "verbose_log": "*   Trying 66.175.211.30:443...\n* connect to 66.175.211.30 port 443 failed: Timed out\n* Failed to connect to sms.arkesel.com port 443 after 21040 ms: Couldn't connect to server\n* Closing connection\n"
}
{
    "time": "2025-07-27 13:58:50",
    "url": "https:\/\/sms.arkesel.com\/api\/v2\/sms\/send",
    "payload": {
        "sender": "MyFreeman",
        "message": "Dear Ekow Paa Mensah, your payment of \u20b57.00 for July Sample Payment has been received by Freeman Methodist Church - KM. Thank You!",
        "recipients": [
            "233545644749"
        ]
    },
    "request_headers": [
        "api-key: cHZtY1B3SW5sZ05iUEJOVmZ1QXA",
        "Content-Type: application\/json",
        "Accept: application\/json"
    ],
    "http_status": 0,
    "response_headers": "",
    "response_body": false,
    "curl_error": "Failed to connect to sms.arkesel.com port 443 after 21257 ms: Couldn't connect to server",
    "curl_info": {
        "total_time": 21.257389,
        "connect_time": 0,
        "namelookup_time": 0.221543,
        "pretransfer_time": 0,
        "starttransfer_time": 0,
        "redirect_time": 0,
        "redirect_count": 0,
        "size_upload": 0,
        "size_download": 0,
        "speed_download": 0,
        "speed_upload": 0,
        "download_content_length": -1,
        "upload_content_length": -1,
        "content_type": false
    },
    "verbose_log": "*   Trying 66.175.211.30:443...\n* connect to 66.175.211.30 port 443 failed: Timed out\n* Failed to connect to sms.arkesel.com port 443 after 21257 ms: Couldn't connect to server\n* Closing connection\n"
}
{
    "time": "2025-07-27 13:59:11",
    "url": "https:\/\/sms.arkesel.com\/api\/v2\/sms\/send",
    "payload": {
        "sender": "MyFreeman",
        "message": "Dear Ekow Paa Mensah, your payment of \u20b57.00 for July Sample Payment has been received by Freeman Methodist Church - KM. Thank You!",
        "recipients": [
            "233545644749"
        ]
    },
    "request_headers": [
        "api-key: cHZtY1B3SW5sZ05iUEJOVmZ1QXA",
        "Content-Type: application\/json",
        "Accept: application\/json"
    ],
    "http_status": 0,
    "response_headers": "",
    "response_body": false,
    "curl_error": "Failed to connect to sms.arkesel.com port 443 after 21033 ms: Couldn't connect to server",
    "curl_info": {
        "total_time": 21.03328,
        "connect_time": 0,
        "namelookup_time": 0.001753,
        "pretransfer_time": 0,
        "starttransfer_time": 0,
        "redirect_time": 0,
        "redirect_count": 0,
        "size_upload": 0,
        "size_download": 0,
        "speed_download": 0,
        "speed_upload": 0,
        "download_content_length": -1,
        "upload_content_length": -1,
        "content_type": false
    },
    "verbose_log": "*   Trying 66.175.211.30:443...\n* connect to 66.175.211.30 port 443 failed: Timed out\n* Failed to connect to sms.arkesel.com port 443 after 21033 ms: Couldn't connect to server\n* Closing connection\n"
}
{
    "time": "2025-07-27 14:10:33",
    "url": "https:\/\/sms.arkesel.com\/api\/v2\/sms\/send",
    "payload": {
        "sender": "MyFreeman",
        "message": "Dear Ekow Paa Mensah, your payment of \u20b59.00 for July Offertory has been received by Freeman Methodist Church - KM. Thank You!",
        "recipients": [
            "233545644749"
        ]
    },
    "request_headers": [
        "api-key: cHZtY1B3SW5sZ05iUEJOVmZ1QXA",
        "Content-Type: application\/json",
        "Accept: application\/json"
    ],
    "http_status": 0,
    "response_headers": "",
    "response_body": false,
    "curl_error": "Failed to connect to sms.arkesel.com port 443 after 21260 ms: Couldn't connect to server",
    "curl_info": {
        "total_time": 21.261014,
        "connect_time": 0,
        "namelookup_time": 0.215518,
        "pretransfer_time": 0,
        "starttransfer_time": 0,
        "redirect_time": 0,
        "redirect_count": 0,
        "size_upload": 0,
        "size_download": 0,
        "speed_download": 0,
        "speed_upload": 0,
        "download_content_length": -1,
        "upload_content_length": -1,
        "content_type": false
    },
    "verbose_log": "*   Trying 66.175.211.30:443...\n* connect to 66.175.211.30 port 443 failed: Timed out\n* Failed to connect to sms.arkesel.com port 443 after 21260 ms: Couldn't connect to server\n* Closing connection\n"
}
{
    "time": "2025-07-27 14:10:54",
    "url": "https:\/\/sms.arkesel.com\/api\/v2\/sms\/send",
    "payload": {
        "sender": "MyFreeman",
        "message": "Dear Ekow Paa Mensah, your payment of \u20b59.00 for July Offertory has been received by Freeman Methodist Church - KM. Thank You!",
        "recipients": [
            "233545644749"
        ]
    },
    "request_headers": [
        "api-key: cHZtY1B3SW5sZ05iUEJOVmZ1QXA",
        "Content-Type: application\/json",
        "Accept: application\/json"
    ],
    "http_status": 0,
    "response_headers": "",
    "response_body": false,
    "curl_error": "Failed to connect to sms.arkesel.com port 443 after 21055 ms: Couldn't connect to server",
    "curl_info": {
        "total_time": 21.055712,
        "connect_time": 0,
        "namelookup_time": 0.021836,
        "pretransfer_time": 0,
        "starttransfer_time": 0,
        "redirect_time": 0,
        "redirect_count": 0,
        "size_upload": 0,
        "size_download": 0,
        "speed_download": 0,
        "speed_upload": 0,
        "download_content_length": -1,
        "upload_content_length": -1,
        "content_type": false
    },
    "verbose_log": "*   Trying 66.175.211.30:443...\n* connect to 66.175.211.30 port 443 failed: Timed out\n* Failed to connect to sms.arkesel.com port 443 after 21055 ms: Couldn't connect to server\n* Closing connection\n"
}
{
    "time": "2025-07-27 14:11:52",
    "url": "https:\/\/sms.arkesel.com\/api\/v2\/sms\/send",
    "payload": {
        "sender": "MyFreeman",
        "message": "Dear Ekow Paa Mensah, your payment of \u20b590.00 for July education fund has been received by Freeman Methodist Church - KM. Thank You!",
        "recipients": [
            "233545644749"
        ]
    },
    "request_headers": [
        "api-key: cHZtY1B3SW5sZ05iUEJOVmZ1QXA",
        "Content-Type: application\/json",
        "Accept: application\/json"
    ],
    "http_status": 0,
    "response_headers": "",
    "response_body": false,
    "curl_error": "Failed to connect to sms.arkesel.com port 443 after 21052 ms: Couldn't connect to server",
    "curl_info": {
        "total_time": 21.052549,
        "connect_time": 0,
        "namelookup_time": 0.011166,
        "pretransfer_time": 0,
        "starttransfer_time": 0,
        "redirect_time": 0,
        "redirect_count": 0,
        "size_upload": 0,
        "size_download": 0,
        "speed_download": 0,
        "speed_upload": 0,
        "download_content_length": -1,
        "upload_content_length": -1,
        "content_type": false
    },
    "verbose_log": "*   Trying 66.175.211.30:443...\n* connect to 66.175.211.30 port 443 failed: Timed out\n* Failed to connect to sms.arkesel.com port 443 after 21052 ms: Couldn't connect to server\n* Closing connection\n"
}
{
    "time": "2025-07-27 14:12:13",
    "url": "https:\/\/sms.arkesel.com\/api\/v2\/sms\/send",
    "payload": {
        "sender": "MyFreeman",
        "message": "Dear Ekow Paa Mensah, your payment of \u20b590.00 for July education fund has been received by Freeman Methodist Church - KM. Thank You!",
        "recipients": [
            "233545644749"
        ]
    },
    "request_headers": [
        "api-key: cHZtY1B3SW5sZ05iUEJOVmZ1QXA",
        "Content-Type: application\/json",
        "Accept: application\/json"
    ],
    "http_status": 0,
    "response_headers": "",
    "response_body": false,
    "curl_error": "Failed to connect to sms.arkesel.com port 443 after 21043 ms: Couldn't connect to server",
    "curl_info": {
        "total_time": 21.04247,
        "connect_time": 0,
        "namelookup_time": 0.002868,
        "pretransfer_time": 0,
        "starttransfer_time": 0,
        "redirect_time": 0,
        "redirect_count": 0,
        "size_upload": 0,
        "size_download": 0,
        "speed_download": 0,
        "speed_upload": 0,
        "download_content_length": -1,
        "upload_content_length": -1,
        "content_type": false
    },
    "verbose_log": "*   Trying 66.175.211.30:443...\n* connect to 66.175.211.30 port 443 failed: Timed out\n* Failed to connect to sms.arkesel.com port 443 after 21043 ms: Couldn't connect to server\n* Closing connection\n"
}
{
    "time": "2025-07-27 14:34:51",
    "url": "https:\/\/sms.arkesel.com\/api\/v2\/sms\/send",
    "payload": {
        "sender": "MyFreeman",
        "message": "Dear Ekow Paa Mensah, your payment of \u20b520.00 for July education fund has been received by Freeman Methodist Church - KM. Thank You!",
        "recipients": [
            "233545644749"
        ]
    },
    "request_headers": [
        "api-key: cHZtY1B3SW5sZ05iUEJOVmZ1QXA",
        "Content-Type: application\/json",
        "Accept: application\/json"
    ],
    "http_status": 0,
    "response_headers": "",
    "response_body": false,
    "curl_error": "Failed to connect to sms.arkesel.com port 443 after 21258 ms: Couldn't connect to server",
    "curl_info": {
        "total_time": 21.258682,
        "connect_time": 0,
        "namelookup_time": 0.215793,
        "pretransfer_time": 0,
        "starttransfer_time": 0,
        "redirect_time": 0,
        "redirect_count": 0,
        "size_upload": 0,
        "size_download": 0,
        "speed_download": 0,
        "speed_upload": 0,
        "download_content_length": -1,
        "upload_content_length": -1,
        "content_type": false
    },
    "verbose_log": "*   Trying 66.175.211.30:443...\n* connect to 66.175.211.30 port 443 failed: Timed out\n* Failed to connect to sms.arkesel.com port 443 after 21258 ms: Couldn't connect to server\n* Closing connection\n"
}
{
    "time": "2025-07-27 14:35:12",
    "url": "https:\/\/sms.arkesel.com\/api\/v2\/sms\/send",
    "payload": {
        "sender": "MyFreeman",
        "message": "Dear Ekow Paa Mensah, your payment of \u20b520.00 for July education fund has been received by Freeman Methodist Church - KM. Thank You!",
        "recipients": [
            "233545644749"
        ]
    },
    "request_headers": [
        "api-key: cHZtY1B3SW5sZ05iUEJOVmZ1QXA",
        "Content-Type: application\/json",
        "Accept: application\/json"
    ],
    "http_status": 0,
    "response_headers": "",
    "response_body": false,
    "curl_error": "Failed to connect to sms.arkesel.com port 443 after 21044 ms: Couldn't connect to server",
    "curl_info": {
        "total_time": 21.044697,
        "connect_time": 0,
        "namelookup_time": 0.013309,
        "pretransfer_time": 0,
        "starttransfer_time": 0,
        "redirect_time": 0,
        "redirect_count": 0,
        "size_upload": 0,
        "size_download": 0,
        "speed_download": 0,
        "speed_upload": 0,
        "download_content_length": -1,
        "upload_content_length": -1,
        "content_type": false
    },
    "verbose_log": "*   Trying 66.175.211.30:443...\n* connect to 66.175.211.30 port 443 failed: Timed out\n* Failed to connect to sms.arkesel.com port 443 after 21044 ms: Couldn't connect to server\n* Closing connection\n"
}
{
    "time": "2025-07-27 14:47:17",
    "url": "https:\/\/sms.arkesel.com\/api\/v2\/sms\/send",
    "payload": {
        "sender": "MyFreeman",
        "message": "Dear Ekow Paa Mensah, your payment of \u20b510.00 for July education fund has been received by Freeman Methodist Church - KM. Thank You!",
        "recipients": [
            "233545644749"
        ]
    },
    "request_headers": [
        "api-key: cHZtY1B3SW5sZ05iUEJOVmZ1QXA",
        "Content-Type: application\/json",
        "Accept: application\/json"
    ],
    "http_status": 0,
    "response_headers": "",
    "response_body": false,
    "curl_error": "Failed to connect to sms.arkesel.com port 443 after 21425 ms: Couldn't connect to server",
    "curl_info": {
        "total_time": 21.425968,
        "connect_time": 0,
        "namelookup_time": 0.380696,
        "pretransfer_time": 0,
        "starttransfer_time": 0,
        "redirect_time": 0,
        "redirect_count": 0,
        "size_upload": 0,
        "size_download": 0,
        "speed_download": 0,
        "speed_upload": 0,
        "download_content_length": -1,
        "upload_content_length": -1,
        "content_type": false
    },
    "verbose_log": "*   Trying 66.175.211.30:443...\n* connect to 66.175.211.30 port 443 failed: Timed out\n* Failed to connect to sms.arkesel.com port 443 after 21425 ms: Couldn't connect to server\n* Closing connection\n"
}
{
    "time": "2025-07-27 14:47:38",
    "url": "https:\/\/sms.arkesel.com\/api\/v2\/sms\/send",
    "payload": {
        "sender": "MyFreeman",
        "message": "Dear Ekow Paa Mensah, your payment of \u20b510.00 for July education fund has been received by Freeman Methodist Church - KM. Thank You!",
        "recipients": [
            "233545644749"
        ]
    },
    "request_headers": [
        "api-key: cHZtY1B3SW5sZ05iUEJOVmZ1QXA",
        "Content-Type: application\/json",
        "Accept: application\/json"
    ],
    "http_status": 0,
    "response_headers": "",
    "response_body": false,
    "curl_error": "Failed to connect to sms.arkesel.com port 443 after 21047 ms: Couldn't connect to server",
    "curl_info": {
        "total_time": 21.04836,
        "connect_time": 0,
        "namelookup_time": 0.002018,
        "pretransfer_time": 0,
        "starttransfer_time": 0,
        "redirect_time": 0,
        "redirect_count": 0,
        "size_upload": 0,
        "size_download": 0,
        "speed_download": 0,
        "speed_upload": 0,
        "download_content_length": -1,
        "upload_content_length": -1,
        "content_type": false
    },
    "verbose_log": "*   Trying 66.175.211.30:443...\n* connect to 66.175.211.30 port 443 failed: Timed out\n* Failed to connect to sms.arkesel.com port 443 after 21047 ms: Couldn't connect to server\n* Closing connection\n"
}
{
    "time": "2025-07-27 14:48:15",
    "url": "https:\/\/sms.arkesel.com\/api\/v2\/sms\/send",
    "payload": {
        "sender": "FMC-KM",
        "message": "Dear Ekow Paa Mensah, your payment of \u20b59.00 for July education fund has been received by Freeman Methodist Church - KM. Thank You!",
        "recipients": [
            "233545644749"
        ]
    },
    "request_headers": [
        "api-key: cHZtY1B3SW5sZ05iUEJOVmZ1QXA",
        "Content-Type: application\/json",
        "Accept: application\/json"
    ],
    "http_status": 0,
    "response_headers": "",
    "response_body": false,
    "curl_error": "Failed to connect to sms.arkesel.com port 443 after 21085 ms: Couldn't connect to server",
    "curl_info": {
        "total_time": 21.085425,
        "connect_time": 0,
        "namelookup_time": 0.035491,
        "pretransfer_time": 0,
        "starttransfer_time": 0,
        "redirect_time": 0,
        "redirect_count": 0,
        "size_upload": 0,
        "size_download": 0,
        "speed_download": 0,
        "speed_upload": 0,
        "download_content_length": -1,
        "upload_content_length": -1,
        "content_type": false
    },
    "verbose_log": "*   Trying 66.175.211.30:443...\n* connect to 66.175.211.30 port 443 failed: Timed out\n* Failed to connect to sms.arkesel.com port 443 after 21085 ms: Couldn't connect to server\n* Closing connection\n"
}
{
    "time": "2025-07-27 14:48:36",
    "url": "https:\/\/sms.arkesel.com\/api\/v2\/sms\/send",
    "payload": {
        "sender": "MyFreeman",
        "message": "Dear Ekow Paa Mensah, your payment of \u20b59.00 for July education fund has been received by Freeman Methodist Church - KM. Thank You!",
        "recipients": [
            "233545644749"
        ]
    },
    "request_headers": [
        "api-key: cHZtY1B3SW5sZ05iUEJOVmZ1QXA",
        "Content-Type: application\/json",
        "Accept: application\/json"
    ],
    "http_status": 0,
    "response_headers": "",
    "response_body": false,
    "curl_error": "Failed to connect to sms.arkesel.com port 443 after 21037 ms: Couldn't connect to server",
    "curl_info": {
        "total_time": 21.037167,
        "connect_time": 0,
        "namelookup_time": 0.005807,
        "pretransfer_time": 0,
        "starttransfer_time": 0,
        "redirect_time": 0,
        "redirect_count": 0,
        "size_upload": 0,
        "size_download": 0,
        "speed_download": 0,
        "speed_upload": 0,
        "download_content_length": -1,
        "upload_content_length": -1,
        "content_type": false
    },
    "verbose_log": "*   Trying 66.175.211.30:443...\n* connect to 66.175.211.30 port 443 failed: Timed out\n* Failed to connect to sms.arkesel.com port 443 after 21037 ms: Couldn't connect to server\n* Closing connection\n"
}
{
    "time": "2025-07-27 14:51:19",
    "url": "https:\/\/sms.arkesel.com\/api\/v2\/sms\/send",
    "payload": {
        "sender": "FMC-KM",
        "message": "Dear Ekow Paa Mensah, your payment of \u20b510.00 for July education fund has been received by Freeman Methodist Church - KM. Thank You!",
        "recipients": [
            "233545644749"
        ]
    },
    "request_headers": [
        "api-key: cHZtY1B3SW5sZ05iUEJOVmZ1QXA",
        "Content-Type: application\/json",
        "Accept: application\/json"
    ],
    "http_status": 0,
    "response_headers": "",
    "response_body": false,
    "curl_error": "Failed to connect to sms.arkesel.com port 443 after 21036 ms: Couldn't connect to server",
    "curl_info": {
        "total_time": 21.036857,
        "connect_time": 0,
        "namelookup_time": 0.022215,
        "pretransfer_time": 0,
        "starttransfer_time": 0,
        "redirect_time": 0,
        "redirect_count": 0,
        "size_upload": 0,
        "size_download": 0,
        "speed_download": 0,
        "speed_upload": 0,
        "download_content_length": -1,
        "upload_content_length": -1,
        "content_type": false
    },
    "verbose_log": "*   Trying 66.175.211.30:443...\n* connect to 66.175.211.30 port 443 failed: Timed out\n* Failed to connect to sms.arkesel.com port 443 after 21036 ms: Couldn't connect to server\n* Closing connection\n"
}
{
    "time": "2025-07-27 14:51:40",
    "url": "https:\/\/sms.arkesel.com\/api\/v2\/sms\/send",
    "payload": {
        "sender": "MyFreeman",
        "message": "Dear Ekow Paa Mensah, your payment of \u20b510.00 for July education fund has been received by Freeman Methodist Church - KM. Thank You!",
        "recipients": [
            "233545644749"
        ]
    },
    "request_headers": [
        "api-key: cHZtY1B3SW5sZ05iUEJOVmZ1QXA",
        "Content-Type: application\/json",
        "Accept: application\/json"
    ],
    "http_status": 0,
    "response_headers": "",
    "response_body": false,
    "curl_error": "Failed to connect to sms.arkesel.com port 443 after 21026 ms: Couldn't connect to server",
    "curl_info": {
        "total_time": 21.027439,
        "connect_time": 0,
        "namelookup_time": 0.003954,
        "pretransfer_time": 0,
        "starttransfer_time": 0,
        "redirect_time": 0,
        "redirect_count": 0,
        "size_upload": 0,
        "size_download": 0,
        "speed_download": 0,
        "speed_upload": 0,
        "download_content_length": -1,
        "upload_content_length": -1,
        "content_type": false
    },
    "verbose_log": "*   Trying 66.175.211.30:443...\n* connect to 66.175.211.30 port 443 failed: Timed out\n* Failed to connect to sms.arkesel.com port 443 after 21026 ms: Couldn't connect to server\n* Closing connection\n"
}
{
    "time": "2025-07-27 19:16:08",
    "url": "https:\/\/sms.arkesel.com\/api\/v2\/sms\/send",
    "payload": {
        "sender": "MyFreeman",
        "message": "Dear Ekow Paa Mensah, your payment of \u20b51.60 for July Tithe has been received by Freeman Methodist Church - KM. Thank You!",
        "recipients": [
            "233545644749"
        ]
    },
    "request_headers": [
        "api-key: cHZtY1B3SW5sZ05iUEJOVmZ1QXA",
        "Content-Type: application\/json",
        "Accept: application\/json"
    ],
    "http_status": 0,
    "response_headers": "",
    "response_body": false,
    "curl_error": "Failed to connect to sms.arkesel.com port 443 after 21227 ms: Couldn't connect to server",
    "curl_info": {
        "total_time": 21.228294,
        "connect_time": 0,
        "namelookup_time": 0.198873,
        "pretransfer_time": 0,
        "starttransfer_time": 0,
        "redirect_time": 0,
        "redirect_count": 0,
        "size_upload": 0,
        "size_download": 0,
        "speed_download": 0,
        "speed_upload": 0,
        "download_content_length": -1,
        "upload_content_length": -1,
        "content_type": false
    },
    "verbose_log": "*   Trying 66.175.211.30:443...\n* connect to 66.175.211.30 port 443 failed: Timed out\n* Failed to connect to sms.arkesel.com port 443 after 21227 ms: Couldn't connect to server\n* Closing connection\n"
}
{
    "time": "2025-07-27 19:16:29",
    "url": "https:\/\/sms.arkesel.com\/api\/v2\/sms\/send",
    "payload": {
        "sender": "MyFreeman",
        "message": "Dear Ekow Paa Mensah, your payment of \u20b51.60 for July Tithe has been received by Freeman Methodist Church - KM. Thank You!",
        "recipients": [
            "233545644749"
        ]
    },
    "request_headers": [
        "api-key: cHZtY1B3SW5sZ05iUEJOVmZ1QXA",
        "Content-Type: application\/json",
        "Accept: application\/json"
    ],
    "http_status": 0,
    "response_headers": "",
    "response_body": false,
    "curl_error": "Failed to connect to sms.arkesel.com port 443 after 21075 ms: Couldn't connect to server",
    "curl_info": {
        "total_time": 21.075662,
        "connect_time": 0,
        "namelookup_time": 0.02123,
        "pretransfer_time": 0,
        "starttransfer_time": 0,
        "redirect_time": 0,
        "redirect_count": 0,
        "size_upload": 0,
        "size_download": 0,
        "speed_download": 0,
        "speed_upload": 0,
        "download_content_length": -1,
        "upload_content_length": -1,
        "content_type": false
    },
    "verbose_log": "*   Trying 66.175.211.30:443...\n* connect to 66.175.211.30 port 443 failed: Timed out\n* Failed to connect to sms.arkesel.com port 443 after 21075 ms: Couldn't connect to server\n* Closing connection\n"
}
{
    "time": "2025-07-27 19:43:51",
    "url": "https:\/\/sms.arkesel.com\/api\/v2\/sms\/send",
    "payload": {
        "sender": "MyFreeman",
        "message": "Hi kdklddlk, click on the link to complete your registration: http:\/\/localhost\/myfreemanchurchgit\/church\/views\/complete_registration.php?token=a10ff7daeabd9d83d8b9107cb03f8a27",
        "recipients": [
            "494949494"
        ]
    },
    "request_headers": [
        "api-key: cHZtY1B3SW5sZ05iUEJOVmZ1QXA",
        "Content-Type: application\/json",
        "Accept: application\/json"
    ],
    "http_status": 0,
    "response_headers": "",
    "response_body": false,
    "curl_error": "Failed to connect to sms.arkesel.com port 443 after 21283 ms: Couldn't connect to server",
    "curl_info": {
        "total_time": 21.283772,
        "connect_time": 0,
        "namelookup_time": 0.253288,
        "pretransfer_time": 0,
        "starttransfer_time": 0,
        "redirect_time": 0,
        "redirect_count": 0,
        "size_upload": 0,
        "size_download": 0,
        "speed_download": 0,
        "speed_upload": 0,
        "download_content_length": -1,
        "upload_content_length": -1,
        "content_type": false
    },
    "verbose_log": "*   Trying 66.175.211.30:443...\n* connect to 66.175.211.30 port 443 failed: Timed out\n* Failed to connect to sms.arkesel.com port 443 after 21283 ms: Couldn't connect to server\n* Closing connection\n"
}
{
    "time": "2025-07-27 19:44:12",
    "url": "https:\/\/sms.arkesel.com\/api\/v2\/sms\/send",
    "payload": {
        "sender": "MyFreeman",
        "message": "Hi kdklddlk, click on the link to complete your registration: http:\/\/localhost\/myfreemanchurchgit\/church\/views\/complete_registration.php?token=a10ff7daeabd9d83d8b9107cb03f8a27",
        "recipients": [
            "494949494"
        ]
    },
    "request_headers": [
        "api-key: cHZtY1B3SW5sZ05iUEJOVmZ1QXA",
        "Content-Type: application\/json",
        "Accept: application\/json"
    ],
    "http_status": 0,
    "response_headers": "",
    "response_body": false,
    "curl_error": "Failed to connect to sms.arkesel.com port 443 after 21037 ms: Couldn't connect to server",
    "curl_info": {
        "total_time": 21.037484,
        "connect_time": 0,
        "namelookup_time": 0.002928,
        "pretransfer_time": 0,
        "starttransfer_time": 0,
        "redirect_time": 0,
        "redirect_count": 0,
        "size_upload": 0,
        "size_download": 0,
        "speed_download": 0,
        "speed_upload": 0,
        "download_content_length": -1,
        "upload_content_length": -1,
        "content_type": false
    },
    "verbose_log": "*   Trying 66.175.211.30:443...\n* connect to 66.175.211.30 port 443 failed: Timed out\n* Failed to connect to sms.arkesel.com port 443 after 21037 ms: Couldn't connect to server\n* Closing connection\n"
}
{
    "time": "2025-07-27 19:46:28",
    "url": "https:\/\/sms.arkesel.com\/api\/v2\/sms\/send",
    "payload": {
        "sender": "MyFreeman",
        "message": "Dear Ekow Paa Mensah, your payment of \u20b51.90 for July Sample Payment has been received by Freeman Methodist Church - KM. Thank You!",
        "recipients": [
            "233545644749"
        ]
    },
    "request_headers": [
        "api-key: cHZtY1B3SW5sZ05iUEJOVmZ1QXA",
        "Content-Type: application\/json",
        "Accept: application\/json"
    ],
    "http_status": 0,
    "response_headers": "",
    "response_body": false,
    "curl_error": "Failed to connect to sms.arkesel.com port 443 after 21061 ms: Couldn't connect to server",
    "curl_info": {
        "total_time": 21.061909,
        "connect_time": 0,
        "namelookup_time": 0.022731,
        "pretransfer_time": 0,
        "starttransfer_time": 0,
        "redirect_time": 0,
        "redirect_count": 0,
        "size_upload": 0,
        "size_download": 0,
        "speed_download": 0,
        "speed_upload": 0,
        "download_content_length": -1,
        "upload_content_length": -1,
        "content_type": false
    },
    "verbose_log": "*   Trying 66.175.211.30:443...\n* connect to 66.175.211.30 port 443 failed: Timed out\n* Failed to connect to sms.arkesel.com port 443 after 21061 ms: Couldn't connect to server\n* Closing connection\n"
}
{
    "time": "2025-07-27 19:46:50",
    "url": "https:\/\/sms.arkesel.com\/api\/v2\/sms\/send",
    "payload": {
        "sender": "MyFreeman",
        "message": "Dear Ekow Paa Mensah, your payment of \u20b51.90 for July Sample Payment has been received by Freeman Methodist Church - KM. Thank You!",
        "recipients": [
            "233545644749"
        ]
    },
    "request_headers": [
        "api-key: cHZtY1B3SW5sZ05iUEJOVmZ1QXA",
        "Content-Type: application\/json",
        "Accept: application\/json"
    ],
    "http_status": 0,
    "response_headers": "",
    "response_body": false,
    "curl_error": "Failed to connect to sms.arkesel.com port 443 after 21051 ms: Couldn't connect to server",
    "curl_info": {
        "total_time": 21.051996,
        "connect_time": 0,
        "namelookup_time": 0.010537,
        "pretransfer_time": 0,
        "starttransfer_time": 0,
        "redirect_time": 0,
        "redirect_count": 0,
        "size_upload": 0,
        "size_download": 0,
        "speed_download": 0,
        "speed_upload": 0,
        "download_content_length": -1,
        "upload_content_length": -1,
        "content_type": false
    },
    "verbose_log": "*   Trying 66.175.211.30:443...\n* connect to 66.175.211.30 port 443 failed: Timed out\n* Failed to connect to sms.arkesel.com port 443 after 21051 ms: Couldn't connect to server\n* Closing connection\n"
}
{
    "time": "2025-07-27 20:09:20",
    "url": "https:\/\/sms.arkesel.com\/api\/v2\/sms\/send",
    "payload": {
        "sender": "MyFreeman",
        "message": "Dear Thomas Sam, your payment of \u20b510.00 for July harvest has been received by Freeman Methodist Church - KM. Thank You!",
        "recipients": [
            "233554828663"
        ]
    },
    "request_headers": [
        "api-key: cHZtY1B3SW5sZ05iUEJOVmZ1QXA",
        "Content-Type: application\/json",
        "Accept: application\/json"
    ],
    "http_status": 0,
    "response_headers": "",
    "response_body": false,
    "curl_error": "Failed to connect to sms.arkesel.com port 443 after 21277 ms: Couldn't connect to server",
    "curl_info": {
        "total_time": 21.276949,
        "connect_time": 0,
        "namelookup_time": 0.223909,
        "pretransfer_time": 0,
        "starttransfer_time": 0,
        "redirect_time": 0,
        "redirect_count": 0,
        "size_upload": 0,
        "size_download": 0,
        "speed_download": 0,
        "speed_upload": 0,
        "download_content_length": -1,
        "upload_content_length": -1,
        "content_type": false
    },
    "verbose_log": "*   Trying 66.175.211.30:443...\n* connect to 66.175.211.30 port 443 failed: Timed out\n* Failed to connect to sms.arkesel.com port 443 after 21277 ms: Couldn't connect to server\n* Closing connection\n"
}
{
    "time": "2025-07-27 20:09:41",
    "url": "https:\/\/sms.arkesel.com\/api\/v2\/sms\/send",
    "payload": {
        "sender": "MyFreeman",
        "message": "Dear Thomas Sam, your payment of \u20b510.00 for July harvest has been received by Freeman Methodist Church - KM. Thank You!",
        "recipients": [
            "233554828663"
        ]
    },
    "request_headers": [
        "api-key: cHZtY1B3SW5sZ05iUEJOVmZ1QXA",
        "Content-Type: application\/json",
        "Accept: application\/json"
    ],
    "http_status": 0,
    "response_headers": "",
    "response_body": false,
    "curl_error": "Failed to connect to sms.arkesel.com port 443 after 21047 ms: Couldn't connect to server",
    "curl_info": {
        "total_time": 21.048102,
        "connect_time": 0,
        "namelookup_time": 0.002586,
        "pretransfer_time": 0,
        "starttransfer_time": 0,
        "redirect_time": 0,
        "redirect_count": 0,
        "size_upload": 0,
        "size_download": 0,
        "speed_download": 0,
        "speed_upload": 0,
        "download_content_length": -1,
        "upload_content_length": -1,
        "content_type": false
    },
    "verbose_log": "*   Trying 66.175.211.30:443...\n* connect to 66.175.211.30 port 443 failed: Timed out\n* Failed to connect to sms.arkesel.com port 443 after 21047 ms: Couldn't connect to server\n* Closing connection\n"
}
{
    "time": "2025-07-27 20:10:02",
    "url": "https:\/\/sms.arkesel.com\/api\/v2\/sms\/send",
    "payload": {
        "sender": "MyFreeman",
        "message": "Dear Thomas Sam, your payment of \u20b539.00 for July Sample Payment has been received by Freeman Methodist Church - KM. Thank You!",
        "recipients": [
            "233554828663"
        ]
    },
    "request_headers": [
        "api-key: cHZtY1B3SW5sZ05iUEJOVmZ1QXA",
        "Content-Type: application\/json",
        "Accept: application\/json"
    ],
    "http_status": 0,
    "response_headers": "",
    "response_body": false,
    "curl_error": "Failed to connect to sms.arkesel.com port 443 after 21022 ms: Couldn't connect to server",
    "curl_info": {
        "total_time": 21.022478,
        "connect_time": 0,
        "namelookup_time": 0.001951,
        "pretransfer_time": 0,
        "starttransfer_time": 0,
        "redirect_time": 0,
        "redirect_count": 0,
        "size_upload": 0,
        "size_download": 0,
        "speed_download": 0,
        "speed_upload": 0,
        "download_content_length": -1,
        "upload_content_length": -1,
        "content_type": false
    },
    "verbose_log": "*   Trying 66.175.211.30:443...\n* connect to 66.175.211.30 port 443 failed: Timed out\n* Failed to connect to sms.arkesel.com port 443 after 21022 ms: Couldn't connect to server\n* Closing connection\n"
}
{
    "time": "2025-07-27 20:10:23",
    "url": "https:\/\/sms.arkesel.com\/api\/v2\/sms\/send",
    "payload": {
        "sender": "MyFreeman",
        "message": "Dear Thomas Sam, your payment of \u20b539.00 for July Sample Payment has been received by Freeman Methodist Church - KM. Thank You!",
        "recipients": [
            "233554828663"
        ]
    },
    "request_headers": [
        "api-key: cHZtY1B3SW5sZ05iUEJOVmZ1QXA",
        "Content-Type: application\/json",
        "Accept: application\/json"
    ],
    "http_status": 0,
    "response_headers": "",
    "response_body": false,
    "curl_error": "Failed to connect to sms.arkesel.com port 443 after 21030 ms: Couldn't connect to server",
    "curl_info": {
        "total_time": 21.031015,
        "connect_time": 0,
        "namelookup_time": 0.004477,
        "pretransfer_time": 0,
        "starttransfer_time": 0,
        "redirect_time": 0,
        "redirect_count": 0,
        "size_upload": 0,
        "size_download": 0,
        "speed_download": 0,
        "speed_upload": 0,
        "download_content_length": -1,
        "upload_content_length": -1,
        "content_type": false
    },
    "verbose_log": "*   Trying 66.175.211.30:443...\n* connect to 66.175.211.30 port 443 failed: Timed out\n* Failed to connect to sms.arkesel.com port 443 after 21030 ms: Couldn't connect to server\n* Closing connection\n"
}
{
    "time": "2025-07-27 20:10:44",
    "url": "https:\/\/sms.arkesel.com\/api\/v2\/sms\/send",
    "payload": {
        "sender": "MyFreeman",
        "message": "Dear DANIEL  ANTWI, your payment of \u20b510.00 for July Offertory has been received by Freeman Methodist Church - KM. Thank You!",
        "recipients": [
            "233553143607"
        ]
    },
    "request_headers": [
        "api-key: cHZtY1B3SW5sZ05iUEJOVmZ1QXA",
        "Content-Type: application\/json",
        "Accept: application\/json"
    ],
    "http_status": 0,
    "response_headers": "",
    "response_body": false,
    "curl_error": "Failed to connect to sms.arkesel.com port 443 after 21021 ms: Couldn't connect to server",
    "curl_info": {
        "total_time": 21.021751,
        "connect_time": 0,
        "namelookup_time": 0.001796,
        "pretransfer_time": 0,
        "starttransfer_time": 0,
        "redirect_time": 0,
        "redirect_count": 0,
        "size_upload": 0,
        "size_download": 0,
        "speed_download": 0,
        "speed_upload": 0,
        "download_content_length": -1,
        "upload_content_length": -1,
        "content_type": false
    },
    "verbose_log": "*   Trying 66.175.211.30:443...\n* connect to 66.175.211.30 port 443 failed: Timed out\n* Failed to connect to sms.arkesel.com port 443 after 21021 ms: Couldn't connect to server\n* Closing connection\n"
}
{
    "time": "2025-07-27 20:21:14",
    "url": "https:\/\/sms.arkesel.com\/api\/v2\/sms\/send",
    "payload": {
        "sender": "MyFreeman",
        "message": "Dear Ekow Paa Mensah, your payment of \u20b54.00 for July harvest has been received by Freeman Methodist Church - KM. Thank You!",
        "recipients": [
            "233545644749"
        ]
    },
    "request_headers": [
        "api-key: cHZtY1B3SW5sZ05iUEJOVmZ1QXA",
        "Content-Type: application\/json",
        "Accept: application\/json"
    ],
    "http_status": 0,
    "response_headers": "",
    "response_body": false,
    "curl_error": "Failed to connect to sms.arkesel.com port 443 after 21276 ms: Couldn't connect to server",
    "curl_info": {
        "total_time": 21.275806,
        "connect_time": 0,
        "namelookup_time": 0.230266,
        "pretransfer_time": 0,
        "starttransfer_time": 0,
        "redirect_time": 0,
        "redirect_count": 0,
        "size_upload": 0,
        "size_download": 0,
        "speed_download": 0,
        "speed_upload": 0,
        "download_content_length": -1,
        "upload_content_length": -1,
        "content_type": false
    },
    "verbose_log": "*   Trying 66.175.211.30:443...\n* connect to 66.175.211.30 port 443 failed: Timed out\n* Failed to connect to sms.arkesel.com port 443 after 21276 ms: Couldn't connect to server\n* Closing connection\n"
}
{
    "time": "2025-07-27 20:21:35",
    "url": "https:\/\/sms.arkesel.com\/api\/v2\/sms\/send",
    "payload": {
        "sender": "MyFreeman",
        "message": "Dear Ekow Paa Mensah, your payment of \u20b54.00 for July harvest has been received by Freeman Methodist Church - KM. Thank You!",
        "recipients": [
            "233545644749"
        ]
    },
    "request_headers": [
        "api-key: cHZtY1B3SW5sZ05iUEJOVmZ1QXA",
        "Content-Type: application\/json",
        "Accept: application\/json"
    ],
    "http_status": 0,
    "response_headers": "",
    "response_body": false,
    "curl_error": "Failed to connect to sms.arkesel.com port 443 after 21047 ms: Couldn't connect to server",
    "curl_info": {
        "total_time": 21.047724,
        "connect_time": 0,
        "namelookup_time": 0.015693,
        "pretransfer_time": 0,
        "starttransfer_time": 0,
        "redirect_time": 0,
        "redirect_count": 0,
        "size_upload": 0,
        "size_download": 0,
        "speed_download": 0,
        "speed_upload": 0,
        "download_content_length": -1,
        "upload_content_length": -1,
        "content_type": false
    },
    "verbose_log": "*   Trying 66.175.211.30:443...\n* connect to 66.175.211.30 port 443 failed: Timed out\n* Failed to connect to sms.arkesel.com port 443 after 21047 ms: Couldn't connect to server\n* Closing connection\n"
}
{
    "time": "2025-07-27 20:21:56",
    "url": "https:\/\/sms.arkesel.com\/api\/v2\/sms\/send",
    "payload": {
        "sender": "MyFreeman",
        "message": "Dear Grace  Dadson, your payment of \u20b55.00 for July Tithe has been received by Freeman Methodist Church - KM. Thank You!",
        "recipients": [
            "233545644748"
        ]
    },
    "request_headers": [
        "api-key: cHZtY1B3SW5sZ05iUEJOVmZ1QXA",
        "Content-Type: application\/json",
        "Accept: application\/json"
    ],
    "http_status": 0,
    "response_headers": "",
    "response_body": false,
    "curl_error": "Failed to connect to sms.arkesel.com port 443 after 21058 ms: Couldn't connect to server",
    "curl_info": {
        "total_time": 21.059353,
        "connect_time": 0,
        "namelookup_time": 0.004578,
        "pretransfer_time": 0,
        "starttransfer_time": 0,
        "redirect_time": 0,
        "redirect_count": 0,
        "size_upload": 0,
        "size_download": 0,
        "speed_download": 0,
        "speed_upload": 0,
        "download_content_length": -1,
        "upload_content_length": -1,
        "content_type": false
    },
    "verbose_log": "*   Trying 66.175.211.30:443...\n* connect to 66.175.211.30 port 443 failed: Timed out\n* Failed to connect to sms.arkesel.com port 443 after 21058 ms: Couldn't connect to server\n* Closing connection\n"
}
{
    "time": "2025-07-27 20:22:17",
    "url": "https:\/\/sms.arkesel.com\/api\/v2\/sms\/send",
    "payload": {
        "sender": "MyFreeman",
        "message": "Dear Grace  Dadson, your payment of \u20b55.00 for July Tithe has been received by Freeman Methodist Church - KM. Thank You!",
        "recipients": [
            "233545644748"
        ]
    },
    "request_headers": [
        "api-key: cHZtY1B3SW5sZ05iUEJOVmZ1QXA",
        "Content-Type: application\/json",
        "Accept: application\/json"
    ],
    "http_status": 0,
    "response_headers": "",
    "response_body": false,
    "curl_error": "Failed to connect to sms.arkesel.com port 443 after 21043 ms: Couldn't connect to server",
    "curl_info": {
        "total_time": 21.043359,
        "connect_time": 0,
        "namelookup_time": 0.0358,
        "pretransfer_time": 0,
        "starttransfer_time": 0,
        "redirect_time": 0,
        "redirect_count": 0,
        "size_upload": 0,
        "size_download": 0,
        "speed_download": 0,
        "speed_upload": 0,
        "download_content_length": -1,
        "upload_content_length": -1,
        "content_type": false
    },
    "verbose_log": "*   Trying 66.175.211.30:443...\n* connect to 66.175.211.30 port 443 failed: Timed out\n* Failed to connect to sms.arkesel.com port 443 after 21043 ms: Couldn't connect to server\n* Closing connection\n"
}
{
    "time": "2025-07-27 20:22:38",
    "url": "https:\/\/sms.arkesel.com\/api\/v2\/sms\/send",
    "payload": {
        "sender": "MyFreeman",
        "message": "Dear Thomas Sam, your payment of \u20b53.00 for July education fund has been received by Freeman Methodist Church - KM. Thank You!",
        "recipients": [
            "233554828663"
        ]
    },
    "request_headers": [
        "api-key: cHZtY1B3SW5sZ05iUEJOVmZ1QXA",
        "Content-Type: application\/json",
        "Accept: application\/json"
    ],
    "http_status": 0,
    "response_headers": "",
    "response_body": false,
    "curl_error": "Failed to connect to sms.arkesel.com port 443 after 21056 ms: Couldn't connect to server",
    "curl_info": {
        "total_time": 21.056477,
        "connect_time": 0,
        "namelookup_time": 0.010032,
        "pretransfer_time": 0,
        "starttransfer_time": 0,
        "redirect_time": 0,
        "redirect_count": 0,
        "size_upload": 0,
        "size_download": 0,
        "speed_download": 0,
        "speed_upload": 0,
        "download_content_length": -1,
        "upload_content_length": -1,
        "content_type": false
    },
    "verbose_log": "*   Trying 66.175.211.30:443...\n* connect to 66.175.211.30 port 443 failed: Timed out\n* Failed to connect to sms.arkesel.com port 443 after 21056 ms: Couldn't connect to server\n* Closing connection\n"
}
