{
    "time": "2025-08-20 05:12:27",
    "url": "https:\/\/sms.arkesel.com\/api\/v2\/sms\/send",
    "payload": {
        "sender": "MyFreeman",
        "message": "Hi JACK JHAY, your payment of \u20b51.00 has been paid to Freeman Methodist Church - KM as HARVEST for August 2025. Your Total Harvest amount for the year 2025 is \u20b51.00",
        "recipients": [
            "233551756789"
        ]
    },
    "request_headers": [
        "api-key: cHZtY1B3SW5sZ05iUEJOVmZ1QXA",
        "Content-Type: application\/json",
        "Accept: application\/json"
    ],
    "http_status": 200,
    "response_headers": "HTTP\/1.1 200 OK\r\nServer: nginx\r\nDate: Wed, 20 Aug 2025 03:12:23 GMT\r\nContent-Type: application\/json\r\nTransfer-Encoding: chunked\r\nConnection: keep-alive\r\nCache-Control: private, must-revalidate\r\npragma: no-cache\r\nexpires: -1\r\nX-RateLimit-Limit: 1500\r\nX-RateLimit-Remaining: 1031\r\nAccess-Control-Allow-Origin: *\r\nSet-Cookie: arkesel_sms_messenger_session=49J6zrKH1SHpDmPRjiIRkdAsquDGmsArF1esTq3G; expires=Wed, 20-Aug-2025 05:12:22 GMT; Max-Age=7199; path=\/; secure; httponly; samesite=lax\r\nX-Frame-Options: SAMEORIGIN\r\n\r\n",
    "response_body": "{\"data\":[{\"id\":\"5037209f-aee4-4538-a7d5-66ae2a2578ff\",\"recipient\":\"233551756789\"}],\"status\":\"success\"}",
    "curl_error": "",
    "curl_info": {
        "total_time": 4.658122,
        "connect_time": 0.470833,
        "namelookup_time": 0.267321,
        "pretransfer_time": 0.817393,
        "starttransfer_time": 4.65809,
        "redirect_time": 0,
        "redirect_count": 0,
        "size_upload": 238,
        "size_download": 102,
        "speed_download": 21,
        "speed_upload": 51,
        "download_content_length": -1,
        "upload_content_length": 238,
        "content_type": "application\/json"
    },
    "verbose_log": "*   Trying 5.161.241.15:443...\n* Connected to sms.arkesel.com (5.161.241.15) port 443\n* ALPN: curl offers h2,http\/1.1\n*  CAfile: C:\\xampp\\apache\\bin\\curl-ca-bundle.crt\n*  CApath: none\n* SSL connection using TLSv1.3 \/ TLS_AES_256_GCM_SHA384\n* ALPN: server accepted http\/1.1\n* Server certificate:\n*  subject: CN=sms.arkesel.com\n*  start date: Aug  3 01:24:33 2025 GMT\n*  expire date: Nov  1 01:24:32 2025 GMT\n*  subjectAltName: host \"sms.arkesel.com\" matched cert's \"sms.arkesel.com\"\n*  issuer: C=US; O=Let's Encrypt; CN=E6\n*  SSL certificate verify ok.\n* using HTTP\/1.1\n> POST \/api\/v2\/sms\/send HTTP\/1.1\r\nHost: sms.arkesel.com\r\napi-key: cHZtY1B3SW5sZ05iUEJOVmZ1QXA\r\nContent-Type: application\/json\r\nAccept: application\/json\r\nContent-Length: 238\r\n\r\n* old SSL session ID is stale, removing\n< HTTP\/1.1 200 OK\r\n< Server: nginx\r\n< Date: Wed, 20 Aug 2025 03:12:23 GMT\r\n< Content-Type: application\/json\r\n< Transfer-Encoding: chunked\r\n< Connection: keep-alive\r\n< Cache-Control: private, must-revalidate\r\n< pragma: no-cache\r\n< expires: -1\r\n< X-RateLimit-Limit: 1500\r\n< X-RateLimit-Remaining: 1031\r\n< Access-Control-Allow-Origin: *\r\n< Set-Cookie: arkesel_sms_messenger_session=49J6zrKH1SHpDmPRjiIRkdAsquDGmsArF1esTq3G; expires=Wed, 20-Aug-2025 05:12:22 GMT; Max-Age=7199; path=\/; secure; httponly; samesite=lax\r\n< X-Frame-Options: SAMEORIGIN\r\n< \r\n* Connection #0 to host sms.arkesel.com left intact\n"
}
{
    "time": "2025-08-20 05:12:32",
    "url": "https:\/\/sms.arkesel.com\/api\/v2\/sms\/send",
    "payload": {
        "sender": "MyFreeman",
        "message": "Dear JACK  JHAY, your payment of \u20b53.00 for August TITHE has been received by Freeman Methodist Church - KM. Thank You!",
        "recipients": [
            "233551756789"
        ]
    },
    "request_headers": [
        "api-key: cHZtY1B3SW5sZ05iUEJOVmZ1QXA",
        "Content-Type: application\/json",
        "Accept: application\/json"
    ],
    "http_status": 200,
    "response_headers": "HTTP\/1.1 200 OK\r\nServer: nginx\r\nDate: Wed, 20 Aug 2025 03:12:27 GMT\r\nContent-Type: application\/json\r\nTransfer-Encoding: chunked\r\nConnection: keep-alive\r\nCache-Control: private, must-revalidate\r\npragma: no-cache\r\nexpires: -1\r\nX-RateLimit-Limit: 1500\r\nX-RateLimit-Remaining: 1493\r\nAccess-Control-Allow-Origin: *\r\nSet-Cookie: arkesel_sms_messenger_session=LBDBdBQS8l1BfqPXAz3907QFoMHDg70rTyLMnVeo; expires=Wed, 20-Aug-2025 05:12:27 GMT; Max-Age=7200; path=\/; secure; httponly; samesite=lax\r\nX-Frame-Options: SAMEORIGIN\r\n\r\n",
    "response_body": "{\"data\":[{\"id\":\"5453e77a-7c40-4a71-bdba-2ecfd79ed2ff\",\"recipient\":\"233551756789\"}],\"status\":\"success\"}",
    "curl_error": "",
    "curl_info": {
        "total_time": 4.289973,
        "connect_time": 0.208158,
        "namelookup_time": 0.003549,
        "pretransfer_time": 0.558494,
        "starttransfer_time": 4.28994,
        "redirect_time": 0,
        "redirect_count": 0,
        "size_upload": 188,
        "size_download": 102,
        "speed_download": 23,
        "speed_upload": 43,
        "download_content_length": -1,
        "upload_content_length": 188,
        "content_type": "application\/json"
    },
    "verbose_log": "*   Trying 5.161.241.15:443...\n* Connected to sms.arkesel.com (5.161.241.15) port 443\n* ALPN: curl offers h2,http\/1.1\n*  CAfile: C:\\xampp\\apache\\bin\\curl-ca-bundle.crt\n*  CApath: none\n* SSL connection using TLSv1.3 \/ TLS_AES_256_GCM_SHA384\n* ALPN: server accepted http\/1.1\n* Server certificate:\n*  subject: CN=sms.arkesel.com\n*  start date: Aug  3 01:24:33 2025 GMT\n*  expire date: Nov  1 01:24:32 2025 GMT\n*  subjectAltName: host \"sms.arkesel.com\" matched cert's \"sms.arkesel.com\"\n*  issuer: C=US; O=Let's Encrypt; CN=E6\n*  SSL certificate verify ok.\n* using HTTP\/1.1\n> POST \/api\/v2\/sms\/send HTTP\/1.1\r\nHost: sms.arkesel.com\r\napi-key: cHZtY1B3SW5sZ05iUEJOVmZ1QXA\r\nContent-Type: application\/json\r\nAccept: application\/json\r\nContent-Length: 188\r\n\r\n* old SSL session ID is stale, removing\n< HTTP\/1.1 200 OK\r\n< Server: nginx\r\n< Date: Wed, 20 Aug 2025 03:12:27 GMT\r\n< Content-Type: application\/json\r\n< Transfer-Encoding: chunked\r\n< Connection: keep-alive\r\n< Cache-Control: private, must-revalidate\r\n< pragma: no-cache\r\n< expires: -1\r\n< X-RateLimit-Limit: 1500\r\n< X-RateLimit-Remaining: 1493\r\n< Access-Control-Allow-Origin: *\r\n< Set-Cookie: arkesel_sms_messenger_session=LBDBdBQS8l1BfqPXAz3907QFoMHDg70rTyLMnVeo; expires=Wed, 20-Aug-2025 05:12:27 GMT; Max-Age=7200; path=\/; secure; httponly; samesite=lax\r\n< X-Frame-Options: SAMEORIGIN\r\n< \r\n* Connection #0 to host sms.arkesel.com left intact\n"
}
{
    "time": "2025-08-20 05:12:37",
    "url": "https:\/\/sms.arkesel.com\/api\/v2\/sms\/send",
    "payload": {
        "sender": "MyFreeman",
        "message": "Dear JACK  JHAY, your payment of \u20b53.00 for August TITHE has been received by Freeman Methodist Church - KM. Thank You!",
        "recipients": [
            "233551756789"
        ]
    },
    "request_headers": [
        "api-key: cHZtY1B3SW5sZ05iUEJOVmZ1QXA",
        "Content-Type: application\/json",
        "Accept: application\/json"
    ],
    "http_status": 200,
    "response_headers": "HTTP\/1.1 200 OK\r\nServer: nginx\r\nDate: Wed, 20 Aug 2025 03:12:32 GMT\r\nContent-Type: application\/json\r\nTransfer-Encoding: chunked\r\nConnection: keep-alive\r\nCache-Control: private, must-revalidate\r\npragma: no-cache\r\nexpires: -1\r\nX-RateLimit-Limit: 1500\r\nX-RateLimit-Remaining: 1456\r\nAccess-Control-Allow-Origin: *\r\nSet-Cookie: arkesel_sms_messenger_session=Ezm0VEB0rplRKi0k3FIcsLdtMTaK9tKFTWmYW449; expires=Wed, 20-Aug-2025 05:12:32 GMT; Max-Age=7200; path=\/; secure; httponly; samesite=lax\r\nX-Frame-Options: SAMEORIGIN\r\n\r\n",
    "response_body": "{\"data\":[{\"id\":\"35372f08-1857-4480-ae45-e01969e66432\",\"recipient\":\"233551756789\"}],\"status\":\"success\"}",
    "curl_error": "",
    "curl_info": {
        "total_time": 5.012208,
        "connect_time": 0.202643,
        "namelookup_time": 0.00238,
        "pretransfer_time": 1.150817,
        "starttransfer_time": 5.012171,
        "redirect_time": 0,
        "redirect_count": 0,
        "size_upload": 188,
        "size_download": 102,
        "speed_download": 20,
        "speed_upload": 37,
        "download_content_length": -1,
        "upload_content_length": 188,
        "content_type": "application\/json"
    },
    "verbose_log": "*   Trying 5.161.241.15:443...\n* Connected to sms.arkesel.com (5.161.241.15) port 443\n* ALPN: curl offers h2,http\/1.1\n*  CAfile: C:\\xampp\\apache\\bin\\curl-ca-bundle.crt\n*  CApath: none\n* SSL connection using TLSv1.3 \/ TLS_AES_256_GCM_SHA384\n* ALPN: server accepted http\/1.1\n* Server certificate:\n*  subject: CN=sms.arkesel.com\n*  start date: Aug  3 01:24:33 2025 GMT\n*  expire date: Nov  1 01:24:32 2025 GMT\n*  subjectAltName: host \"sms.arkesel.com\" matched cert's \"sms.arkesel.com\"\n*  issuer: C=US; O=Let's Encrypt; CN=E6\n*  SSL certificate verify ok.\n* using HTTP\/1.1\n> POST \/api\/v2\/sms\/send HTTP\/1.1\r\nHost: sms.arkesel.com\r\napi-key: cHZtY1B3SW5sZ05iUEJOVmZ1QXA\r\nContent-Type: application\/json\r\nAccept: application\/json\r\nContent-Length: 188\r\n\r\n* old SSL session ID is stale, removing\n< HTTP\/1.1 200 OK\r\n< Server: nginx\r\n< Date: Wed, 20 Aug 2025 03:12:32 GMT\r\n< Content-Type: application\/json\r\n< Transfer-Encoding: chunked\r\n< Connection: keep-alive\r\n< Cache-Control: private, must-revalidate\r\n< pragma: no-cache\r\n< expires: -1\r\n< X-RateLimit-Limit: 1500\r\n< X-RateLimit-Remaining: 1456\r\n< Access-Control-Allow-Origin: *\r\n< Set-Cookie: arkesel_sms_messenger_session=Ezm0VEB0rplRKi0k3FIcsLdtMTaK9tKFTWmYW449; expires=Wed, 20-Aug-2025 05:12:32 GMT; Max-Age=7200; path=\/; secure; httponly; samesite=lax\r\n< X-Frame-Options: SAMEORIGIN\r\n< \r\n* Connection #0 to host sms.arkesel.com left intact\n"
}
{
    "time": "2025-08-20 05:14:12",
    "url": "https:\/\/sms.arkesel.com\/api\/v2\/sms\/send",
    "payload": {
        "sender": "MyFreeman",
        "message": "Hi JACK JHAY, your payment of \u20b51.00 has been paid to Freeman Methodist Church - KM as Payment for October 2024 HARVEST. Your Total Harvest amount for the year 2025 is \u20b52.00",
        "recipients": [
            "233551756789"
        ]
    },
    "request_headers": [
        "api-key: cHZtY1B3SW5sZ05iUEJOVmZ1QXA",
        "Content-Type: application\/json",
        "Accept: application\/json"
    ],
    "http_status": 200,
    "response_headers": "HTTP\/1.1 200 OK\r\nServer: nginx\r\nDate: Wed, 20 Aug 2025 03:14:07 GMT\r\nContent-Type: application\/json\r\nTransfer-Encoding: chunked\r\nConnection: keep-alive\r\nCache-Control: private, must-revalidate\r\npragma: no-cache\r\nexpires: -1\r\nX-RateLimit-Limit: 1500\r\nX-RateLimit-Remaining: 1159\r\nAccess-Control-Allow-Origin: *\r\nSet-Cookie: arkesel_sms_messenger_session=cImCmzE0y5ZpIp4cMWddANgGq1JZ7gdeTS9Z0576; expires=Wed, 20-Aug-2025 05:14:07 GMT; Max-Age=7200; path=\/; secure; httponly; samesite=lax\r\nX-Frame-Options: SAMEORIGIN\r\n\r\n",
    "response_body": "{\"data\":[{\"id\":\"c38885eb-765c-404d-8f39-8026ecf57319\",\"recipient\":\"233551756789\"}],\"status\":\"success\"}",
    "curl_error": "",
    "curl_info": {
        "total_time": 4.34324,
        "connect_time": 0.195196,
        "namelookup_time": 0.003891,
        "pretransfer_time": 0.586162,
        "starttransfer_time": 4.343208,
        "redirect_time": 0,
        "redirect_count": 0,
        "size_upload": 247,
        "size_download": 102,
        "speed_download": 23,
        "speed_upload": 56,
        "download_content_length": -1,
        "upload_content_length": 247,
        "content_type": "application\/json"
    },
    "verbose_log": "*   Trying 5.161.241.15:443...\n* Connected to sms.arkesel.com (5.161.241.15) port 443\n* ALPN: curl offers h2,http\/1.1\n*  CAfile: C:\\xampp\\apache\\bin\\curl-ca-bundle.crt\n*  CApath: none\n* SSL connection using TLSv1.3 \/ TLS_AES_256_GCM_SHA384\n* ALPN: server accepted http\/1.1\n* Server certificate:\n*  subject: CN=sms.arkesel.com\n*  start date: Aug  3 01:24:33 2025 GMT\n*  expire date: Nov  1 01:24:32 2025 GMT\n*  subjectAltName: host \"sms.arkesel.com\" matched cert's \"sms.arkesel.com\"\n*  issuer: C=US; O=Let's Encrypt; CN=E6\n*  SSL certificate verify ok.\n* using HTTP\/1.1\n> POST \/api\/v2\/sms\/send HTTP\/1.1\r\nHost: sms.arkesel.com\r\napi-key: cHZtY1B3SW5sZ05iUEJOVmZ1QXA\r\nContent-Type: application\/json\r\nAccept: application\/json\r\nContent-Length: 247\r\n\r\n* old SSL session ID is stale, removing\n< HTTP\/1.1 200 OK\r\n< Server: nginx\r\n< Date: Wed, 20 Aug 2025 03:14:07 GMT\r\n< Content-Type: application\/json\r\n< Transfer-Encoding: chunked\r\n< Connection: keep-alive\r\n< Cache-Control: private, must-revalidate\r\n< pragma: no-cache\r\n< expires: -1\r\n< X-RateLimit-Limit: 1500\r\n< X-RateLimit-Remaining: 1159\r\n< Access-Control-Allow-Origin: *\r\n< Set-Cookie: arkesel_sms_messenger_session=cImCmzE0y5ZpIp4cMWddANgGq1JZ7gdeTS9Z0576; expires=Wed, 20-Aug-2025 05:14:07 GMT; Max-Age=7200; path=\/; secure; httponly; samesite=lax\r\n< X-Frame-Options: SAMEORIGIN\r\n< \r\n* Connection #0 to host sms.arkesel.com left intact\n"
}
{
    "time": "2025-08-20 08:18:41",
    "url": "https:\/\/sms.arkesel.com\/api\/v2\/sms\/send",
    "payload": {
        "sender": "MyFreeman",
        "message": "Hi JACK JHAY, your payment of \u20b51.00 has been paid to Freeman Methodist Church - KM as Payment for July 2025 HARVEST. Your Total Harvest amount for the year 2025 is \u20b51.00",
        "recipients": [
            "233551756789"
        ]
    },
    "request_headers": [
        "api-key: cHZtY1B3SW5sZ05iUEJOVmZ1QXA",
        "Content-Type: application\/json",
        "Accept: application\/json"
    ],
    "http_status": 200,
    "response_headers": "HTTP\/1.1 200 OK\r\nServer: nginx\r\nDate: Wed, 20 Aug 2025 06:18:36 GMT\r\nContent-Type: application\/json\r\nTransfer-Encoding: chunked\r\nConnection: keep-alive\r\nCache-Control: private, must-revalidate\r\npragma: no-cache\r\nexpires: -1\r\nX-RateLimit-Limit: 1500\r\nX-RateLimit-Remaining: 1251\r\nAccess-Control-Allow-Origin: *\r\nSet-Cookie: arkesel_sms_messenger_session=IAjBlJR8F4ogXqjkVo9yrhJe2r1JSGm1LJQmi0C4; expires=Wed, 20-Aug-2025 08:18:36 GMT; Max-Age=7200; path=\/; secure; httponly; samesite=lax\r\nX-Frame-Options: SAMEORIGIN\r\n\r\n",
    "response_body": "{\"data\":[{\"id\":\"b33754f3-3cbc-4bd3-b677-5497db2ec1af\",\"recipient\":\"233551756789\"}],\"status\":\"success\"}",
    "curl_error": "",
    "curl_info": {
        "total_time": 4.690934,
        "connect_time": 0.474351,
        "namelookup_time": 0.251839,
        "pretransfer_time": 0.894561,
        "starttransfer_time": 4.690901,
        "redirect_time": 0,
        "redirect_count": 0,
        "size_upload": 244,
        "size_download": 102,
        "speed_download": 21,
        "speed_upload": 52,
        "download_content_length": -1,
        "upload_content_length": 244,
        "content_type": "application\/json"
    },
    "verbose_log": "*   Trying 5.161.241.15:443...\n* Connected to sms.arkesel.com (5.161.241.15) port 443\n* ALPN: curl offers h2,http\/1.1\n*  CAfile: C:\\xampp\\apache\\bin\\curl-ca-bundle.crt\n*  CApath: none\n* SSL connection using TLSv1.3 \/ TLS_AES_256_GCM_SHA384\n* ALPN: server accepted http\/1.1\n* Server certificate:\n*  subject: CN=sms.arkesel.com\n*  start date: Aug  3 01:24:33 2025 GMT\n*  expire date: Nov  1 01:24:32 2025 GMT\n*  subjectAltName: host \"sms.arkesel.com\" matched cert's \"sms.arkesel.com\"\n*  issuer: C=US; O=Let's Encrypt; CN=E6\n*  SSL certificate verify ok.\n* using HTTP\/1.1\n> POST \/api\/v2\/sms\/send HTTP\/1.1\r\nHost: sms.arkesel.com\r\napi-key: cHZtY1B3SW5sZ05iUEJOVmZ1QXA\r\nContent-Type: application\/json\r\nAccept: application\/json\r\nContent-Length: 244\r\n\r\n* old SSL session ID is stale, removing\n< HTTP\/1.1 200 OK\r\n< Server: nginx\r\n< Date: Wed, 20 Aug 2025 06:18:36 GMT\r\n< Content-Type: application\/json\r\n< Transfer-Encoding: chunked\r\n< Connection: keep-alive\r\n< Cache-Control: private, must-revalidate\r\n< pragma: no-cache\r\n< expires: -1\r\n< X-RateLimit-Limit: 1500\r\n< X-RateLimit-Remaining: 1251\r\n< Access-Control-Allow-Origin: *\r\n< Set-Cookie: arkesel_sms_messenger_session=IAjBlJR8F4ogXqjkVo9yrhJe2r1JSGm1LJQmi0C4; expires=Wed, 20-Aug-2025 08:18:36 GMT; Max-Age=7200; path=\/; secure; httponly; samesite=lax\r\n< X-Frame-Options: SAMEORIGIN\r\n< \r\n* Connection #0 to host sms.arkesel.com left intact\n"
}
