{
    "time": "2025-07-22 19:33:54",
    "url": "https:\/\/sms.arkesel.com\/api\/v2\/sms\/send",
    "payload": {
        "sender": "MyFreeman",
        "message": "Dear James, your registration is complete. CRN: FMC-A0702-KM, Password: 1234567890",
        "recipients": [
            "233268755549"
        ]
    },
    "request_headers": [
        "api-key: cHZtY1B3SW5sZ05iUEJOVmZ1QXA",
        "Content-Type: application\/json",
        "Accept: application\/json"
    ],
    "http_status": 200,
    "response_headers": "HTTP\/1.1 200 OK\r\nServer: nginx\r\nContent-Type: application\/json\r\nTransfer-Encoding: chunked\r\nConnection: keep-alive\r\nCache-Control: no-cache, private\r\nDate: Tue, 22 Jul 2025 19:33:54 GMT\r\nX-RateLimit-Limit: 1500\r\nX-RateLimit-Remaining: 1499\r\nAccess-Control-Allow-Origin: *\r\nSet-Cookie: arkesel_sms_messenger_session=RbKr6jKt0Ktb3r4RCJbn7MmboV5l26YdX9NLoFxP; expires=Tue, 22-Jul-2025 21:33:54 GMT; Max-Age=7200; path=\/; secure; httponly; samesite=lax\r\nX-Frame-Options: SAMEORIGIN\r\n\r\n",
    "response_body": "{\"data\":[{\"id\":\"3f4d4c73-3cfc-450d-a4d8-1a710bf3147a\",\"recipient\":\"233268755549\"}],\"status\":\"success\"}",
    "curl_error": "",
    "curl_info": {
        "total_time": 0.405623999999999984567011779290623962879180908203125,
        "connect_time": 0.15008399999999999518962567890412174165248870849609375,
        "namelookup_time": 0.1032909999999999939301886797693441621959209442138671875,
        "pretransfer_time": 0.22183100000000000040500935938325710594654083251953125,
        "starttransfer_time": 0.4055940000000000100754959930782206356525421142578125,
        "redirect_time": 0,
        "redirect_count": 0,
        "size_upload": 147,
        "size_download": 102,
        "speed_download": 251,
        "speed_upload": 362,
        "download_content_length": -1,
        "upload_content_length": 147,
        "content_type": "application\/json"
    },
    "verbose_log": "*   Trying 66.175.211.30...\n* TCP_NODELAY set\n* Connected to sms.arkesel.com (66.175.211.30) port 443 (#0)\n* ALPN, offering http\/1.1\n* successfully set certificate verify locations:\n*   CAfile: \/etc\/pki\/tls\/certs\/ca-bundle.crt\n  CApath: none\n* SSL connection using TLSv1.3 \/ TLS_AES_256_GCM_SHA384\n* ALPN, server accepted to use http\/1.1\n* Server certificate:\n*  subject: CN=sms.arkesel.com\n*  start date: Jun  4 06:14:43 2025 GMT\n*  expire date: Sep  2 06:14:42 2025 GMT\n*  subjectAltName: host \"sms.arkesel.com\" matched cert's \"sms.arkesel.com\"\n*  issuer: C=US; O=Let's Encrypt; CN=E6\n*  SSL certificate verify ok.\n> POST \/api\/v2\/sms\/send HTTP\/1.1\r\nHost: sms.arkesel.com\r\napi-key: cHZtY1B3SW5sZ05iUEJOVmZ1QXA\r\nContent-Type: application\/json\r\nAccept: application\/json\r\nContent-Length: 147\r\n\r\n* upload completely sent off: 147 out of 147 bytes\n< HTTP\/1.1 200 OK\r\n< Server: nginx\r\n< Content-Type: application\/json\r\n< Transfer-Encoding: chunked\r\n< Connection: keep-alive\r\n< Cache-Control: no-cache, private\r\n< Date: Tue, 22 Jul 2025 19:33:54 GMT\r\n< X-RateLimit-Limit: 1500\r\n< X-RateLimit-Remaining: 1499\r\n< Access-Control-Allow-Origin: *\r\n< Set-Cookie: arkesel_sms_messenger_session=RbKr6jKt0Ktb3r4RCJbn7MmboV5l26YdX9NLoFxP; expires=Tue, 22-Jul-2025 21:33:54 GMT; Max-Age=7200; path=\/; secure; httponly; samesite=lax\r\n< X-Frame-Options: SAMEORIGIN\r\n< \r\n* Connection #0 to host sms.arkesel.com left intact\n"
}
