{
    "time": "2025-07-21 09:39:12",
    "url": "https:\/\/sms.arkesel.com\/api\/v2\/sms\/send",
    "payload": {
        "sender": "MyFreeman",
        "message": "Dear ROSEZALIN ama duntu, your payment of \u20b520.00 has been received by Freeman Methodist Church - KM. Thank you.",
        "recipients": [
            "233242363905"
        ]
    },
    "request_headers": [
        "api-key: cHZtY1B3SW5sZ05iUEJOVmZ1QXA",
        "Content-Type: application\/json",
        "Accept: application\/json"
    ],
    "http_status": 200,
    "response_headers": "HTTP\/1.1 200 OK\r\nServer: nginx\r\nContent-Type: application\/json\r\nTransfer-Encoding: chunked\r\nConnection: keep-alive\r\nCache-Control: no-cache, private\r\nDate: Mon, 21 Jul 2025 09:39:12 GMT\r\nX-RateLimit-Limit: 1500\r\nX-RateLimit-Remaining: 1499\r\nAccess-Control-Allow-Origin: *\r\nSet-Cookie: arkesel_sms_messenger_session=SlX2XY2u3LH5DN2ue9Ckf0j7BnQfXxWG76mwtqFi; expires=Mon, 21-Jul-2025 11:39:12 GMT; Max-Age=7200; path=\/; secure; httponly; samesite=lax\r\nX-Frame-Options: SAMEORIGIN\r\n\r\n",
    "response_body": "{\"data\":[{\"id\":\"7013ac9e-3270-49a6-b0ed-e03ede3a5a9d\",\"recipient\":\"233242363905\"}],\"status\":\"success\"}",
    "curl_error": "",
    "curl_info": {
        "total_time": 0.6494999999999999662492200513952411711215972900390625,
        "connect_time": 0.3004379999999999828474983587511815130710601806640625,
        "namelookup_time": 0.2555009999999999781294945933041162788867950439453125,
        "pretransfer_time": 0.372255999999999975802467133689788170158863067626953125,
        "starttransfer_time": 0.64946899999999996300203974897158332169055938720703125,
        "redirect_time": 0,
        "redirect_count": 0,
        "size_upload": 181,
        "size_download": 102,
        "speed_download": 157,
        "speed_upload": 278,
        "download_content_length": -1,
        "upload_content_length": 181,
        "content_type": "application\/json"
    },
    "verbose_log": "*   Trying 66.175.211.30...\n* TCP_NODELAY set\n* Connected to sms.arkesel.com (66.175.211.30) port 443 (#0)\n* ALPN, offering http\/1.1\n* successfully set certificate verify locations:\n*   CAfile: \/etc\/pki\/tls\/certs\/ca-bundle.crt\n  CApath: none\n* SSL connection using TLSv1.3 \/ TLS_AES_256_GCM_SHA384\n* ALPN, server accepted to use http\/1.1\n* Server certificate:\n*  subject: CN=sms.arkesel.com\n*  start date: Jun  4 06:14:43 2025 GMT\n*  expire date: Sep  2 06:14:42 2025 GMT\n*  subjectAltName: host \"sms.arkesel.com\" matched cert's \"sms.arkesel.com\"\n*  issuer: C=US; O=Let's Encrypt; CN=E6\n*  SSL certificate verify ok.\n> POST \/api\/v2\/sms\/send HTTP\/1.1\r\nHost: sms.arkesel.com\r\napi-key: cHZtY1B3SW5sZ05iUEJOVmZ1QXA\r\nContent-Type: application\/json\r\nAccept: application\/json\r\nContent-Length: 181\r\n\r\n* upload completely sent off: 181 out of 181 bytes\n< HTTP\/1.1 200 OK\r\n< Server: nginx\r\n< Content-Type: application\/json\r\n< Transfer-Encoding: chunked\r\n< Connection: keep-alive\r\n< Cache-Control: no-cache, private\r\n< Date: Mon, 21 Jul 2025 09:39:12 GMT\r\n< X-RateLimit-Limit: 1500\r\n< X-RateLimit-Remaining: 1499\r\n< Access-Control-Allow-Origin: *\r\n< Set-Cookie: arkesel_sms_messenger_session=SlX2XY2u3LH5DN2ue9Ckf0j7BnQfXxWG76mwtqFi; expires=Mon, 21-Jul-2025 11:39:12 GMT; Max-Age=7200; path=\/; secure; httponly; samesite=lax\r\n< X-Frame-Options: SAMEORIGIN\r\n< \r\n* Connection #0 to host sms.arkesel.com left intact\n"
}
{
    "time": "2025-07-21 09:39:12",
    "url": "https:\/\/sms.arkesel.com\/api\/v2\/sms\/send",
    "payload": {
        "sender": "MyFreeman",
        "message": "Dear ROSEZALIN ama duntu, your payment of \u20b520.00 has been received by Freeman Methodist Church - KM. Thank you.",
        "recipients": [
            "233242363905"
        ]
    },
    "request_headers": [
        "api-key: cHZtY1B3SW5sZ05iUEJOVmZ1QXA",
        "Content-Type: application\/json",
        "Accept: application\/json"
    ],
    "http_status": 200,
    "response_headers": "HTTP\/1.1 200 OK\r\nServer: nginx\r\nContent-Type: application\/json\r\nTransfer-Encoding: chunked\r\nConnection: keep-alive\r\nCache-Control: no-cache, private\r\nDate: Mon, 21 Jul 2025 09:39:12 GMT\r\nX-RateLimit-Limit: 1500\r\nX-RateLimit-Remaining: 1498\r\nAccess-Control-Allow-Origin: *\r\nSet-Cookie: arkesel_sms_messenger_session=GwhdQxZ1Q9hYRelWppVZpdXRYD9NaJqscgbQDmyi; expires=Mon, 21-Jul-2025 11:39:12 GMT; Max-Age=7200; path=\/; secure; httponly; samesite=lax\r\nX-Frame-Options: SAMEORIGIN\r\n\r\n",
    "response_body": "{\"data\":[{\"id\":\"46e2aa7d-10eb-4222-a9ad-13c84d7312a7\",\"recipient\":\"233242363905\"}],\"status\":\"success\"}",
    "curl_error": "",
    "curl_info": {
        "total_time": 0.300341000000000024616753080408670939505100250244140625,
        "connect_time": 0.047324999999999999011901508083610679022967815399169921875,
        "namelookup_time": 2.300000000000000001799775606325937360452371649444103240966796875e-5,
        "pretransfer_time": 0.101044999999999995932142837773426435887813568115234375,
        "starttransfer_time": 0.3003190000000000026147972675971686840057373046875,
        "redirect_time": 0,
        "redirect_count": 0,
        "size_upload": 181,
        "size_download": 102,
        "speed_download": 340,
        "speed_upload": 603,
        "download_content_length": -1,
        "upload_content_length": 181,
        "content_type": "application\/json"
    },
    "verbose_log": "* Hostname sms.arkesel.com was found in DNS cache\n*   Trying 66.175.211.30...\n* TCP_NODELAY set\n* Connected to sms.arkesel.com (66.175.211.30) port 443 (#0)\n* ALPN, offering http\/1.1\n* successfully set certificate verify locations:\n*   CAfile: \/etc\/pki\/tls\/certs\/ca-bundle.crt\n  CApath: none\n* SSL connection using TLSv1.3 \/ TLS_AES_256_GCM_SHA384\n* ALPN, server accepted to use http\/1.1\n* Server certificate:\n*  subject: CN=sms.arkesel.com\n*  start date: Jun  4 06:14:43 2025 GMT\n*  expire date: Sep  2 06:14:42 2025 GMT\n*  subjectAltName: host \"sms.arkesel.com\" matched cert's \"sms.arkesel.com\"\n*  issuer: C=US; O=Let's Encrypt; CN=E6\n*  SSL certificate verify ok.\n> POST \/api\/v2\/sms\/send HTTP\/1.1\r\nHost: sms.arkesel.com\r\napi-key: cHZtY1B3SW5sZ05iUEJOVmZ1QXA\r\nContent-Type: application\/json\r\nAccept: application\/json\r\nContent-Length: 181\r\n\r\n* upload completely sent off: 181 out of 181 bytes\n< HTTP\/1.1 200 OK\r\n< Server: nginx\r\n< Content-Type: application\/json\r\n< Transfer-Encoding: chunked\r\n< Connection: keep-alive\r\n< Cache-Control: no-cache, private\r\n< Date: Mon, 21 Jul 2025 09:39:12 GMT\r\n< X-RateLimit-Limit: 1500\r\n< X-RateLimit-Remaining: 1498\r\n< Access-Control-Allow-Origin: *\r\n< Set-Cookie: arkesel_sms_messenger_session=GwhdQxZ1Q9hYRelWppVZpdXRYD9NaJqscgbQDmyi; expires=Mon, 21-Jul-2025 11:39:12 GMT; Max-Age=7200; path=\/; secure; httponly; samesite=lax\r\n< X-Frame-Options: SAMEORIGIN\r\n< \r\n* Connection #0 to host sms.arkesel.com left intact\n"
}
{
    "time": "2025-07-21 12:20:10",
    "url": "https:\/\/sms.arkesel.com\/api\/v2\/sms\/send",
    "payload": {
        "sender": "MyFreeman",
        "message": "Dear BARNABAS  QUAYSON-OTOO, your payment of \u20b51.00 has been received by Freeman Methodist Church - KM. Thank you.",
        "recipients": [
            "233242363905"
        ]
    },
    "request_headers": [
        "api-key: cHZtY1B3SW5sZ05iUEJOVmZ1QXA",
        "Content-Type: application\/json",
        "Accept: application\/json"
    ],
    "http_status": 200,
    "response_headers": "HTTP\/1.1 200 OK\r\nServer: nginx\r\nContent-Type: application\/json\r\nTransfer-Encoding: chunked\r\nConnection: keep-alive\r\nCache-Control: no-cache, private\r\nDate: Mon, 21 Jul 2025 12:20:10 GMT\r\nX-RateLimit-Limit: 1500\r\nX-RateLimit-Remaining: 1499\r\nAccess-Control-Allow-Origin: *\r\nSet-Cookie: arkesel_sms_messenger_session=sRWVLZkCNXIJVfzA5bhkm7rNXW86G0NmP4c1e8ss; expires=Mon, 21-Jul-2025 14:20:10 GMT; Max-Age=7200; path=\/; secure; httponly; samesite=lax\r\nX-Frame-Options: SAMEORIGIN\r\n\r\n",
    "response_body": "{\"data\":[{\"id\":\"70d61b02-3fd5-4eaa-91e0-a44577dd9a4d\",\"recipient\":\"233242363905\"}],\"status\":\"success\"}",
    "curl_error": "",
    "curl_info": {
        "total_time": 0.495180000000000009041656312547274865210056304931640625,
        "connect_time": 0.1493690000000000017710277688820497132837772369384765625,
        "namelookup_time": 0.106237999999999999101163439263473264873027801513671875,
        "pretransfer_time": 0.200620999999999993779198348420322872698307037353515625,
        "starttransfer_time": 0.495134000000000018548718117017415352165699005126953125,
        "redirect_time": 0,
        "redirect_count": 0,
        "size_upload": 183,
        "size_download": 102,
        "speed_download": 206,
        "speed_upload": 369,
        "download_content_length": -1,
        "upload_content_length": 183,
        "content_type": "application\/json"
    },
    "verbose_log": "*   Trying 66.175.211.30...\n* TCP_NODELAY set\n* Connected to sms.arkesel.com (66.175.211.30) port 443 (#0)\n* ALPN, offering http\/1.1\n* successfully set certificate verify locations:\n*   CAfile: \/etc\/pki\/tls\/certs\/ca-bundle.crt\n  CApath: none\n* SSL connection using TLSv1.3 \/ TLS_AES_256_GCM_SHA384\n* ALPN, server accepted to use http\/1.1\n* Server certificate:\n*  subject: CN=sms.arkesel.com\n*  start date: Jun  4 06:14:43 2025 GMT\n*  expire date: Sep  2 06:14:42 2025 GMT\n*  subjectAltName: host \"sms.arkesel.com\" matched cert's \"sms.arkesel.com\"\n*  issuer: C=US; O=Let's Encrypt; CN=E6\n*  SSL certificate verify ok.\n> POST \/api\/v2\/sms\/send HTTP\/1.1\r\nHost: sms.arkesel.com\r\napi-key: cHZtY1B3SW5sZ05iUEJOVmZ1QXA\r\nContent-Type: application\/json\r\nAccept: application\/json\r\nContent-Length: 183\r\n\r\n* upload completely sent off: 183 out of 183 bytes\n< HTTP\/1.1 200 OK\r\n< Server: nginx\r\n< Content-Type: application\/json\r\n< Transfer-Encoding: chunked\r\n< Connection: keep-alive\r\n< Cache-Control: no-cache, private\r\n< Date: Mon, 21 Jul 2025 12:20:10 GMT\r\n< X-RateLimit-Limit: 1500\r\n< X-RateLimit-Remaining: 1499\r\n< Access-Control-Allow-Origin: *\r\n< Set-Cookie: arkesel_sms_messenger_session=sRWVLZkCNXIJVfzA5bhkm7rNXW86G0NmP4c1e8ss; expires=Mon, 21-Jul-2025 14:20:10 GMT; Max-Age=7200; path=\/; secure; httponly; samesite=lax\r\n< X-Frame-Options: SAMEORIGIN\r\n< \r\n* Connection #0 to host sms.arkesel.com left intact\n"
}
{
    "time": "2025-07-21 12:20:11",
    "url": "https:\/\/sms.arkesel.com\/api\/v2\/sms\/send",
    "payload": {
        "sender": "MyFreeman",
        "message": "Dear BARNABAS  QUAYSON-OTOO, your payment of \u20b51.00 has been received by Freeman Methodist Church - KM. Thank you.",
        "recipients": [
            "233242363905"
        ]
    },
    "request_headers": [
        "api-key: cHZtY1B3SW5sZ05iUEJOVmZ1QXA",
        "Content-Type: application\/json",
        "Accept: application\/json"
    ],
    "http_status": 200,
    "response_headers": "HTTP\/1.1 200 OK\r\nServer: nginx\r\nContent-Type: application\/json\r\nTransfer-Encoding: chunked\r\nConnection: keep-alive\r\nCache-Control: no-cache, private\r\nDate: Mon, 21 Jul 2025 12:20:11 GMT\r\nX-RateLimit-Limit: 1500\r\nX-RateLimit-Remaining: 1498\r\nAccess-Control-Allow-Origin: *\r\nSet-Cookie: arkesel_sms_messenger_session=JIQEjTUFIvwI05UmebJykiUxn1NG0QjRPKqF1hni; expires=Mon, 21-Jul-2025 14:20:11 GMT; Max-Age=7200; path=\/; secure; httponly; samesite=lax\r\nX-Frame-Options: SAMEORIGIN\r\n\r\n",
    "response_body": "{\"data\":[{\"id\":\"cc721240-4584-462a-b78a-a10e1acdc150\",\"recipient\":\"233242363905\"}],\"status\":\"success\"}",
    "curl_error": "",
    "curl_info": {
        "total_time": 0.288820999999999994400923242210410535335540771484375,
        "connect_time": 0.0419609999999999983000265046939603053033351898193359375,
        "namelookup_time": 2.099999999999999883795211153003634763081208802759647369384765625e-5,
        "pretransfer_time": 0.09438000000000000555555601522428332827985286712646484375,
        "starttransfer_time": 0.288797000000000025909940859492053277790546417236328125,
        "redirect_time": 0,
        "redirect_count": 0,
        "size_upload": 183,
        "size_download": 102,
        "speed_download": 354,
        "speed_upload": 635,
        "download_content_length": -1,
        "upload_content_length": 183,
        "content_type": "application\/json"
    },
    "verbose_log": "* Hostname sms.arkesel.com was found in DNS cache\n*   Trying 66.175.211.30...\n* TCP_NODELAY set\n* Connected to sms.arkesel.com (66.175.211.30) port 443 (#0)\n* ALPN, offering http\/1.1\n* successfully set certificate verify locations:\n*   CAfile: \/etc\/pki\/tls\/certs\/ca-bundle.crt\n  CApath: none\n* SSL connection using TLSv1.3 \/ TLS_AES_256_GCM_SHA384\n* ALPN, server accepted to use http\/1.1\n* Server certificate:\n*  subject: CN=sms.arkesel.com\n*  start date: Jun  4 06:14:43 2025 GMT\n*  expire date: Sep  2 06:14:42 2025 GMT\n*  subjectAltName: host \"sms.arkesel.com\" matched cert's \"sms.arkesel.com\"\n*  issuer: C=US; O=Let's Encrypt; CN=E6\n*  SSL certificate verify ok.\n> POST \/api\/v2\/sms\/send HTTP\/1.1\r\nHost: sms.arkesel.com\r\napi-key: cHZtY1B3SW5sZ05iUEJOVmZ1QXA\r\nContent-Type: application\/json\r\nAccept: application\/json\r\nContent-Length: 183\r\n\r\n* upload completely sent off: 183 out of 183 bytes\n< HTTP\/1.1 200 OK\r\n< Server: nginx\r\n< Content-Type: application\/json\r\n< Transfer-Encoding: chunked\r\n< Connection: keep-alive\r\n< Cache-Control: no-cache, private\r\n< Date: Mon, 21 Jul 2025 12:20:11 GMT\r\n< X-RateLimit-Limit: 1500\r\n< X-RateLimit-Remaining: 1498\r\n< Access-Control-Allow-Origin: *\r\n< Set-Cookie: arkesel_sms_messenger_session=JIQEjTUFIvwI05UmebJykiUxn1NG0QjRPKqF1hni; expires=Mon, 21-Jul-2025 14:20:11 GMT; Max-Age=7200; path=\/; secure; httponly; samesite=lax\r\n< X-Frame-Options: SAMEORIGIN\r\n< \r\n* Connection #0 to host sms.arkesel.com left intact\n"
}
