{
    "time": "2025-07-18 13:20:18",
    "url": "https:\/\/sms.arkesel.com\/api\/v2\/sms\/send",
    "payload": {
        "sender": "MyFreeman",
        "message": "Dear ROSEZALIN ama duntu, your payment of \u20b5100.00 for single has been received by Freeman Methodist Church - KM. Thank you.",
        "recipients": [
            "233242363905"
        ]
    },
    "request_headers": [
        "api-key: cHZtY1B3SW5sZ05iUEJOVmZ1QXA",
        "Content-Type: application\/json",
        "Accept: application\/json"
    ],
    "http_status": 200,
    "response_headers": "HTTP\/1.1 200 OK\r\nServer: nginx\r\nContent-Type: application\/json\r\nTransfer-Encoding: chunked\r\nConnection: keep-alive\r\nCache-Control: no-cache, private\r\nDate: Fri, 18 Jul 2025 11:20:19 GMT\r\nX-RateLimit-Limit: 1500\r\nX-RateLimit-Remaining: 1499\r\nAccess-Control-Allow-Origin: *\r\nSet-Cookie: arkesel_sms_messenger_session=18Q3bK3g3eu56em7r8DatplgvUnSPv8EdUFyhEz6; expires=Fri, 18-Jul-2025 13:20:19 GMT; Max-Age=7200; path=\/; secure; httponly; samesite=lax\r\nX-Frame-Options: SAMEORIGIN\r\n\r\n",
    "response_body": "{\"data\":[{\"id\":\"d43f9597-8dc8-4d63-8013-4ce2895127a3\",\"recipient\":\"233242363905\"}],\"status\":\"success\"}",
    "curl_error": "",
    "curl_info": {
        "total_time": 1.208761,
        "connect_time": 0.430661,
        "namelookup_time": 0.216169,
        "pretransfer_time": 0.79551,
        "starttransfer_time": 1.208736,
        "redirect_time": 0,
        "redirect_count": 0,
        "size_upload": 193,
        "size_download": 102,
        "speed_download": 84,
        "speed_upload": 159,
        "download_content_length": -1,
        "upload_content_length": 193,
        "content_type": "application\/json"
    },
    "verbose_log": "*   Trying 66.175.211.30:443...\n* Connected to sms.arkesel.com (66.175.211.30) port 443\n* ALPN: curl offers h2,http\/1.1\n*  CAfile: C:\\xampp\\apache\\bin\\curl-ca-bundle.crt\n*  CApath: none\n* SSL connection using TLSv1.3 \/ TLS_AES_256_GCM_SHA384\n* ALPN: server accepted http\/1.1\n* Server certificate:\n*  subject: CN=sms.arkesel.com\n*  start date: Jun  4 06:14:43 2025 GMT\n*  expire date: Sep  2 06:14:42 2025 GMT\n*  subjectAltName: host \"sms.arkesel.com\" matched cert's \"sms.arkesel.com\"\n*  issuer: C=US; O=Let's Encrypt; CN=E6\n*  SSL certificate verify ok.\n* using HTTP\/1.1\n> POST \/api\/v2\/sms\/send HTTP\/1.1\r\nHost: sms.arkesel.com\r\napi-key: cHZtY1B3SW5sZ05iUEJOVmZ1QXA\r\nContent-Type: application\/json\r\nAccept: application\/json\r\nContent-Length: 193\r\n\r\n< HTTP\/1.1 200 OK\r\n< Server: nginx\r\n< Content-Type: application\/json\r\n< Transfer-Encoding: chunked\r\n< Connection: keep-alive\r\n< Cache-Control: no-cache, private\r\n< Date: Fri, 18 Jul 2025 11:20:19 GMT\r\n< X-RateLimit-Limit: 1500\r\n< X-RateLimit-Remaining: 1499\r\n< Access-Control-Allow-Origin: *\r\n< Set-Cookie: arkesel_sms_messenger_session=18Q3bK3g3eu56em7r8DatplgvUnSPv8EdUFyhEz6; expires=Fri, 18-Jul-2025 13:20:19 GMT; Max-Age=7200; path=\/; secure; httponly; samesite=lax\r\n< X-Frame-Options: SAMEORIGIN\r\n< \r\n* Connection #0 to host sms.arkesel.com left intact\n"
}
{
    "time": "2025-07-18 13:20:19",
    "url": "https:\/\/sms.arkesel.com\/api\/v2\/sms\/send",
    "payload": {
        "sender": "MyFreeman",
        "message": "Dear ROSEZALIN ama duntu, your payment of \u20b5100.00 for single has been received by Freeman Methodist Church - KM. Thank you.",
        "recipients": [
            "233242363905"
        ]
    },
    "request_headers": [
        "api-key: cHZtY1B3SW5sZ05iUEJOVmZ1QXA",
        "Content-Type: application\/json",
        "Accept: application\/json"
    ],
    "http_status": 200,
    "response_headers": "HTTP\/1.1 200 OK\r\nServer: nginx\r\nContent-Type: application\/json\r\nTransfer-Encoding: chunked\r\nConnection: keep-alive\r\nCache-Control: no-cache, private\r\nDate: Fri, 18 Jul 2025 11:20:20 GMT\r\nX-RateLimit-Limit: 1500\r\nX-RateLimit-Remaining: 1498\r\nAccess-Control-Allow-Origin: *\r\nSet-Cookie: arkesel_sms_messenger_session=R0XR0WnScBhhcfCCjhe5fnh7l0qgJzyurz33nKih; expires=Fri, 18-Jul-2025 13:20:20 GMT; Max-Age=7200; path=\/; secure; httponly; samesite=lax\r\nX-Frame-Options: SAMEORIGIN\r\n\r\n",
    "response_body": "{\"data\":[{\"id\":\"6c31ce1e-f9ad-44f4-919c-7e69cf4580a7\",\"recipient\":\"233242363905\"}],\"status\":\"success\"}",
    "curl_error": "",
    "curl_info": {
        "total_time": 0.889936,
        "connect_time": 0.198835,
        "namelookup_time": 0.001654,
        "pretransfer_time": 0.535711,
        "starttransfer_time": 0.889889,
        "redirect_time": 0,
        "redirect_count": 0,
        "size_upload": 193,
        "size_download": 102,
        "speed_download": 114,
        "speed_upload": 216,
        "download_content_length": -1,
        "upload_content_length": 193,
        "content_type": "application\/json"
    },
    "verbose_log": "*   Trying 66.175.211.30:443...\n* Connected to sms.arkesel.com (66.175.211.30) port 443\n* ALPN: curl offers h2,http\/1.1\n*  CAfile: C:\\xampp\\apache\\bin\\curl-ca-bundle.crt\n*  CApath: none\n* SSL connection using TLSv1.3 \/ TLS_AES_256_GCM_SHA384\n* ALPN: server accepted http\/1.1\n* Server certificate:\n*  subject: CN=sms.arkesel.com\n*  start date: Jun  4 06:14:43 2025 GMT\n*  expire date: Sep  2 06:14:42 2025 GMT\n*  subjectAltName: host \"sms.arkesel.com\" matched cert's \"sms.arkesel.com\"\n*  issuer: C=US; O=Let's Encrypt; CN=E6\n*  SSL certificate verify ok.\n* using HTTP\/1.1\n> POST \/api\/v2\/sms\/send HTTP\/1.1\r\nHost: sms.arkesel.com\r\napi-key: cHZtY1B3SW5sZ05iUEJOVmZ1QXA\r\nContent-Type: application\/json\r\nAccept: application\/json\r\nContent-Length: 193\r\n\r\n< HTTP\/1.1 200 OK\r\n< Server: nginx\r\n< Content-Type: application\/json\r\n< Transfer-Encoding: chunked\r\n< Connection: keep-alive\r\n< Cache-Control: no-cache, private\r\n< Date: Fri, 18 Jul 2025 11:20:20 GMT\r\n< X-RateLimit-Limit: 1500\r\n< X-RateLimit-Remaining: 1498\r\n< Access-Control-Allow-Origin: *\r\n< Set-Cookie: arkesel_sms_messenger_session=R0XR0WnScBhhcfCCjhe5fnh7l0qgJzyurz33nKih; expires=Fri, 18-Jul-2025 13:20:20 GMT; Max-Age=7200; path=\/; secure; httponly; samesite=lax\r\n< X-Frame-Options: SAMEORIGIN\r\n< \r\n* Connection #0 to host sms.arkesel.com left intact\n"
}
{
    "time": "2025-07-18 18:03:59",
    "url": "https:\/\/sms.arkesel.com\/api\/v2\/sms\/send",
    "payload": {
        "sender": "MyFreeman",
        "message": "Hi test Bible Class message",
        "recipients": [
            "233545644749"
        ]
    },
    "request_headers": [
        "api-key: cHZtY1B3SW5sZ05iUEJOVmZ1QXA",
        "Content-Type: application\/json",
        "Accept: application\/json"
    ],
    "http_status": 200,
    "response_headers": "HTTP\/1.1 200 OK\r\nServer: nginx\r\nContent-Type: application\/json\r\nTransfer-Encoding: chunked\r\nConnection: keep-alive\r\nCache-Control: no-cache, private\r\nDate: Fri, 18 Jul 2025 16:04:00 GMT\r\nX-RateLimit-Limit: 1500\r\nX-RateLimit-Remaining: 1499\r\nAccess-Control-Allow-Origin: *\r\nSet-Cookie: arkesel_sms_messenger_session=e4UATLAXF2DsuWj8hvSjajwCrcJzEDvz4sYYwm5o; expires=Fri, 18-Jul-2025 18:04:00 GMT; Max-Age=7200; path=\/; secure; httponly; samesite=lax\r\nX-Frame-Options: SAMEORIGIN\r\n\r\n",
    "response_body": "{\"data\":[{\"id\":\"76a1f6a5-66a9-439d-8db4-8909d5821bb3\",\"recipient\":\"233545644749\"}],\"status\":\"success\"}",
    "curl_error": "",
    "curl_info": {
        "total_time": 2.300571,
        "connect_time": 0.555168,
        "namelookup_time": 0.361059,
        "pretransfer_time": 1.814214,
        "starttransfer_time": 2.300496,
        "redirect_time": 0,
        "redirect_count": 0,
        "size_upload": 92,
        "size_download": 102,
        "speed_download": 44,
        "speed_upload": 39,
        "download_content_length": -1,
        "upload_content_length": 92,
        "content_type": "application\/json"
    },
    "verbose_log": "*   Trying 66.175.211.30:443...\n* Connected to sms.arkesel.com (66.175.211.30) port 443\n* ALPN: curl offers h2,http\/1.1\n*  CAfile: C:\\xampp\\apache\\bin\\curl-ca-bundle.crt\n*  CApath: none\n* SSL connection using TLSv1.3 \/ TLS_AES_256_GCM_SHA384\n* ALPN: server accepted http\/1.1\n* Server certificate:\n*  subject: CN=sms.arkesel.com\n*  start date: Jun  4 06:14:43 2025 GMT\n*  expire date: Sep  2 06:14:42 2025 GMT\n*  subjectAltName: host \"sms.arkesel.com\" matched cert's \"sms.arkesel.com\"\n*  issuer: C=US; O=Let's Encrypt; CN=E6\n*  SSL certificate verify ok.\n* using HTTP\/1.1\n> POST \/api\/v2\/sms\/send HTTP\/1.1\r\nHost: sms.arkesel.com\r\napi-key: cHZtY1B3SW5sZ05iUEJOVmZ1QXA\r\nContent-Type: application\/json\r\nAccept: application\/json\r\nContent-Length: 92\r\n\r\n< HTTP\/1.1 200 OK\r\n< Server: nginx\r\n< Content-Type: application\/json\r\n< Transfer-Encoding: chunked\r\n< Connection: keep-alive\r\n< Cache-Control: no-cache, private\r\n< Date: Fri, 18 Jul 2025 16:04:00 GMT\r\n< X-RateLimit-Limit: 1500\r\n< X-RateLimit-Remaining: 1499\r\n< Access-Control-Allow-Origin: *\r\n< Set-Cookie: arkesel_sms_messenger_session=e4UATLAXF2DsuWj8hvSjajwCrcJzEDvz4sYYwm5o; expires=Fri, 18-Jul-2025 18:04:00 GMT; Max-Age=7200; path=\/; secure; httponly; samesite=lax\r\n< X-Frame-Options: SAMEORIGIN\r\n< \r\n* Connection #0 to host sms.arkesel.com left intact\n"
}
{
    "time": "2025-07-18 18:04:01",
    "url": "https:\/\/sms.arkesel.com\/api\/v2\/sms\/send",
    "payload": {
        "sender": "MyFreeman",
        "message": "Hi test Bible Class message",
        "recipients": [
            "233554828663"
        ]
    },
    "request_headers": [
        "api-key: cHZtY1B3SW5sZ05iUEJOVmZ1QXA",
        "Content-Type: application\/json",
        "Accept: application\/json"
    ],
    "http_status": 200,
    "response_headers": "HTTP\/1.1 200 OK\r\nServer: nginx\r\nContent-Type: application\/json\r\nTransfer-Encoding: chunked\r\nConnection: keep-alive\r\nCache-Control: no-cache, private\r\nDate: Fri, 18 Jul 2025 16:04:01 GMT\r\nX-RateLimit-Limit: 1500\r\nX-RateLimit-Remaining: 1498\r\nAccess-Control-Allow-Origin: *\r\nSet-Cookie: arkesel_sms_messenger_session=pOb5E6UKzXJbzmwgi3JCyv30bfA7cOFnG7nV8Fcz; expires=Fri, 18-Jul-2025 18:04:01 GMT; Max-Age=7200; path=\/; secure; httponly; samesite=lax\r\nX-Frame-Options: SAMEORIGIN\r\n\r\n",
    "response_body": "{\"data\":[{\"id\":\"ff8fb551-540f-4abd-98bf-e65bcee07864\",\"recipient\":\"233554828663\"}],\"status\":\"success\"}",
    "curl_error": "",
    "curl_info": {
        "total_time": 1.425012,
        "connect_time": 0.219473,
        "namelookup_time": 0.00291,
        "pretransfer_time": 0.55558,
        "starttransfer_time": 1.424971,
        "redirect_time": 0,
        "redirect_count": 0,
        "size_upload": 92,
        "size_download": 102,
        "speed_download": 71,
        "speed_upload": 64,
        "download_content_length": -1,
        "upload_content_length": 92,
        "content_type": "application\/json"
    },
    "verbose_log": "*   Trying 66.175.211.30:443...\n* Connected to sms.arkesel.com (66.175.211.30) port 443\n* ALPN: curl offers h2,http\/1.1\n*  CAfile: C:\\xampp\\apache\\bin\\curl-ca-bundle.crt\n*  CApath: none\n* SSL connection using TLSv1.3 \/ TLS_AES_256_GCM_SHA384\n* ALPN: server accepted http\/1.1\n* Server certificate:\n*  subject: CN=sms.arkesel.com\n*  start date: Jun  4 06:14:43 2025 GMT\n*  expire date: Sep  2 06:14:42 2025 GMT\n*  subjectAltName: host \"sms.arkesel.com\" matched cert's \"sms.arkesel.com\"\n*  issuer: C=US; O=Let's Encrypt; CN=E6\n*  SSL certificate verify ok.\n* using HTTP\/1.1\n> POST \/api\/v2\/sms\/send HTTP\/1.1\r\nHost: sms.arkesel.com\r\napi-key: cHZtY1B3SW5sZ05iUEJOVmZ1QXA\r\nContent-Type: application\/json\r\nAccept: application\/json\r\nContent-Length: 92\r\n\r\n< HTTP\/1.1 200 OK\r\n< Server: nginx\r\n< Content-Type: application\/json\r\n< Transfer-Encoding: chunked\r\n< Connection: keep-alive\r\n< Cache-Control: no-cache, private\r\n< Date: Fri, 18 Jul 2025 16:04:01 GMT\r\n< X-RateLimit-Limit: 1500\r\n< X-RateLimit-Remaining: 1498\r\n< Access-Control-Allow-Origin: *\r\n< Set-Cookie: arkesel_sms_messenger_session=pOb5E6UKzXJbzmwgi3JCyv30bfA7cOFnG7nV8Fcz; expires=Fri, 18-Jul-2025 18:04:01 GMT; Max-Age=7200; path=\/; secure; httponly; samesite=lax\r\n< X-Frame-Options: SAMEORIGIN\r\n< \r\n* Connection #0 to host sms.arkesel.com left intact\n"
}
{
    "time": "2025-07-18 18:04:02",
    "url": "https:\/\/sms.arkesel.com\/api\/v2\/sms\/send",
    "payload": {
        "sender": "MyFreeman",
        "message": "Hi test Bible Class message",
        "recipients": [
            "233554828662"
        ]
    },
    "request_headers": [
        "api-key: cHZtY1B3SW5sZ05iUEJOVmZ1QXA",
        "Content-Type: application\/json",
        "Accept: application\/json"
    ],
    "http_status": 200,
    "response_headers": "HTTP\/1.1 200 OK\r\nServer: nginx\r\nContent-Type: application\/json\r\nTransfer-Encoding: chunked\r\nConnection: keep-alive\r\nCache-Control: no-cache, private\r\nDate: Fri, 18 Jul 2025 16:04:02 GMT\r\nX-RateLimit-Limit: 1500\r\nX-RateLimit-Remaining: 1497\r\nAccess-Control-Allow-Origin: *\r\nSet-Cookie: arkesel_sms_messenger_session=VRPwa2MN1lZcgh4wp4Y5RnREAmm2oUEayKjhpYEs; expires=Fri, 18-Jul-2025 18:04:02 GMT; Max-Age=7200; path=\/; secure; httponly; samesite=lax\r\nX-Frame-Options: SAMEORIGIN\r\n\r\n",
    "response_body": "{\"data\":[{\"id\":\"a53787a6-5fba-4c63-ab11-eb88277cec0d\",\"recipient\":\"233554828662\"}],\"status\":\"success\"}",
    "curl_error": "",
    "curl_info": {
        "total_time": 1.051879,
        "connect_time": 0.215687,
        "namelookup_time": 0.003952,
        "pretransfer_time": 0.559181,
        "starttransfer_time": 1.051828,
        "redirect_time": 0,
        "redirect_count": 0,
        "size_upload": 92,
        "size_download": 102,
        "speed_download": 96,
        "speed_upload": 87,
        "download_content_length": -1,
        "upload_content_length": 92,
        "content_type": "application\/json"
    },
    "verbose_log": "*   Trying 66.175.211.30:443...\n* Connected to sms.arkesel.com (66.175.211.30) port 443\n* ALPN: curl offers h2,http\/1.1\n*  CAfile: C:\\xampp\\apache\\bin\\curl-ca-bundle.crt\n*  CApath: none\n* SSL connection using TLSv1.3 \/ TLS_AES_256_GCM_SHA384\n* ALPN: server accepted http\/1.1\n* Server certificate:\n*  subject: CN=sms.arkesel.com\n*  start date: Jun  4 06:14:43 2025 GMT\n*  expire date: Sep  2 06:14:42 2025 GMT\n*  subjectAltName: host \"sms.arkesel.com\" matched cert's \"sms.arkesel.com\"\n*  issuer: C=US; O=Let's Encrypt; CN=E6\n*  SSL certificate verify ok.\n* using HTTP\/1.1\n> POST \/api\/v2\/sms\/send HTTP\/1.1\r\nHost: sms.arkesel.com\r\napi-key: cHZtY1B3SW5sZ05iUEJOVmZ1QXA\r\nContent-Type: application\/json\r\nAccept: application\/json\r\nContent-Length: 92\r\n\r\n< HTTP\/1.1 200 OK\r\n< Server: nginx\r\n< Content-Type: application\/json\r\n< Transfer-Encoding: chunked\r\n< Connection: keep-alive\r\n< Cache-Control: no-cache, private\r\n< Date: Fri, 18 Jul 2025 16:04:02 GMT\r\n< X-RateLimit-Limit: 1500\r\n< X-RateLimit-Remaining: 1497\r\n< Access-Control-Allow-Origin: *\r\n< Set-Cookie: arkesel_sms_messenger_session=VRPwa2MN1lZcgh4wp4Y5RnREAmm2oUEayKjhpYEs; expires=Fri, 18-Jul-2025 18:04:02 GMT; Max-Age=7200; path=\/; secure; httponly; samesite=lax\r\n< X-Frame-Options: SAMEORIGIN\r\n< \r\n* Connection #0 to host sms.arkesel.com left intact\n"
}
{
    "time": "2025-07-18 20:00:35",
    "url": "https:\/\/sms.arkesel.com\/api\/v2\/sms\/send",
    "payload": {
        "sender": "MyFreeman",
        "message": "Dear Ekow Paa Mensah, your payment of \u20b58.00 for Educational Fund has been received by Freeman Methodist Church - KM. Thank you.",
        "recipients": [
            "233545644749"
        ]
    },
    "request_headers": [
        "api-key: cHZtY1B3SW5sZ05iUEJOVmZ1QXA",
        "Content-Type: application\/json",
        "Accept: application\/json"
    ],
    "http_status": 200,
    "response_headers": "HTTP\/1.1 200 OK\r\nServer: nginx\r\nContent-Type: application\/json\r\nTransfer-Encoding: chunked\r\nConnection: keep-alive\r\nCache-Control: no-cache, private\r\nDate: Fri, 18 Jul 2025 18:00:35 GMT\r\nX-RateLimit-Limit: 1500\r\nX-RateLimit-Remaining: 1499\r\nAccess-Control-Allow-Origin: *\r\nSet-Cookie: arkesel_sms_messenger_session=l50Q03y8Me0hQcroRPG8wMEmYpUurqHqmYMEk3Mo; expires=Fri, 18-Jul-2025 20:00:35 GMT; Max-Age=7200; path=\/; secure; httponly; samesite=lax\r\nX-Frame-Options: SAMEORIGIN\r\n\r\n",
    "response_body": "{\"data\":[{\"id\":\"b120ce4d-004b-4fc1-8788-15593978b05d\",\"recipient\":\"233545644749\"}],\"status\":\"success\"}",
    "curl_error": "",
    "curl_info": {
        "total_time": 1.156383,
        "connect_time": 0.476658,
        "namelookup_time": 0.27921,
        "pretransfer_time": 0.806952,
        "starttransfer_time": 1.156319,
        "redirect_time": 0,
        "redirect_count": 0,
        "size_upload": 197,
        "size_download": 102,
        "speed_download": 88,
        "speed_upload": 170,
        "download_content_length": -1,
        "upload_content_length": 197,
        "content_type": "application\/json"
    },
    "verbose_log": "*   Trying 66.175.211.30:443...\n* Connected to sms.arkesel.com (66.175.211.30) port 443\n* ALPN: curl offers h2,http\/1.1\n*  CAfile: C:\\xampp\\apache\\bin\\curl-ca-bundle.crt\n*  CApath: none\n* SSL connection using TLSv1.3 \/ TLS_AES_256_GCM_SHA384\n* ALPN: server accepted http\/1.1\n* Server certificate:\n*  subject: CN=sms.arkesel.com\n*  start date: Jun  4 06:14:43 2025 GMT\n*  expire date: Sep  2 06:14:42 2025 GMT\n*  subjectAltName: host \"sms.arkesel.com\" matched cert's \"sms.arkesel.com\"\n*  issuer: C=US; O=Let's Encrypt; CN=E6\n*  SSL certificate verify ok.\n* using HTTP\/1.1\n> POST \/api\/v2\/sms\/send HTTP\/1.1\r\nHost: sms.arkesel.com\r\napi-key: cHZtY1B3SW5sZ05iUEJOVmZ1QXA\r\nContent-Type: application\/json\r\nAccept: application\/json\r\nContent-Length: 197\r\n\r\n< HTTP\/1.1 200 OK\r\n< Server: nginx\r\n< Content-Type: application\/json\r\n< Transfer-Encoding: chunked\r\n< Connection: keep-alive\r\n< Cache-Control: no-cache, private\r\n< Date: Fri, 18 Jul 2025 18:00:35 GMT\r\n< X-RateLimit-Limit: 1500\r\n< X-RateLimit-Remaining: 1499\r\n< Access-Control-Allow-Origin: *\r\n< Set-Cookie: arkesel_sms_messenger_session=l50Q03y8Me0hQcroRPG8wMEmYpUurqHqmYMEk3Mo; expires=Fri, 18-Jul-2025 20:00:35 GMT; Max-Age=7200; path=\/; secure; httponly; samesite=lax\r\n< X-Frame-Options: SAMEORIGIN\r\n< \r\n* Connection #0 to host sms.arkesel.com left intact\n"
}
{
    "time": "2025-07-18 20:00:36",
    "url": "https:\/\/sms.arkesel.com\/api\/v2\/sms\/send",
    "payload": {
        "sender": "MyFreeman",
        "message": "Dear Ekow Paa Mensah, your payment of \u20b58.00 for Educational Fund has been received by Freeman Methodist Church - KM. Thank you.",
        "recipients": [
            "233545644749"
        ]
    },
    "request_headers": [
        "api-key: cHZtY1B3SW5sZ05iUEJOVmZ1QXA",
        "Content-Type: application\/json",
        "Accept: application\/json"
    ],
    "http_status": 200,
    "response_headers": "HTTP\/1.1 200 OK\r\nServer: nginx\r\nContent-Type: application\/json\r\nTransfer-Encoding: chunked\r\nConnection: keep-alive\r\nCache-Control: no-cache, private\r\nDate: Fri, 18 Jul 2025 18:00:36 GMT\r\nX-RateLimit-Limit: 1500\r\nX-RateLimit-Remaining: 1498\r\nAccess-Control-Allow-Origin: *\r\nSet-Cookie: arkesel_sms_messenger_session=BDeZowX8qXWy1naqWCTTnnZrYcx2ExHrZDpH4KYO; expires=Fri, 18-Jul-2025 20:00:36 GMT; Max-Age=7200; path=\/; secure; httponly; samesite=lax\r\nX-Frame-Options: SAMEORIGIN\r\n\r\n",
    "response_body": "{\"data\":[{\"id\":\"dd4b1875-5818-4140-b867-2a03168ee897\",\"recipient\":\"233545644749\"}],\"status\":\"success\"}",
    "curl_error": "",
    "curl_info": {
        "total_time": 0.868744,
        "connect_time": 0.202342,
        "namelookup_time": 0.003524,
        "pretransfer_time": 0.525557,
        "starttransfer_time": 0.868696,
        "redirect_time": 0,
        "redirect_count": 0,
        "size_upload": 197,
        "size_download": 102,
        "speed_download": 117,
        "speed_upload": 226,
        "download_content_length": -1,
        "upload_content_length": 197,
        "content_type": "application\/json"
    },
    "verbose_log": "*   Trying 66.175.211.30:443...\n* Connected to sms.arkesel.com (66.175.211.30) port 443\n* ALPN: curl offers h2,http\/1.1\n*  CAfile: C:\\xampp\\apache\\bin\\curl-ca-bundle.crt\n*  CApath: none\n* SSL connection using TLSv1.3 \/ TLS_AES_256_GCM_SHA384\n* ALPN: server accepted http\/1.1\n* Server certificate:\n*  subject: CN=sms.arkesel.com\n*  start date: Jun  4 06:14:43 2025 GMT\n*  expire date: Sep  2 06:14:42 2025 GMT\n*  subjectAltName: host \"sms.arkesel.com\" matched cert's \"sms.arkesel.com\"\n*  issuer: C=US; O=Let's Encrypt; CN=E6\n*  SSL certificate verify ok.\n* using HTTP\/1.1\n> POST \/api\/v2\/sms\/send HTTP\/1.1\r\nHost: sms.arkesel.com\r\napi-key: cHZtY1B3SW5sZ05iUEJOVmZ1QXA\r\nContent-Type: application\/json\r\nAccept: application\/json\r\nContent-Length: 197\r\n\r\n< HTTP\/1.1 200 OK\r\n< Server: nginx\r\n< Content-Type: application\/json\r\n< Transfer-Encoding: chunked\r\n< Connection: keep-alive\r\n< Cache-Control: no-cache, private\r\n< Date: Fri, 18 Jul 2025 18:00:36 GMT\r\n< X-RateLimit-Limit: 1500\r\n< X-RateLimit-Remaining: 1498\r\n< Access-Control-Allow-Origin: *\r\n< Set-Cookie: arkesel_sms_messenger_session=BDeZowX8qXWy1naqWCTTnnZrYcx2ExHrZDpH4KYO; expires=Fri, 18-Jul-2025 20:00:36 GMT; Max-Age=7200; path=\/; secure; httponly; samesite=lax\r\n< X-Frame-Options: SAMEORIGIN\r\n< \r\n* Connection #0 to host sms.arkesel.com left intact\n"
}
{
    "time": "2025-07-18 23:53:21",
    "url": "https:\/\/sms.arkesel.com\/api\/v2\/sms\/send",
    "payload": {
        "sender": "MyFreeman",
        "message": "Hi Test",
        "recipients": [
            "233545644749"
        ]
    },
    "request_headers": [
        "api-key: cHZtY1B3SW5sZ05iUEJOVmZ1QXA",
        "Content-Type: application\/json",
        "Accept: application\/json"
    ],
    "http_status": 200,
    "response_headers": "HTTP\/1.1 200 OK\r\nServer: nginx\r\nContent-Type: application\/json\r\nTransfer-Encoding: chunked\r\nConnection: keep-alive\r\nCache-Control: no-cache, private\r\nDate: Fri, 18 Jul 2025 21:53:21 GMT\r\nX-RateLimit-Limit: 1500\r\nX-RateLimit-Remaining: 1499\r\nAccess-Control-Allow-Origin: *\r\nSet-Cookie: arkesel_sms_messenger_session=fpaP5U9COikUxRQX2ZBeHK78ODQXpxPB1vct3YOh; expires=Fri, 18-Jul-2025 23:53:21 GMT; Max-Age=7200; path=\/; secure; httponly; samesite=lax\r\nX-Frame-Options: SAMEORIGIN\r\n\r\n",
    "response_body": "{\"data\":[{\"id\":\"9296ff49-7f36-4ab0-9605-42ebd9d3c9b8\",\"recipient\":\"233545644749\"}],\"status\":\"success\"}",
    "curl_error": "",
    "curl_info": {
        "total_time": 1.555625,
        "connect_time": 0.809601,
        "namelookup_time": 0.561052,
        "pretransfer_time": 1.17436,
        "starttransfer_time": 1.555256,
        "redirect_time": 0,
        "redirect_count": 0,
        "size_upload": 72,
        "size_download": 102,
        "speed_download": 65,
        "speed_upload": 46,
        "download_content_length": -1,
        "upload_content_length": 72,
        "content_type": "application\/json"
    },
    "verbose_log": "*   Trying 66.175.211.30:443...\n* Connected to sms.arkesel.com (66.175.211.30) port 443\n* ALPN: curl offers h2,http\/1.1\n*  CAfile: C:\\xampp\\apache\\bin\\curl-ca-bundle.crt\n*  CApath: none\n* SSL connection using TLSv1.3 \/ TLS_AES_256_GCM_SHA384\n* ALPN: server accepted http\/1.1\n* Server certificate:\n*  subject: CN=sms.arkesel.com\n*  start date: Jun  4 06:14:43 2025 GMT\n*  expire date: Sep  2 06:14:42 2025 GMT\n*  subjectAltName: host \"sms.arkesel.com\" matched cert's \"sms.arkesel.com\"\n*  issuer: C=US; O=Let's Encrypt; CN=E6\n*  SSL certificate verify ok.\n* using HTTP\/1.1\n> POST \/api\/v2\/sms\/send HTTP\/1.1\r\nHost: sms.arkesel.com\r\napi-key: cHZtY1B3SW5sZ05iUEJOVmZ1QXA\r\nContent-Type: application\/json\r\nAccept: application\/json\r\nContent-Length: 72\r\n\r\n< HTTP\/1.1 200 OK\r\n< Server: nginx\r\n< Content-Type: application\/json\r\n< Transfer-Encoding: chunked\r\n< Connection: keep-alive\r\n< Cache-Control: no-cache, private\r\n< Date: Fri, 18 Jul 2025 21:53:21 GMT\r\n< X-RateLimit-Limit: 1500\r\n< X-RateLimit-Remaining: 1499\r\n< Access-Control-Allow-Origin: *\r\n< Set-Cookie: arkesel_sms_messenger_session=fpaP5U9COikUxRQX2ZBeHK78ODQXpxPB1vct3YOh; expires=Fri, 18-Jul-2025 23:53:21 GMT; Max-Age=7200; path=\/; secure; httponly; samesite=lax\r\n< X-Frame-Options: SAMEORIGIN\r\n< \r\n* Connection #0 to host sms.arkesel.com left intact\n"
}
{
    "time": "2025-07-18 23:57:29",
    "url": "https:\/\/sms.arkesel.com\/api\/v2\/sms\/send",
    "payload": {
        "sender": "MyFreeman",
        "message": "Dear Ekow Paa Mensah, your payment of \u20b510.00 for Test has been received by Freeman Methodist Church - KM. Thank you.",
        "recipients": [
            "233545644749"
        ]
    },
    "request_headers": [
        "api-key: cHZtY1B3SW5sZ05iUEJOVmZ1QXA",
        "Content-Type: application\/json",
        "Accept: application\/json"
    ],
    "http_status": 200,
    "response_headers": "HTTP\/1.1 200 OK\r\nServer: nginx\r\nContent-Type: application\/json\r\nTransfer-Encoding: chunked\r\nConnection: keep-alive\r\nCache-Control: no-cache, private\r\nDate: Fri, 18 Jul 2025 21:57:29 GMT\r\nX-RateLimit-Limit: 1500\r\nX-RateLimit-Remaining: 1499\r\nAccess-Control-Allow-Origin: *\r\nSet-Cookie: arkesel_sms_messenger_session=iqfQXBrZ1HfI9qJLBH3W03FVOiVTsSVH4j080Qy0; expires=Fri, 18-Jul-2025 23:57:29 GMT; Max-Age=7200; path=\/; secure; httponly; samesite=lax\r\nX-Frame-Options: SAMEORIGIN\r\n\r\n",
    "response_body": "{\"data\":[{\"id\":\"83dada9f-03a3-4663-a58f-87a87687dc9c\",\"recipient\":\"233545644749\"}],\"status\":\"success\"}",
    "curl_error": "",
    "curl_info": {
        "total_time": 2.737695,
        "connect_time": 0.358587,
        "namelookup_time": 0.01294,
        "pretransfer_time": 1.834013,
        "starttransfer_time": 2.737649,
        "redirect_time": 0,
        "redirect_count": 0,
        "size_upload": 186,
        "size_download": 102,
        "speed_download": 37,
        "speed_upload": 67,
        "download_content_length": -1,
        "upload_content_length": 186,
        "content_type": "application\/json"
    },
    "verbose_log": "*   Trying 66.175.211.30:443...\n* Connected to sms.arkesel.com (66.175.211.30) port 443\n* ALPN: curl offers h2,http\/1.1\n*  CAfile: C:\\xampp\\apache\\bin\\curl-ca-bundle.crt\n*  CApath: none\n* SSL connection using TLSv1.3 \/ TLS_AES_256_GCM_SHA384\n* ALPN: server accepted http\/1.1\n* Server certificate:\n*  subject: CN=sms.arkesel.com\n*  start date: Jun  4 06:14:43 2025 GMT\n*  expire date: Sep  2 06:14:42 2025 GMT\n*  subjectAltName: host \"sms.arkesel.com\" matched cert's \"sms.arkesel.com\"\n*  issuer: C=US; O=Let's Encrypt; CN=E6\n*  SSL certificate verify ok.\n* using HTTP\/1.1\n> POST \/api\/v2\/sms\/send HTTP\/1.1\r\nHost: sms.arkesel.com\r\napi-key: cHZtY1B3SW5sZ05iUEJOVmZ1QXA\r\nContent-Type: application\/json\r\nAccept: application\/json\r\nContent-Length: 186\r\n\r\n< HTTP\/1.1 200 OK\r\n< Server: nginx\r\n< Content-Type: application\/json\r\n< Transfer-Encoding: chunked\r\n< Connection: keep-alive\r\n< Cache-Control: no-cache, private\r\n< Date: Fri, 18 Jul 2025 21:57:29 GMT\r\n< X-RateLimit-Limit: 1500\r\n< X-RateLimit-Remaining: 1499\r\n< Access-Control-Allow-Origin: *\r\n< Set-Cookie: arkesel_sms_messenger_session=iqfQXBrZ1HfI9qJLBH3W03FVOiVTsSVH4j080Qy0; expires=Fri, 18-Jul-2025 23:57:29 GMT; Max-Age=7200; path=\/; secure; httponly; samesite=lax\r\n< X-Frame-Options: SAMEORIGIN\r\n< \r\n* Connection #0 to host sms.arkesel.com left intact\n"
}
{
    "time": "2025-07-18 23:57:32",
    "url": "https:\/\/sms.arkesel.com\/api\/v2\/sms\/send",
    "payload": {
        "sender": "MyFreeman",
        "message": "Dear Ekow Paa Mensah, your payment of \u20b510.00 for Test has been received by Freeman Methodist Church - KM. Thank you.",
        "recipients": [
            "233545644749"
        ]
    },
    "request_headers": [
        "api-key: cHZtY1B3SW5sZ05iUEJOVmZ1QXA",
        "Content-Type: application\/json",
        "Accept: application\/json"
    ],
    "http_status": 200,
    "response_headers": "HTTP\/1.1 200 OK\r\nServer: nginx\r\nContent-Type: application\/json\r\nTransfer-Encoding: chunked\r\nConnection: keep-alive\r\nCache-Control: no-cache, private\r\nDate: Fri, 18 Jul 2025 21:57:32 GMT\r\nX-RateLimit-Limit: 1500\r\nX-RateLimit-Remaining: 1498\r\nAccess-Control-Allow-Origin: *\r\nSet-Cookie: arkesel_sms_messenger_session=dTFeSNDhKy5otBCjZGYZB5DBPOdWaWG5LBQ8tmMU; expires=Fri, 18-Jul-2025 23:57:32 GMT; Max-Age=7200; path=\/; secure; httponly; samesite=lax\r\nX-Frame-Options: SAMEORIGIN\r\n\r\n",
    "response_body": "{\"data\":[{\"id\":\"a34d7ceb-10b7-4f2e-ae22-f0d9f6c78f27\",\"recipient\":\"233545644749\"}],\"status\":\"success\"}",
    "curl_error": "",
    "curl_info": {
        "total_time": 2.63158,
        "connect_time": 0.226306,
        "namelookup_time": 0.00168,
        "pretransfer_time": 2.215042,
        "starttransfer_time": 2.631559,
        "redirect_time": 0,
        "redirect_count": 0,
        "size_upload": 186,
        "size_download": 102,
        "speed_download": 38,
        "speed_upload": 70,
        "download_content_length": -1,
        "upload_content_length": 186,
        "content_type": "application\/json"
    },
    "verbose_log": "*   Trying 66.175.211.30:443...\n* Connected to sms.arkesel.com (66.175.211.30) port 443\n* ALPN: curl offers h2,http\/1.1\n*  CAfile: C:\\xampp\\apache\\bin\\curl-ca-bundle.crt\n*  CApath: none\n* SSL connection using TLSv1.3 \/ TLS_AES_256_GCM_SHA384\n* ALPN: server accepted http\/1.1\n* Server certificate:\n*  subject: CN=sms.arkesel.com\n*  start date: Jun  4 06:14:43 2025 GMT\n*  expire date: Sep  2 06:14:42 2025 GMT\n*  subjectAltName: host \"sms.arkesel.com\" matched cert's \"sms.arkesel.com\"\n*  issuer: C=US; O=Let's Encrypt; CN=E6\n*  SSL certificate verify ok.\n* using HTTP\/1.1\n> POST \/api\/v2\/sms\/send HTTP\/1.1\r\nHost: sms.arkesel.com\r\napi-key: cHZtY1B3SW5sZ05iUEJOVmZ1QXA\r\nContent-Type: application\/json\r\nAccept: application\/json\r\nContent-Length: 186\r\n\r\n< HTTP\/1.1 200 OK\r\n< Server: nginx\r\n< Content-Type: application\/json\r\n< Transfer-Encoding: chunked\r\n< Connection: keep-alive\r\n< Cache-Control: no-cache, private\r\n< Date: Fri, 18 Jul 2025 21:57:32 GMT\r\n< X-RateLimit-Limit: 1500\r\n< X-RateLimit-Remaining: 1498\r\n< Access-Control-Allow-Origin: *\r\n< Set-Cookie: arkesel_sms_messenger_session=dTFeSNDhKy5otBCjZGYZB5DBPOdWaWG5LBQ8tmMU; expires=Fri, 18-Jul-2025 23:57:32 GMT; Max-Age=7200; path=\/; secure; httponly; samesite=lax\r\n< X-Frame-Options: SAMEORIGIN\r\n< \r\n* Connection #0 to host sms.arkesel.com left intact\n"
}
