{
    "time": "2025-07-15 03:18:30",
    "url": "https:\/\/sms.arkesel.com\/api\/v2\/sms\/send",
    "payload": {
        "sender": "MyFreeman",
        "message": "Hi Ekow, click on the link to complete your registration: http:\/\/localhost\/myfreeman\/views\/complete_registration.php?token=b8f359bc14fc708e7634056ff5f2ad51",
        "recipients": [
            "233545644741"
        ]
    },
    "request_headers": [
        "api-key: cHZtY1B3SW5sZ05iUEJOVmZ1QXA",
        "Content-Type: application\/json",
        "Accept: application\/json"
    ],
    "http_status": 200,
    "response_headers": "HTTP\/1.1 200 OK\r\nServer: nginx\r\nContent-Type: application\/json\r\nTransfer-Encoding: chunked\r\nConnection: keep-alive\r\nCache-Control: no-cache, private\r\nDate: Tue, 15 Jul 2025 01:18:31 GMT\r\nX-RateLimit-Limit: 1500\r\nX-RateLimit-Remaining: 1499\r\nAccess-Control-Allow-Origin: *\r\nSet-Cookie: arkesel_sms_messenger_session=kkTrkJ9cO8CmBEQIc8fQRru7ei4uhXbuwOWp6RCa; expires=Tue, 15-Jul-2025 03:18:31 GMT; Max-Age=7200; path=\/; secure; httponly; samesite=lax\r\nX-Frame-Options: SAMEORIGIN\r\n\r\n",
    "response_body": "{\"data\":[{\"id\":\"bd51deb8-d438-4424-b952-a5f60a97805c\",\"recipient\":\"233545644741\"}],\"status\":\"success\"}",
    "curl_error": "",
    "curl_info": {
        "total_time": 1.160349,
        "connect_time": 0.46145,
        "namelookup_time": 0.264876,
        "pretransfer_time": 0.811631,
        "starttransfer_time": 1.160226,
        "redirect_time": 0,
        "redirect_count": 0,
        "size_upload": 225,
        "size_download": 102,
        "speed_download": 87,
        "speed_upload": 193,
        "download_content_length": -1,
        "upload_content_length": 225,
        "content_type": "application\/json"
    },
    "verbose_log": "*   Trying 66.175.211.30:443...\n* Connected to sms.arkesel.com (66.175.211.30) port 443\n* ALPN: curl offers h2,http\/1.1\n*  CAfile: C:\\xampp\\apache\\bin\\curl-ca-bundle.crt\n*  CApath: none\n* SSL connection using TLSv1.3 \/ TLS_AES_256_GCM_SHA384\n* ALPN: server accepted http\/1.1\n* Server certificate:\n*  subject: CN=sms.arkesel.com\n*  start date: Jun  4 06:14:43 2025 GMT\n*  expire date: Sep  2 06:14:42 2025 GMT\n*  subjectAltName: host \"sms.arkesel.com\" matched cert's \"sms.arkesel.com\"\n*  issuer: C=US; O=Let's Encrypt; CN=E6\n*  SSL certificate verify ok.\n* using HTTP\/1.1\n> POST \/api\/v2\/sms\/send HTTP\/1.1\r\nHost: sms.arkesel.com\r\napi-key: cHZtY1B3SW5sZ05iUEJOVmZ1QXA\r\nContent-Type: application\/json\r\nAccept: application\/json\r\nContent-Length: 225\r\n\r\n< HTTP\/1.1 200 OK\r\n< Server: nginx\r\n< Content-Type: application\/json\r\n< Transfer-Encoding: chunked\r\n< Connection: keep-alive\r\n< Cache-Control: no-cache, private\r\n< Date: Tue, 15 Jul 2025 01:18:31 GMT\r\n< X-RateLimit-Limit: 1500\r\n< X-RateLimit-Remaining: 1499\r\n< Access-Control-Allow-Origin: *\r\n< Set-Cookie: arkesel_sms_messenger_session=kkTrkJ9cO8CmBEQIc8fQRru7ei4uhXbuwOWp6RCa; expires=Tue, 15-Jul-2025 03:18:31 GMT; Max-Age=7200; path=\/; secure; httponly; samesite=lax\r\n< X-Frame-Options: SAMEORIGIN\r\n< \r\n* Connection #0 to host sms.arkesel.com left intact\n"
}
{
    "time": "2025-07-15 03:18:31",
    "url": "https:\/\/sms.arkesel.com\/api\/v2\/sms\/send",
    "payload": {
        "sender": "MyFreeman",
        "message": "Hi Ekow, click on the link to complete your registration: http:\/\/localhost\/myfreeman\/views\/complete_registration.php?token=b8f359bc14fc708e7634056ff5f2ad51",
        "recipients": [
            "233545644741"
        ]
    },
    "request_headers": [
        "api-key: cHZtY1B3SW5sZ05iUEJOVmZ1QXA",
        "Content-Type: application\/json",
        "Accept: application\/json"
    ],
    "http_status": 200,
    "response_headers": "HTTP\/1.1 200 OK\r\nServer: nginx\r\nContent-Type: application\/json\r\nTransfer-Encoding: chunked\r\nConnection: keep-alive\r\nCache-Control: no-cache, private\r\nDate: Tue, 15 Jul 2025 01:18:31 GMT\r\nX-RateLimit-Limit: 1500\r\nX-RateLimit-Remaining: 1498\r\nAccess-Control-Allow-Origin: *\r\nSet-Cookie: arkesel_sms_messenger_session=kuaLy0IoZ1Bk3GEX5bQTZZd1BnkwSmSn5lwTQiwc; expires=Tue, 15-Jul-2025 03:18:31 GMT; Max-Age=7200; path=\/; secure; httponly; samesite=lax\r\nX-Frame-Options: SAMEORIGIN\r\n\r\n",
    "response_body": "{\"data\":[{\"id\":\"23b0efe9-989a-4f4c-91d8-dba0afb025c2\",\"recipient\":\"233545644741\"}],\"status\":\"success\"}",
    "curl_error": "",
    "curl_info": {
        "total_time": 0.863428,
        "connect_time": 0.18824,
        "namelookup_time": 0.001669,
        "pretransfer_time": 0.516463,
        "starttransfer_time": 0.863405,
        "redirect_time": 0,
        "redirect_count": 0,
        "size_upload": 225,
        "size_download": 102,
        "speed_download": 118,
        "speed_upload": 260,
        "download_content_length": -1,
        "upload_content_length": 225,
        "content_type": "application\/json"
    },
    "verbose_log": "*   Trying 66.175.211.30:443...\n* Connected to sms.arkesel.com (66.175.211.30) port 443\n* ALPN: curl offers h2,http\/1.1\n*  CAfile: C:\\xampp\\apache\\bin\\curl-ca-bundle.crt\n*  CApath: none\n* SSL connection using TLSv1.3 \/ TLS_AES_256_GCM_SHA384\n* ALPN: server accepted http\/1.1\n* Server certificate:\n*  subject: CN=sms.arkesel.com\n*  start date: Jun  4 06:14:43 2025 GMT\n*  expire date: Sep  2 06:14:42 2025 GMT\n*  subjectAltName: host \"sms.arkesel.com\" matched cert's \"sms.arkesel.com\"\n*  issuer: C=US; O=Let's Encrypt; CN=E6\n*  SSL certificate verify ok.\n* using HTTP\/1.1\n> POST \/api\/v2\/sms\/send HTTP\/1.1\r\nHost: sms.arkesel.com\r\napi-key: cHZtY1B3SW5sZ05iUEJOVmZ1QXA\r\nContent-Type: application\/json\r\nAccept: application\/json\r\nContent-Length: 225\r\n\r\n< HTTP\/1.1 200 OK\r\n< Server: nginx\r\n< Content-Type: application\/json\r\n< Transfer-Encoding: chunked\r\n< Connection: keep-alive\r\n< Cache-Control: no-cache, private\r\n< Date: Tue, 15 Jul 2025 01:18:31 GMT\r\n< X-RateLimit-Limit: 1500\r\n< X-RateLimit-Remaining: 1498\r\n< Access-Control-Allow-Origin: *\r\n< Set-Cookie: arkesel_sms_messenger_session=kuaLy0IoZ1Bk3GEX5bQTZZd1BnkwSmSn5lwTQiwc; expires=Tue, 15-Jul-2025 03:18:31 GMT; Max-Age=7200; path=\/; secure; httponly; samesite=lax\r\n< X-Frame-Options: SAMEORIGIN\r\n< \r\n* Connection #0 to host sms.arkesel.com left intact\n"
}
{
    "time": "2025-07-15 03:39:29",
    "url": "https:\/\/sms.arkesel.com\/api\/v2\/sms\/send",
    "payload": {
        "sender": "MyFreeman",
        "message": "Dear Ekow Mensah, to reset your password, click: http:\/\/localhost\/myfreeman\/reset_password.php?token=04d35e5c6b995e4eab758ddf3d6e24f598b1cc5c662801ca7921c397b2ce7e1c\nThis link will expire in 1 hour.",
        "recipients": [
            "233545644749"
        ]
    },
    "request_headers": [
        "api-key: cHZtY1B3SW5sZ05iUEJOVmZ1QXA",
        "Content-Type: application\/json",
        "Accept: application\/json"
    ],
    "http_status": 200,
    "response_headers": "HTTP\/1.1 200 OK\r\nServer: nginx\r\nContent-Type: application\/json\r\nTransfer-Encoding: chunked\r\nConnection: keep-alive\r\nCache-Control: no-cache, private\r\nDate: Tue, 15 Jul 2025 01:39:30 GMT\r\nX-RateLimit-Limit: 1500\r\nX-RateLimit-Remaining: 1499\r\nAccess-Control-Allow-Origin: *\r\nSet-Cookie: arkesel_sms_messenger_session=Yr4ZSiHw4kXe3iUraqGziih8vDSfbEmR3bhlVTfR; expires=Tue, 15-Jul-2025 03:39:30 GMT; Max-Age=7200; path=\/; secure; httponly; samesite=lax\r\nX-Frame-Options: SAMEORIGIN\r\n\r\n",
    "response_body": "{\"data\":[{\"id\":\"e6cd8328-5f5d-44b9-a31e-19434c5000e9\",\"recipient\":\"233545644749\"}],\"status\":\"success\"}",
    "curl_error": "",
    "curl_info": {
        "total_time": 1.108721,
        "connect_time": 0.421394,
        "namelookup_time": 0.235804,
        "pretransfer_time": 0.752387,
        "starttransfer_time": 1.108593,
        "redirect_time": 0,
        "redirect_count": 0,
        "size_upload": 268,
        "size_download": 102,
        "speed_download": 91,
        "speed_upload": 241,
        "download_content_length": -1,
        "upload_content_length": 268,
        "content_type": "application\/json"
    },
    "verbose_log": "*   Trying 66.175.211.30:443...\n* Connected to sms.arkesel.com (66.175.211.30) port 443\n* ALPN: curl offers h2,http\/1.1\n*  CAfile: C:\\xampp\\apache\\bin\\curl-ca-bundle.crt\n*  CApath: none\n* SSL connection using TLSv1.3 \/ TLS_AES_256_GCM_SHA384\n* ALPN: server accepted http\/1.1\n* Server certificate:\n*  subject: CN=sms.arkesel.com\n*  start date: Jun  4 06:14:43 2025 GMT\n*  expire date: Sep  2 06:14:42 2025 GMT\n*  subjectAltName: host \"sms.arkesel.com\" matched cert's \"sms.arkesel.com\"\n*  issuer: C=US; O=Let's Encrypt; CN=E6\n*  SSL certificate verify ok.\n* using HTTP\/1.1\n> POST \/api\/v2\/sms\/send HTTP\/1.1\r\nHost: sms.arkesel.com\r\napi-key: cHZtY1B3SW5sZ05iUEJOVmZ1QXA\r\nContent-Type: application\/json\r\nAccept: application\/json\r\nContent-Length: 268\r\n\r\n< HTTP\/1.1 200 OK\r\n< Server: nginx\r\n< Content-Type: application\/json\r\n< Transfer-Encoding: chunked\r\n< Connection: keep-alive\r\n< Cache-Control: no-cache, private\r\n< Date: Tue, 15 Jul 2025 01:39:30 GMT\r\n< X-RateLimit-Limit: 1500\r\n< X-RateLimit-Remaining: 1499\r\n< Access-Control-Allow-Origin: *\r\n< Set-Cookie: arkesel_sms_messenger_session=Yr4ZSiHw4kXe3iUraqGziih8vDSfbEmR3bhlVTfR; expires=Tue, 15-Jul-2025 03:39:30 GMT; Max-Age=7200; path=\/; secure; httponly; samesite=lax\r\n< X-Frame-Options: SAMEORIGIN\r\n< \r\n* Connection #0 to host sms.arkesel.com left intact\n"
}
{
    "time": "2025-07-15 10:40:19",
    "url": "https:\/\/sms.arkesel.com\/api\/v2\/sms\/send",
    "payload": {
        "sender": "MyFreeman",
        "message": "Dear Ekow Paa Mensah, your payment of \u20b538.00 has been received by Freeman Methodist Church - KM. Thank you.",
        "recipients": [
            "233545644749"
        ]
    },
    "request_headers": [
        "api-key: cHZtY1B3SW5sZ05iUEJOVmZ1QXA",
        "Content-Type: application\/json",
        "Accept: application\/json"
    ],
    "http_status": 200,
    "response_headers": "HTTP\/1.1 200 OK\r\nServer: nginx\r\nContent-Type: application\/json\r\nTransfer-Encoding: chunked\r\nConnection: keep-alive\r\nCache-Control: no-cache, private\r\nDate: Tue, 15 Jul 2025 08:40:20 GMT\r\nX-RateLimit-Limit: 1500\r\nX-RateLimit-Remaining: 1499\r\nAccess-Control-Allow-Origin: *\r\nSet-Cookie: arkesel_sms_messenger_session=LWdJZwAQwW9ha8WR3mtlWtnkDmCg65gJ7jjKFJA7; expires=Tue, 15-Jul-2025 10:40:20 GMT; Max-Age=7200; path=\/; secure; httponly; samesite=lax\r\nX-Frame-Options: SAMEORIGIN\r\n\r\n",
    "response_body": "{\"data\":[{\"id\":\"4090d48c-d06a-4f67-8705-f3c561dd4ed1\",\"recipient\":\"233545644749\"}],\"status\":\"success\"}",
    "curl_error": "",
    "curl_info": {
        "total_time": 1.108156,
        "connect_time": 0.372144,
        "namelookup_time": 0.15748,
        "pretransfer_time": 0.72219,
        "starttransfer_time": 1.108055,
        "redirect_time": 0,
        "redirect_count": 0,
        "size_upload": 177,
        "size_download": 102,
        "speed_download": 92,
        "speed_upload": 159,
        "download_content_length": -1,
        "upload_content_length": 177,
        "content_type": "application\/json"
    },
    "verbose_log": "*   Trying 66.175.211.30:443...\n* Connected to sms.arkesel.com (66.175.211.30) port 443\n* ALPN: curl offers h2,http\/1.1\n*  CAfile: C:\\xampp\\apache\\bin\\curl-ca-bundle.crt\n*  CApath: none\n* SSL connection using TLSv1.3 \/ TLS_AES_256_GCM_SHA384\n* ALPN: server accepted http\/1.1\n* Server certificate:\n*  subject: CN=sms.arkesel.com\n*  start date: Jun  4 06:14:43 2025 GMT\n*  expire date: Sep  2 06:14:42 2025 GMT\n*  subjectAltName: host \"sms.arkesel.com\" matched cert's \"sms.arkesel.com\"\n*  issuer: C=US; O=Let's Encrypt; CN=E6\n*  SSL certificate verify ok.\n* using HTTP\/1.1\n> POST \/api\/v2\/sms\/send HTTP\/1.1\r\nHost: sms.arkesel.com\r\napi-key: cHZtY1B3SW5sZ05iUEJOVmZ1QXA\r\nContent-Type: application\/json\r\nAccept: application\/json\r\nContent-Length: 177\r\n\r\n< HTTP\/1.1 200 OK\r\n< Server: nginx\r\n< Content-Type: application\/json\r\n< Transfer-Encoding: chunked\r\n< Connection: keep-alive\r\n< Cache-Control: no-cache, private\r\n< Date: Tue, 15 Jul 2025 08:40:20 GMT\r\n< X-RateLimit-Limit: 1500\r\n< X-RateLimit-Remaining: 1499\r\n< Access-Control-Allow-Origin: *\r\n< Set-Cookie: arkesel_sms_messenger_session=LWdJZwAQwW9ha8WR3mtlWtnkDmCg65gJ7jjKFJA7; expires=Tue, 15-Jul-2025 10:40:20 GMT; Max-Age=7200; path=\/; secure; httponly; samesite=lax\r\n< X-Frame-Options: SAMEORIGIN\r\n< \r\n* Connection #0 to host sms.arkesel.com left intact\n"
}
{
    "time": "2025-07-15 10:40:20",
    "url": "https:\/\/sms.arkesel.com\/api\/v2\/sms\/send",
    "payload": {
        "sender": "MyFreeman",
        "message": "Dear Ekow Paa Mensah, your payment of \u20b538.00 has been received by Freeman Methodist Church - KM. Thank you.",
        "recipients": [
            "233545644749"
        ]
    },
    "request_headers": [
        "api-key: cHZtY1B3SW5sZ05iUEJOVmZ1QXA",
        "Content-Type: application\/json",
        "Accept: application\/json"
    ],
    "http_status": 200,
    "response_headers": "HTTP\/1.1 200 OK\r\nServer: nginx\r\nContent-Type: application\/json\r\nTransfer-Encoding: chunked\r\nConnection: keep-alive\r\nCache-Control: no-cache, private\r\nDate: Tue, 15 Jul 2025 08:40:21 GMT\r\nX-RateLimit-Limit: 1500\r\nX-RateLimit-Remaining: 1498\r\nAccess-Control-Allow-Origin: *\r\nSet-Cookie: arkesel_sms_messenger_session=X13EP7ylmunvIcITk1qnPuI6vp3aSPjO1Kt5Pahd; expires=Tue, 15-Jul-2025 10:40:21 GMT; Max-Age=7200; path=\/; secure; httponly; samesite=lax\r\nX-Frame-Options: SAMEORIGIN\r\n\r\n",
    "response_body": "{\"data\":[{\"id\":\"2e58053f-53f8-4779-af4c-2222eab11fdb\",\"recipient\":\"233545644749\"}],\"status\":\"success\"}",
    "curl_error": "",
    "curl_info": {
        "total_time": 0.970811,
        "connect_time": 0.198186,
        "namelookup_time": 0.001758,
        "pretransfer_time": 0.509344,
        "starttransfer_time": 0.97076,
        "redirect_time": 0,
        "redirect_count": 0,
        "size_upload": 177,
        "size_download": 102,
        "speed_download": 105,
        "speed_upload": 182,
        "download_content_length": -1,
        "upload_content_length": 177,
        "content_type": "application\/json"
    },
    "verbose_log": "*   Trying 66.175.211.30:443...\n* Connected to sms.arkesel.com (66.175.211.30) port 443\n* ALPN: curl offers h2,http\/1.1\n*  CAfile: C:\\xampp\\apache\\bin\\curl-ca-bundle.crt\n*  CApath: none\n* SSL connection using TLSv1.3 \/ TLS_AES_256_GCM_SHA384\n* ALPN: server accepted http\/1.1\n* Server certificate:\n*  subject: CN=sms.arkesel.com\n*  start date: Jun  4 06:14:43 2025 GMT\n*  expire date: Sep  2 06:14:42 2025 GMT\n*  subjectAltName: host \"sms.arkesel.com\" matched cert's \"sms.arkesel.com\"\n*  issuer: C=US; O=Let's Encrypt; CN=E6\n*  SSL certificate verify ok.\n* using HTTP\/1.1\n> POST \/api\/v2\/sms\/send HTTP\/1.1\r\nHost: sms.arkesel.com\r\napi-key: cHZtY1B3SW5sZ05iUEJOVmZ1QXA\r\nContent-Type: application\/json\r\nAccept: application\/json\r\nContent-Length: 177\r\n\r\n< HTTP\/1.1 200 OK\r\n< Server: nginx\r\n< Content-Type: application\/json\r\n< Transfer-Encoding: chunked\r\n< Connection: keep-alive\r\n< Cache-Control: no-cache, private\r\n< Date: Tue, 15 Jul 2025 08:40:21 GMT\r\n< X-RateLimit-Limit: 1500\r\n< X-RateLimit-Remaining: 1498\r\n< Access-Control-Allow-Origin: *\r\n< Set-Cookie: arkesel_sms_messenger_session=X13EP7ylmunvIcITk1qnPuI6vp3aSPjO1Kt5Pahd; expires=Tue, 15-Jul-2025 10:40:21 GMT; Max-Age=7200; path=\/; secure; httponly; samesite=lax\r\n< X-Frame-Options: SAMEORIGIN\r\n< \r\n* Connection #0 to host sms.arkesel.com left intact\n"
}
