{
    "time": "2025-07-13 20:28:14",
    "url": "https:\/\/sms.arkesel.com\/api\/v2\/sms\/send",
    "payload": {
        "sender": "MyFreeman",
        "message": "Dear Ekow Paa Mensah, your payment of \u20b5100.00 for Something has been received by Freeman Methodist Church - KM. Thank you.",
        "recipients": [
            "233545644749"
        ]
    },
    "request_headers": [
        "api-key: cHZtY1B3SW5sZ05iUEJOVmZ1QXA",
        "Content-Type: application\/json",
        "Accept: application\/json"
    ],
    "http_status": 200,
    "response_headers": "HTTP\/1.1 200 OK\r\nServer: nginx\r\nContent-Type: application\/json\r\nTransfer-Encoding: chunked\r\nConnection: keep-alive\r\nCache-Control: no-cache, private\r\nDate: Sun, 13 Jul 2025 18:28:15 GMT\r\nX-RateLimit-Limit: 1500\r\nX-RateLimit-Remaining: 1499\r\nAccess-Control-Allow-Origin: *\r\nSet-Cookie: arkesel_sms_messenger_session=TJNkZwI9YT1Vp2mTpFGOctz9kYLQlhjQNHKFy5Nr; expires=Sun, 13-Jul-2025 20:28:15 GMT; Max-Age=7200; path=\/; secure; httponly; samesite=lax\r\nX-Frame-Options: SAMEORIGIN\r\n\r\n",
    "response_body": "{\"data\":[{\"id\":\"0de3fdf3-d0fe-4fa6-a591-468f30013ead\",\"recipient\":\"233545644749\"}],\"status\":\"success\"}",
    "curl_error": "",
    "curl_info": {
        "total_time": 1.850961,
        "connect_time": 0.414043,
        "namelookup_time": 0.195234,
        "pretransfer_time": 1.464943,
        "starttransfer_time": 1.850787,
        "redirect_time": 0,
        "redirect_count": 0,
        "size_upload": 192,
        "size_download": 102,
        "speed_download": 55,
        "speed_upload": 103,
        "download_content_length": -1,
        "upload_content_length": 192,
        "content_type": "application\/json"
    },
    "verbose_log": "*   Trying 66.175.211.30:443...\n* Connected to sms.arkesel.com (66.175.211.30) port 443\n* ALPN: curl offers h2,http\/1.1\n*  CAfile: C:\\xampp\\apache\\bin\\curl-ca-bundle.crt\n*  CApath: none\n* SSL connection using TLSv1.3 \/ TLS_AES_256_GCM_SHA384\n* ALPN: server accepted http\/1.1\n* Server certificate:\n*  subject: CN=sms.arkesel.com\n*  start date: Jun  4 06:14:43 2025 GMT\n*  expire date: Sep  2 06:14:42 2025 GMT\n*  subjectAltName: host \"sms.arkesel.com\" matched cert's \"sms.arkesel.com\"\n*  issuer: C=US; O=Let's Encrypt; CN=E6\n*  SSL certificate verify ok.\n* using HTTP\/1.1\n> POST \/api\/v2\/sms\/send HTTP\/1.1\r\nHost: sms.arkesel.com\r\napi-key: cHZtY1B3SW5sZ05iUEJOVmZ1QXA\r\nContent-Type: application\/json\r\nAccept: application\/json\r\nContent-Length: 192\r\n\r\n< HTTP\/1.1 200 OK\r\n< Server: nginx\r\n< Content-Type: application\/json\r\n< Transfer-Encoding: chunked\r\n< Connection: keep-alive\r\n< Cache-Control: no-cache, private\r\n< Date: Sun, 13 Jul 2025 18:28:15 GMT\r\n< X-RateLimit-Limit: 1500\r\n< X-RateLimit-Remaining: 1499\r\n< Access-Control-Allow-Origin: *\r\n< Set-Cookie: arkesel_sms_messenger_session=TJNkZwI9YT1Vp2mTpFGOctz9kYLQlhjQNHKFy5Nr; expires=Sun, 13-Jul-2025 20:28:15 GMT; Max-Age=7200; path=\/; secure; httponly; samesite=lax\r\n< X-Frame-Options: SAMEORIGIN\r\n< \r\n* Connection #0 to host sms.arkesel.com left intact\n"
}
{
    "time": "2025-07-13 20:28:16",
    "url": "https:\/\/sms.arkesel.com\/api\/v2\/sms\/send",
    "payload": {
        "sender": "MyFreeman",
        "message": "Dear Ekow Paa Mensah, your payment of \u20b5100.00 for Something has been received by Freeman Methodist Church - KM. Thank you.",
        "recipients": [
            "233545644749"
        ]
    },
    "request_headers": [
        "api-key: cHZtY1B3SW5sZ05iUEJOVmZ1QXA",
        "Content-Type: application\/json",
        "Accept: application\/json"
    ],
    "http_status": 200,
    "response_headers": "HTTP\/1.1 200 OK\r\nServer: nginx\r\nContent-Type: application\/json\r\nTransfer-Encoding: chunked\r\nConnection: keep-alive\r\nCache-Control: no-cache, private\r\nDate: Sun, 13 Jul 2025 18:28:17 GMT\r\nX-RateLimit-Limit: 1500\r\nX-RateLimit-Remaining: 1498\r\nAccess-Control-Allow-Origin: *\r\nSet-Cookie: arkesel_sms_messenger_session=1Tpc8HE1WlqGoGt2ReeLSsKi4bn7a0sd3w5ayj4T; expires=Sun, 13-Jul-2025 20:28:17 GMT; Max-Age=7200; path=\/; secure; httponly; samesite=lax\r\nX-Frame-Options: SAMEORIGIN\r\n\r\n",
    "response_body": "{\"data\":[{\"id\":\"c9223f98-8434-4872-83cc-c3db4ecc5fd0\",\"recipient\":\"233545644749\"}],\"status\":\"success\"}",
    "curl_error": "",
    "curl_info": {
        "total_time": 1.600282,
        "connect_time": 0.198189,
        "namelookup_time": 0.003848,
        "pretransfer_time": 1.18167,
        "starttransfer_time": 1.600245,
        "redirect_time": 0,
        "redirect_count": 0,
        "size_upload": 192,
        "size_download": 102,
        "speed_download": 63,
        "speed_upload": 119,
        "download_content_length": -1,
        "upload_content_length": 192,
        "content_type": "application\/json"
    },
    "verbose_log": "*   Trying 66.175.211.30:443...\n* Connected to sms.arkesel.com (66.175.211.30) port 443\n* ALPN: curl offers h2,http\/1.1\n*  CAfile: C:\\xampp\\apache\\bin\\curl-ca-bundle.crt\n*  CApath: none\n* SSL connection using TLSv1.3 \/ TLS_AES_256_GCM_SHA384\n* ALPN: server accepted http\/1.1\n* Server certificate:\n*  subject: CN=sms.arkesel.com\n*  start date: Jun  4 06:14:43 2025 GMT\n*  expire date: Sep  2 06:14:42 2025 GMT\n*  subjectAltName: host \"sms.arkesel.com\" matched cert's \"sms.arkesel.com\"\n*  issuer: C=US; O=Let's Encrypt; CN=E6\n*  SSL certificate verify ok.\n* using HTTP\/1.1\n> POST \/api\/v2\/sms\/send HTTP\/1.1\r\nHost: sms.arkesel.com\r\napi-key: cHZtY1B3SW5sZ05iUEJOVmZ1QXA\r\nContent-Type: application\/json\r\nAccept: application\/json\r\nContent-Length: 192\r\n\r\n< HTTP\/1.1 200 OK\r\n< Server: nginx\r\n< Content-Type: application\/json\r\n< Transfer-Encoding: chunked\r\n< Connection: keep-alive\r\n< Cache-Control: no-cache, private\r\n< Date: Sun, 13 Jul 2025 18:28:17 GMT\r\n< X-RateLimit-Limit: 1500\r\n< X-RateLimit-Remaining: 1498\r\n< Access-Control-Allow-Origin: *\r\n< Set-Cookie: arkesel_sms_messenger_session=1Tpc8HE1WlqGoGt2ReeLSsKi4bn7a0sd3w5ayj4T; expires=Sun, 13-Jul-2025 20:28:17 GMT; Max-Age=7200; path=\/; secure; httponly; samesite=lax\r\n< X-Frame-Options: SAMEORIGIN\r\n< \r\n* Connection #0 to host sms.arkesel.com left intact\n"
}
