{
    "time": "2025-07-19 00:17:53",
    "url": "https:\/\/sms.arkesel.com\/api\/v2\/sms\/send",
    "payload": {
        "sender": "MyFreeman",
        "message": "Hi Test, click on the link to complete your registration: http:\/\/localhost\/myfreeman\/views\/complete_registration.php?token=2f8a04a7904f3e505129504e2667ccf1",
        "recipients": [
            "233383884844"
        ]
    },
    "request_headers": [
        "api-key: cHZtY1B3SW5sZ05iUEJOVmZ1QXA",
        "Content-Type: application\/json",
        "Accept: application\/json"
    ],
    "http_status": 422,
    "response_headers": "HTTP\/1.1 422 Unprocessable Content\r\nServer: nginx\r\nContent-Type: application\/json\r\nTransfer-Encoding: chunked\r\nConnection: keep-alive\r\nCache-Control: no-cache, private\r\nDate: Fri, 18 Jul 2025 22:17:54 GMT\r\nX-RateLimit-Limit: 1500\r\nX-RateLimit-Remaining: 1499\r\nAccess-Control-Allow-Origin: *\r\nSet-Cookie: arkesel_sms_messenger_session=oM2mBg9ztLVX83K90NPZgjkiJcz40T4BYN5upUWO; expires=Sat, 19-Jul-2025 00:17:54 GMT; Max-Age=7200; path=\/; secure; httponly; samesite=lax\r\nX-Frame-Options: SAMEORIGIN\r\n\r\n",
    "response_body": "{\"message\":\"No valid number in recipients!\",\"status\":\"error\"}",
    "curl_error": "",
    "curl_info": {
        "total_time": 1.367444,
        "connect_time": 0.623194,
        "namelookup_time": 0.398446,
        "pretransfer_time": 1.018125,
        "starttransfer_time": 1.367402,
        "redirect_time": 0,
        "redirect_count": 0,
        "size_upload": 225,
        "size_download": 61,
        "speed_download": 44,
        "speed_upload": 164,
        "download_content_length": -1,
        "upload_content_length": 225,
        "content_type": "application\/json"
    },
    "verbose_log": "*   Trying 66.175.211.30:443...\n* Connected to sms.arkesel.com (66.175.211.30) port 443\n* ALPN: curl offers h2,http\/1.1\n*  CAfile: C:\\xampp\\apache\\bin\\curl-ca-bundle.crt\n*  CApath: none\n* SSL connection using TLSv1.3 \/ TLS_AES_256_GCM_SHA384\n* ALPN: server accepted http\/1.1\n* Server certificate:\n*  subject: CN=sms.arkesel.com\n*  start date: Jun  4 06:14:43 2025 GMT\n*  expire date: Sep  2 06:14:42 2025 GMT\n*  subjectAltName: host \"sms.arkesel.com\" matched cert's \"sms.arkesel.com\"\n*  issuer: C=US; O=Let's Encrypt; CN=E6\n*  SSL certificate verify ok.\n* using HTTP\/1.1\n> POST \/api\/v2\/sms\/send HTTP\/1.1\r\nHost: sms.arkesel.com\r\napi-key: cHZtY1B3SW5sZ05iUEJOVmZ1QXA\r\nContent-Type: application\/json\r\nAccept: application\/json\r\nContent-Length: 225\r\n\r\n< HTTP\/1.1 422 Unprocessable Content\r\n< Server: nginx\r\n< Content-Type: application\/json\r\n< Transfer-Encoding: chunked\r\n< Connection: keep-alive\r\n< Cache-Control: no-cache, private\r\n< Date: Fri, 18 Jul 2025 22:17:54 GMT\r\n< X-RateLimit-Limit: 1500\r\n< X-RateLimit-Remaining: 1499\r\n< Access-Control-Allow-Origin: *\r\n< Set-Cookie: arkesel_sms_messenger_session=oM2mBg9ztLVX83K90NPZgjkiJcz40T4BYN5upUWO; expires=Sat, 19-Jul-2025 00:17:54 GMT; Max-Age=7200; path=\/; secure; httponly; samesite=lax\r\n< X-Frame-Options: SAMEORIGIN\r\n< \r\n* Connection #0 to host sms.arkesel.com left intact\n"
}
{
    "time": "2025-07-19 00:17:54",
    "url": "https:\/\/sms.arkesel.com\/api\/v2\/sms\/send",
    "payload": {
        "sender": "MyFreeman",
        "message": "Hi Test, click on the link to complete your registration: http:\/\/localhost\/myfreeman\/views\/complete_registration.php?token=2f8a04a7904f3e505129504e2667ccf1",
        "recipients": [
            "233383884844"
        ]
    },
    "request_headers": [
        "api-key: cHZtY1B3SW5sZ05iUEJOVmZ1QXA",
        "Content-Type: application\/json",
        "Accept: application\/json"
    ],
    "http_status": 422,
    "response_headers": "HTTP\/1.1 422 Unprocessable Content\r\nServer: nginx\r\nContent-Type: application\/json\r\nTransfer-Encoding: chunked\r\nConnection: keep-alive\r\nCache-Control: no-cache, private\r\nDate: Fri, 18 Jul 2025 22:17:55 GMT\r\nX-RateLimit-Limit: 1500\r\nX-RateLimit-Remaining: 1498\r\nAccess-Control-Allow-Origin: *\r\nSet-Cookie: arkesel_sms_messenger_session=kXiUEN7gQYtkFsiIifDVAtki6l04BzkEpJub6F7b; expires=Sat, 19-Jul-2025 00:17:55 GMT; Max-Age=7200; path=\/; secure; httponly; samesite=lax\r\nX-Frame-Options: SAMEORIGIN\r\n\r\n",
    "response_body": "{\"message\":\"No valid number in recipients!\",\"status\":\"error\"}",
    "curl_error": "",
    "curl_info": {
        "total_time": 1.03024,
        "connect_time": 0.252148,
        "namelookup_time": 0.001775,
        "pretransfer_time": 0.649804,
        "starttransfer_time": 1.030214,
        "redirect_time": 0,
        "redirect_count": 0,
        "size_upload": 225,
        "size_download": 61,
        "speed_download": 59,
        "speed_upload": 218,
        "download_content_length": -1,
        "upload_content_length": 225,
        "content_type": "application\/json"
    },
    "verbose_log": "*   Trying 66.175.211.30:443...\n* Connected to sms.arkesel.com (66.175.211.30) port 443\n* ALPN: curl offers h2,http\/1.1\n*  CAfile: C:\\xampp\\apache\\bin\\curl-ca-bundle.crt\n*  CApath: none\n* SSL connection using TLSv1.3 \/ TLS_AES_256_GCM_SHA384\n* ALPN: server accepted http\/1.1\n* Server certificate:\n*  subject: CN=sms.arkesel.com\n*  start date: Jun  4 06:14:43 2025 GMT\n*  expire date: Sep  2 06:14:42 2025 GMT\n*  subjectAltName: host \"sms.arkesel.com\" matched cert's \"sms.arkesel.com\"\n*  issuer: C=US; O=Let's Encrypt; CN=E6\n*  SSL certificate verify ok.\n* using HTTP\/1.1\n> POST \/api\/v2\/sms\/send HTTP\/1.1\r\nHost: sms.arkesel.com\r\napi-key: cHZtY1B3SW5sZ05iUEJOVmZ1QXA\r\nContent-Type: application\/json\r\nAccept: application\/json\r\nContent-Length: 225\r\n\r\n< HTTP\/1.1 422 Unprocessable Content\r\n< Server: nginx\r\n< Content-Type: application\/json\r\n< Transfer-Encoding: chunked\r\n< Connection: keep-alive\r\n< Cache-Control: no-cache, private\r\n< Date: Fri, 18 Jul 2025 22:17:55 GMT\r\n< X-RateLimit-Limit: 1500\r\n< X-RateLimit-Remaining: 1498\r\n< Access-Control-Allow-Origin: *\r\n< Set-Cookie: arkesel_sms_messenger_session=kXiUEN7gQYtkFsiIifDVAtki6l04BzkEpJub6F7b; expires=Sat, 19-Jul-2025 00:17:55 GMT; Max-Age=7200; path=\/; secure; httponly; samesite=lax\r\n< X-Frame-Options: SAMEORIGIN\r\n< \r\n* Connection #0 to host sms.arkesel.com left intact\n"
}
{
    "time": "2025-07-19 00:18:53",
    "url": "https:\/\/sms.arkesel.com\/api\/v2\/sms\/send",
    "payload": {
        "sender": "MyFreeman",
        "message": "Dear Test, your registration is complete. CRN: FMC-A0302-KM, Password: 123456",
        "recipients": [
            "233383884844"
        ]
    },
    "request_headers": [
        "api-key: cHZtY1B3SW5sZ05iUEJOVmZ1QXA",
        "Content-Type: application\/json",
        "Accept: application\/json"
    ],
    "http_status": 422,
    "response_headers": "HTTP\/1.1 422 Unprocessable Content\r\nServer: nginx\r\nContent-Type: application\/json\r\nTransfer-Encoding: chunked\r\nConnection: keep-alive\r\nCache-Control: no-cache, private\r\nDate: Fri, 18 Jul 2025 22:18:53 GMT\r\nX-RateLimit-Limit: 1500\r\nX-RateLimit-Remaining: 1497\r\nAccess-Control-Allow-Origin: *\r\nSet-Cookie: arkesel_sms_messenger_session=O48JtyrSHGHsmtr3g82Qs0gTVoL1NL4ZqepXhTof; expires=Sat, 19-Jul-2025 00:18:53 GMT; Max-Age=7200; path=\/; secure; httponly; samesite=lax\r\nX-Frame-Options: SAMEORIGIN\r\n\r\n",
    "response_body": "{\"message\":\"No valid number in recipients!\",\"status\":\"error\"}",
    "curl_error": "",
    "curl_info": {
        "total_time": 1.11329,
        "connect_time": 0.318225,
        "namelookup_time": 0.001978,
        "pretransfer_time": 0.7602,
        "starttransfer_time": 1.113215,
        "redirect_time": 0,
        "redirect_count": 0,
        "size_upload": 142,
        "size_download": 61,
        "speed_download": 54,
        "speed_upload": 127,
        "download_content_length": -1,
        "upload_content_length": 142,
        "content_type": "application\/json"
    },
    "verbose_log": "*   Trying 66.175.211.30:443...\n* Connected to sms.arkesel.com (66.175.211.30) port 443\n* ALPN: curl offers h2,http\/1.1\n*  CAfile: C:\\xampp\\apache\\bin\\curl-ca-bundle.crt\n*  CApath: none\n* SSL connection using TLSv1.3 \/ TLS_AES_256_GCM_SHA384\n* ALPN: server accepted http\/1.1\n* Server certificate:\n*  subject: CN=sms.arkesel.com\n*  start date: Jun  4 06:14:43 2025 GMT\n*  expire date: Sep  2 06:14:42 2025 GMT\n*  subjectAltName: host \"sms.arkesel.com\" matched cert's \"sms.arkesel.com\"\n*  issuer: C=US; O=Let's Encrypt; CN=E6\n*  SSL certificate verify ok.\n* using HTTP\/1.1\n> POST \/api\/v2\/sms\/send HTTP\/1.1\r\nHost: sms.arkesel.com\r\napi-key: cHZtY1B3SW5sZ05iUEJOVmZ1QXA\r\nContent-Type: application\/json\r\nAccept: application\/json\r\nContent-Length: 142\r\n\r\n< HTTP\/1.1 422 Unprocessable Content\r\n< Server: nginx\r\n< Content-Type: application\/json\r\n< Transfer-Encoding: chunked\r\n< Connection: keep-alive\r\n< Cache-Control: no-cache, private\r\n< Date: Fri, 18 Jul 2025 22:18:53 GMT\r\n< X-RateLimit-Limit: 1500\r\n< X-RateLimit-Remaining: 1497\r\n< Access-Control-Allow-Origin: *\r\n< Set-Cookie: arkesel_sms_messenger_session=O48JtyrSHGHsmtr3g82Qs0gTVoL1NL4ZqepXhTof; expires=Sat, 19-Jul-2025 00:18:53 GMT; Max-Age=7200; path=\/; secure; httponly; samesite=lax\r\n< X-Frame-Options: SAMEORIGIN\r\n< \r\n* Connection #0 to host sms.arkesel.com left intact\n"
}
